2023-09-30 15:19:29,209.Smoker_producer.INFO ==================================================
2023-09-30 15:19:29,210.Smoker_producer.INFO Today is 2023-09-30 at 03:19 PM
2023-09-30 15:19:29,210.Smoker_producer.INFO Running on: nt Windows 10
2023-09-30 15:19:29,211.Smoker_producer.INFO Python version:  3.9.12
2023-09-30 15:19:29,211.Smoker_producer.INFO Python path: C:\Users\alhal\miniconda3
2023-09-30 15:19:29,211.Smoker_producer.INFO Working dir: C:\Users\alhal\OneDrive\Documents\44-671\streaming-05-smart-smoker
2023-09-30 15:19:29,211.Smoker_producer.INFO ==================================================
2023-09-30 15:19:29,237.Smoker_producer.INFO  [x] Sent b'05/22/21 12:20:15,84.2'
2023-09-30 15:19:29,245.Smoker_producer.INFO  [x] Sent b'05/22/21 12:20:15,No temperature'
2023-09-30 15:19:29,253.Smoker_producer.INFO  [x] Sent b'05/22/21 12:20:15,No temperature'
2023-09-30 15:19:30,268.Smoker_producer.INFO  [x] Sent b'05/22/21 12:20:20,84.2'
2023-09-30 15:19:30,274.Smoker_producer.INFO  [x] Sent b'05/22/21 12:20:20,No temperature'
2023-09-30 15:19:30,280.Smoker_producer.INFO  [x] Sent b'05/22/21 12:20:20,No temperature'
2023-09-30 15:19:31,292.Smoker_producer.INFO  [x] Sent b'05/22/21 12:21:10,87.6'
2023-09-30 15:19:31,298.Smoker_producer.INFO  [x] Sent b'05/22/21 12:21:10,No temperature'
2023-09-30 15:19:31,303.Smoker_producer.INFO  [x] Sent b'05/22/21 12:21:10,No temperature'
2023-09-30 15:19:32,317.Smoker_producer.INFO  [x] Sent b'05/22/21 12:21:15,87.6'
2023-09-30 15:19:32,323.Smoker_producer.INFO  [x] Sent b'05/22/21 12:21:15,No temperature'
2023-09-30 15:19:32,330.Smoker_producer.INFO  [x] Sent b'05/22/21 12:21:15,No temperature'
2023-09-30 15:19:33,349.Smoker_producer.INFO  [x] Sent b'05/22/21 12:22:10,86.3'
2023-09-30 15:19:33,356.Smoker_producer.INFO  [x] Sent b'05/22/21 12:22:10,No temperature'
2023-09-30 15:19:33,360.Smoker_producer.INFO  [x] Sent b'05/22/21 12:22:10,No temperature'
2023-09-30 15:19:34,370.Smoker_producer.INFO  [x] Sent b'05/22/21 12:22:15,86.3'
2023-09-30 15:19:34,378.Smoker_producer.INFO  [x] Sent b'05/22/21 12:22:15,No temperature'
2023-09-30 15:19:34,385.Smoker_producer.INFO  [x] Sent b'05/22/21 12:22:15,No temperature'
2023-09-30 15:19:35,399.Smoker_producer.INFO  [x] Sent b'05/22/21 12:23:10,92.0'
2023-09-30 15:19:35,406.Smoker_producer.INFO  [x] Sent b'05/22/21 12:23:10,No temperature'
2023-09-30 15:19:35,411.Smoker_producer.INFO  [x] Sent b'05/22/21 12:23:10,No temperature'
2023-09-30 15:19:36,425.Smoker_producer.INFO  [x] Sent b'05/22/21 12:23:15,92.0'
2023-09-30 15:19:36,434.Smoker_producer.INFO  [x] Sent b'05/22/21 12:23:15,No temperature'
2023-09-30 15:19:36,440.Smoker_producer.INFO  [x] Sent b'05/22/21 12:23:15,No temperature'
2023-09-30 15:19:37,452.Smoker_producer.INFO  [x] Sent b'05/22/21 12:24:10,96.8'
2023-09-30 15:19:37,458.Smoker_producer.INFO  [x] Sent b'05/22/21 12:24:10,No temperature'
2023-09-30 15:19:37,463.Smoker_producer.INFO  [x] Sent b'05/22/21 12:24:10,No temperature'
2023-09-30 15:19:38,478.Smoker_producer.INFO  [x] Sent b'05/22/21 12:24:15,96.8'
2023-09-30 15:19:38,484.Smoker_producer.INFO  [x] Sent b'05/22/21 12:24:15,No temperature'
2023-09-30 15:19:38,493.Smoker_producer.INFO  [x] Sent b'05/22/21 12:24:15,No temperature'
2023-09-30 15:19:39,505.Smoker_producer.INFO  [x] Sent b'05/22/21 12:25:05,100.6'
2023-09-30 15:19:39,511.Smoker_producer.INFO  [x] Sent b'05/22/21 12:25:05,No temperature'
2023-09-30 15:19:39,519.Smoker_producer.INFO  [x] Sent b'05/22/21 12:25:05,No temperature'
2023-09-30 15:19:40,538.Smoker_producer.INFO  [x] Sent b'05/22/21 12:25:10,100.9'
2023-09-30 15:19:40,548.Smoker_producer.INFO  [x] Sent b'05/22/21 12:25:10,No temperature'
2023-09-30 15:19:40,555.Smoker_producer.INFO  [x] Sent b'05/22/21 12:25:10,No temperature'
2023-09-30 15:19:41,579.Smoker_producer.INFO  [x] Sent b'05/22/21 12:25:15,100.9'
2023-09-30 15:19:41,592.Smoker_producer.INFO  [x] Sent b'05/22/21 12:25:15,No temperature'
2023-09-30 15:19:41,603.Smoker_producer.INFO  [x] Sent b'05/22/21 12:25:15,No temperature'
2023-09-30 15:19:42,619.Smoker_producer.INFO  [x] Sent b'05/22/21 12:26:10,104.8'
2023-09-30 15:19:42,627.Smoker_producer.INFO  [x] Sent b'05/22/21 12:26:10,No temperature'
2023-09-30 15:19:42,634.Smoker_producer.INFO  [x] Sent b'05/22/21 12:26:10,No temperature'
2023-09-30 15:19:43,646.Smoker_producer.INFO  [x] Sent b'05/22/21 12:26:15,104.8'
2023-09-30 15:19:43,657.Smoker_producer.INFO  [x] Sent b'05/22/21 12:26:15,No temperature'
2023-09-30 15:19:43,668.Smoker_producer.INFO  [x] Sent b'05/22/21 12:26:15,No temperature'
2023-09-30 15:19:44,688.Smoker_producer.INFO  [x] Sent b'05/22/21 12:27:10,108.2'
2023-09-30 15:19:44,695.Smoker_producer.INFO  [x] Sent b'05/22/21 12:27:10,No temperature'
2023-09-30 15:19:44,702.Smoker_producer.INFO  [x] Sent b'05/22/21 12:27:10,No temperature'
2023-09-30 15:19:45,719.Smoker_producer.INFO  [x] Sent b'05/22/21 12:27:15,108.2'
2023-09-30 15:19:45,729.Smoker_producer.INFO  [x] Sent b'05/22/21 12:27:15,No temperature'
2023-09-30 15:19:45,736.Smoker_producer.INFO  [x] Sent b'05/22/21 12:27:15,No temperature'
2023-09-30 15:19:46,760.Smoker_producer.INFO  [x] Sent b'05/22/21 12:28:10,111.4'
2023-09-30 15:19:46,771.Smoker_producer.INFO  [x] Sent b'05/22/21 12:28:10,No temperature'
2023-09-30 15:19:46,778.Smoker_producer.INFO  [x] Sent b'05/22/21 12:28:10,No temperature'
2023-09-30 15:19:47,790.Smoker_producer.INFO  [x] Sent b'05/22/21 12:28:15,111.4'
2023-09-30 15:19:47,800.Smoker_producer.INFO  [x] Sent b'05/22/21 12:28:15,No temperature'
2023-09-30 15:19:47,808.Smoker_producer.INFO  [x] Sent b'05/22/21 12:28:15,No temperature'
2023-09-30 15:19:48,820.Smoker_producer.INFO  [x] Sent b'05/22/21 12:29:10,114.2'
2023-09-30 15:19:48,828.Smoker_producer.INFO  [x] Sent b'05/22/21 12:29:10,No temperature'
2023-09-30 15:19:48,833.Smoker_producer.INFO  [x] Sent b'05/22/21 12:29:10,No temperature'
2023-09-30 15:19:49,849.Smoker_producer.INFO  [x] Sent b'05/22/21 12:29:15,114.2'
2023-09-30 15:19:49,856.Smoker_producer.INFO  [x] Sent b'05/22/21 12:29:15,No temperature'
2023-09-30 15:19:49,864.Smoker_producer.INFO  [x] Sent b'05/22/21 12:29:15,No temperature'
2023-09-30 15:19:50,887.Smoker_producer.INFO  [x] Sent b'05/22/21 12:30:10,116.9'
2023-09-30 15:19:50,898.Smoker_producer.INFO  [x] Sent b'05/22/21 12:30:10,No temperature'
2023-09-30 15:19:50,904.Smoker_producer.INFO  [x] Sent b'05/22/21 12:30:10,No temperature'
2023-09-30 15:19:51,912.Smoker_producer.INFO  [x] Sent b'05/22/21 12:30:15,116.9'
2023-09-30 15:19:51,919.Smoker_producer.INFO  [x] Sent b'05/22/21 12:30:15,No temperature'
2023-09-30 15:19:51,928.Smoker_producer.INFO  [x] Sent b'05/22/21 12:30:15,No temperature'
2023-09-30 15:19:52,953.Smoker_producer.INFO  [x] Sent b'05/22/21 12:31:10,119.4'
2023-09-30 15:19:52,964.Smoker_producer.INFO  [x] Sent b'05/22/21 12:31:10,No temperature'
2023-09-30 15:19:52,975.Smoker_producer.INFO  [x] Sent b'05/22/21 12:31:10,No temperature'
2023-09-30 15:19:53,991.Smoker_producer.INFO  [x] Sent b'05/22/21 12:31:15,119.4'
2023-09-30 15:19:54,000.Smoker_producer.INFO  [x] Sent b'05/22/21 12:31:15,No temperature'
2023-09-30 15:19:54,008.Smoker_producer.INFO  [x] Sent b'05/22/21 12:31:15,No temperature'
2023-09-30 15:19:55,022.Smoker_producer.INFO  [x] Sent b'05/22/21 12:32:10,120.1'
2023-09-30 15:19:55,033.Smoker_producer.INFO  [x] Sent b'05/22/21 12:32:10,No temperature'
2023-09-30 15:19:55,040.Smoker_producer.INFO  [x] Sent b'05/22/21 12:32:10,No temperature'
2023-09-30 15:19:56,067.Smoker_producer.INFO  [x] Sent b'05/22/21 12:32:15,120.1'
2023-09-30 15:19:56,077.Smoker_producer.INFO  [x] Sent b'05/22/21 12:32:15,No temperature'
2023-09-30 15:19:56,086.Smoker_producer.INFO  [x] Sent b'05/22/21 12:32:15,No temperature'
2023-09-30 15:19:57,099.Smoker_producer.INFO  [x] Sent b'05/22/21 12:33:10,106.2'
2023-09-30 15:19:57,107.Smoker_producer.INFO  [x] Sent b'05/22/21 12:33:10,No temperature'
2023-09-30 15:19:57,118.Smoker_producer.INFO  [x] Sent b'05/22/21 12:33:10,No temperature'
2023-09-30 15:19:58,139.Smoker_producer.INFO  [x] Sent b'05/22/21 12:33:15,106.2'
2023-09-30 15:19:58,150.Smoker_producer.INFO  [x] Sent b'05/22/21 12:33:15,No temperature'
2023-09-30 15:19:58,162.Smoker_producer.INFO  [x] Sent b'05/22/21 12:33:15,No temperature'
2023-09-30 15:19:59,181.Smoker_producer.INFO  [x] Sent b'05/22/21 12:34:10,103.5'
2023-09-30 15:19:59,191.Smoker_producer.INFO  [x] Sent b'05/22/21 12:34:10,No temperature'
2023-09-30 15:19:59,199.Smoker_producer.INFO  [x] Sent b'05/22/21 12:34:10,No temperature'
2023-09-30 15:20:00,209.Smoker_producer.INFO  [x] Sent b'05/22/21 12:34:15,103.5'
2023-09-30 15:20:00,219.Smoker_producer.INFO  [x] Sent b'05/22/21 12:34:15,No temperature'
2023-09-30 15:20:00,240.Smoker_producer.INFO  [x] Sent b'05/22/21 12:34:15,No temperature'
2023-09-30 15:20:01,250.Smoker_producer.INFO  [x] Sent b'05/22/21 12:35:10,105.3'
2023-09-30 15:20:01,260.Smoker_producer.INFO  [x] Sent b'05/22/21 12:35:10,No temperature'
2023-09-30 15:20:01,268.Smoker_producer.INFO  [x] Sent b'05/22/21 12:35:10,No temperature'
2023-09-30 15:20:02,280.Smoker_producer.INFO  [x] Sent b'05/22/21 12:35:15,105.3'
2023-09-30 15:20:02,289.Smoker_producer.INFO  [x] Sent b'05/22/21 12:35:15,No temperature'
2023-09-30 15:20:02,294.Smoker_producer.INFO  [x] Sent b'05/22/21 12:35:15,No temperature'
2023-09-30 15:20:03,313.Smoker_producer.INFO  [x] Sent b'05/22/21 12:36:10,106.9'
2023-09-30 15:20:03,321.Smoker_producer.INFO  [x] Sent b'05/22/21 12:36:10,No temperature'
2023-09-30 15:20:03,327.Smoker_producer.INFO  [x] Sent b'05/22/21 12:36:10,No temperature'
2023-09-30 15:20:04,339.Smoker_producer.INFO  [x] Sent b'05/22/21 12:36:15,106.9'
2023-09-30 15:20:04,348.Smoker_producer.INFO  [x] Sent b'05/22/21 12:36:15,No temperature'
2023-09-30 15:20:04,357.Smoker_producer.INFO  [x] Sent b'05/22/21 12:36:15,No temperature'
2023-09-30 15:20:05,382.Smoker_producer.INFO  [x] Sent b'05/22/21 12:37:10,111.9'
2023-09-30 15:20:05,393.Smoker_producer.INFO  [x] Sent b'05/22/21 12:37:10,No temperature'
2023-09-30 15:20:05,401.Smoker_producer.INFO  [x] Sent b'05/22/21 12:37:10,No temperature'
2023-09-30 15:20:06,420.Smoker_producer.INFO  [x] Sent b'05/22/21 12:37:15,111.9'
2023-09-30 15:20:06,427.Smoker_producer.INFO  [x] Sent b'05/22/21 12:37:15,No temperature'
2023-09-30 15:20:06,433.Smoker_producer.INFO  [x] Sent b'05/22/21 12:37:15,No temperature'
2023-09-30 15:20:07,447.Smoker_producer.INFO  [x] Sent b'05/22/21 12:38:10,114.2'
2023-09-30 15:20:07,457.Smoker_producer.INFO  [x] Sent b'05/22/21 12:38:10,No temperature'
2023-09-30 15:20:07,466.Smoker_producer.INFO  [x] Sent b'05/22/21 12:38:10,No temperature'
2023-09-30 15:20:08,481.Smoker_producer.INFO  [x] Sent b'05/22/21 12:38:15,114.2'
2023-09-30 15:20:08,491.Smoker_producer.INFO  [x] Sent b'05/22/21 12:38:15,No temperature'
2023-09-30 15:20:08,525.Smoker_producer.INFO  [x] Sent b'05/22/21 12:38:15,No temperature'
2023-09-30 15:20:09,552.Smoker_producer.INFO  [x] Sent b'05/22/21 12:39:10,115.5'
2023-09-30 15:20:09,562.Smoker_producer.INFO  [x] Sent b'05/22/21 12:39:10,No temperature'
2023-09-30 15:20:09,567.Smoker_producer.INFO  [x] Sent b'05/22/21 12:39:10,No temperature'
2023-09-30 15:20:10,583.Smoker_producer.INFO  [x] Sent b'05/22/21 12:39:15,115.5'
2023-09-30 15:20:10,593.Smoker_producer.INFO  [x] Sent b'05/22/21 12:39:15,No temperature'
2023-09-30 15:20:10,601.Smoker_producer.INFO  [x] Sent b'05/22/21 12:39:15,No temperature'
2023-09-30 15:20:11,627.Smoker_producer.INFO  [x] Sent b'05/22/21 12:40:10,112.6'
2023-09-30 15:20:11,640.Smoker_producer.INFO  [x] Sent b'05/22/21 12:40:10,No temperature'
2023-09-30 15:20:11,655.Smoker_producer.INFO  [x] Sent b'05/22/21 12:40:10,No temperature'
2023-09-30 15:20:12,682.Smoker_producer.INFO  [x] Sent b'05/22/21 12:40:15,112.6'
2023-09-30 15:20:12,696.Smoker_producer.INFO  [x] Sent b'05/22/21 12:40:15,No temperature'
2023-09-30 15:20:12,703.Smoker_producer.INFO  [x] Sent b'05/22/21 12:40:15,No temperature'
2023-09-30 15:20:13,724.Smoker_producer.INFO  [x] Sent b'05/22/21 12:41:10,118.8'
2023-09-30 15:20:13,735.Smoker_producer.INFO  [x] Sent b'05/22/21 12:41:10,No temperature'
2023-09-30 15:20:13,744.Smoker_producer.INFO  [x] Sent b'05/22/21 12:41:10,No temperature'
2023-09-30 15:20:14,759.Smoker_producer.INFO  [x] Sent b'05/22/21 12:41:15,118.8'
2023-09-30 15:20:14,769.Smoker_producer.INFO  [x] Sent b'05/22/21 12:41:15,No temperature'
2023-09-30 15:20:14,779.Smoker_producer.INFO  [x] Sent b'05/22/21 12:41:15,No temperature'
2023-09-30 15:20:15,798.Smoker_producer.INFO  [x] Sent b'05/22/21 12:42:10,113.2'
2023-09-30 15:20:15,806.Smoker_producer.INFO  [x] Sent b'05/22/21 12:42:10,No temperature'
2023-09-30 15:20:15,814.Smoker_producer.INFO  [x] Sent b'05/22/21 12:42:10,No temperature'
2023-09-30 15:20:16,829.Smoker_producer.INFO  [x] Sent b'05/22/21 12:42:15,113.2'
2023-09-30 15:20:16,837.Smoker_producer.INFO  [x] Sent b'05/22/21 12:42:15,No temperature'
2023-09-30 15:20:16,849.Smoker_producer.INFO  [x] Sent b'05/22/21 12:42:15,No temperature'
2023-09-30 15:20:17,869.Smoker_producer.INFO  [x] Sent b'05/22/21 12:43:10,126.7'
2023-09-30 15:20:17,878.Smoker_producer.INFO  [x] Sent b'05/22/21 12:43:10,No temperature'
2023-09-30 15:20:17,886.Smoker_producer.INFO  [x] Sent b'05/22/21 12:43:10,No temperature'
2023-09-30 15:20:18,910.Smoker_producer.INFO  [x] Sent b'05/22/21 12:43:15,126.7'
2023-09-30 15:20:18,921.Smoker_producer.INFO  [x] Sent b'05/22/21 12:43:15,No temperature'
2023-09-30 15:20:18,926.Smoker_producer.INFO  [x] Sent b'05/22/21 12:43:15,No temperature'
2023-09-30 15:20:19,947.Smoker_producer.INFO  [x] Sent b'05/22/21 12:44:10,130.0'
2023-09-30 15:20:19,957.Smoker_producer.INFO  [x] Sent b'05/22/21 12:44:10,No temperature'
2023-09-30 15:20:19,966.Smoker_producer.INFO  [x] Sent b'05/22/21 12:44:10,No temperature'
2023-09-30 15:20:20,983.Smoker_producer.INFO  [x] Sent b'05/22/21 12:44:15,130.0'
2023-09-30 15:20:20,993.Smoker_producer.INFO  [x] Sent b'05/22/21 12:44:15,No temperature'
2023-09-30 15:20:21,000.Smoker_producer.INFO  [x] Sent b'05/22/21 12:44:15,No temperature'
2023-09-30 15:20:22,014.Smoker_producer.INFO  [x] Sent b'05/22/21 12:45:10,130.0'
2023-09-30 15:20:22,022.Smoker_producer.INFO  [x] Sent b'05/22/21 12:45:10,No temperature'
2023-09-30 15:20:22,029.Smoker_producer.INFO  [x] Sent b'05/22/21 12:45:10,No temperature'
2023-09-30 15:20:23,052.Smoker_producer.INFO  [x] Sent b'05/22/21 12:45:15,130.0'
2023-09-30 15:20:23,063.Smoker_producer.INFO  [x] Sent b'05/22/21 12:45:15,No temperature'
2023-09-30 15:20:23,072.Smoker_producer.INFO  [x] Sent b'05/22/21 12:45:15,No temperature'
2023-09-30 15:20:24,095.Smoker_producer.INFO  [x] Sent b'05/22/21 12:46:10,137.3'
2023-09-30 15:20:24,105.Smoker_producer.INFO  [x] Sent b'05/22/21 12:46:10,No temperature'
2023-09-30 15:20:24,112.Smoker_producer.INFO  [x] Sent b'05/22/21 12:46:10,No temperature'
2023-09-30 15:20:25,121.Smoker_producer.INFO  [x] Sent b'05/22/21 12:46:15,137.3'
2023-09-30 15:20:25,132.Smoker_producer.INFO  [x] Sent b'05/22/21 12:46:15,No temperature'
2023-09-30 15:20:25,139.Smoker_producer.INFO  [x] Sent b'05/22/21 12:46:15,No temperature'
2023-09-30 15:20:26,152.Smoker_producer.INFO  [x] Sent b'05/22/21 12:47:10,139.5'
2023-09-30 15:20:26,166.Smoker_producer.INFO  [x] Sent b'05/22/21 12:47:10,No temperature'
2023-09-30 15:20:26,172.Smoker_producer.INFO  [x] Sent b'05/22/21 12:47:10,No temperature'
2023-09-30 15:20:27,184.Smoker_producer.INFO  [x] Sent b'05/22/21 12:47:15,139.5'
2023-09-30 15:20:27,195.Smoker_producer.INFO  [x] Sent b'05/22/21 12:47:15,No temperature'
2023-09-30 15:20:27,202.Smoker_producer.INFO  [x] Sent b'05/22/21 12:47:15,No temperature'
2023-09-30 15:20:28,225.Smoker_producer.INFO  [x] Sent b'05/22/21 12:48:10,141.8'
2023-09-30 15:20:28,234.Smoker_producer.INFO  [x] Sent b'05/22/21 12:48:10,No temperature'
2023-09-30 15:20:28,239.Smoker_producer.INFO  [x] Sent b'05/22/21 12:48:10,No temperature'
2023-09-30 15:20:29,261.Smoker_producer.INFO  [x] Sent b'05/22/21 12:48:15,141.8'
2023-09-30 15:20:29,275.Smoker_producer.INFO  [x] Sent b'05/22/21 12:48:15,No temperature'
2023-09-30 15:20:29,282.Smoker_producer.INFO  [x] Sent b'05/22/21 12:48:15,No temperature'
2023-09-30 15:20:30,298.Smoker_producer.INFO  [x] Sent b'05/22/21 12:49:10,143.6'
2023-09-30 15:20:30,310.Smoker_producer.INFO  [x] Sent b'05/22/21 12:49:10,No temperature'
2023-09-30 15:20:30,315.Smoker_producer.INFO  [x] Sent b'05/22/21 12:49:10,No temperature'
2023-09-30 15:20:31,327.Smoker_producer.INFO  [x] Sent b'05/22/21 12:49:15,143.6'
2023-09-30 15:20:31,336.Smoker_producer.INFO  [x] Sent b'05/22/21 12:49:15,No temperature'
2023-09-30 15:20:31,346.Smoker_producer.INFO  [x] Sent b'05/22/21 12:49:15,No temperature'
2023-09-30 15:20:32,362.Smoker_producer.INFO  [x] Sent b'05/22/21 12:50:10,145.0'
2023-09-30 15:20:32,370.Smoker_producer.INFO  [x] Sent b'05/22/21 12:50:10,No temperature'
2023-09-30 15:20:32,382.Smoker_producer.INFO  [x] Sent b'05/22/21 12:50:10,No temperature'
2023-09-30 15:20:33,405.Smoker_producer.INFO  [x] Sent b'05/22/21 12:50:15,145.0'
2023-09-30 15:20:33,418.Smoker_producer.INFO  [x] Sent b'05/22/21 12:50:15,No temperature'
2023-09-30 15:20:33,424.Smoker_producer.INFO  [x] Sent b'05/22/21 12:50:15,No temperature'
2023-09-30 15:20:34,432.Smoker_producer.INFO  [x] Sent b'05/22/21 12:51:10,146.2'
2023-09-30 15:20:34,440.Smoker_producer.INFO  [x] Sent b'05/22/21 12:51:10,No temperature'
2023-09-30 15:20:34,448.Smoker_producer.INFO  [x] Sent b'05/22/21 12:51:10,No temperature'
2023-09-30 15:20:35,474.Smoker_producer.INFO  [x] Sent b'05/22/21 12:51:15,146.2'
2023-09-30 15:20:35,485.Smoker_producer.INFO  [x] Sent b'05/22/21 12:51:15,No temperature'
2023-09-30 15:20:35,518.Smoker_producer.INFO  [x] Sent b'05/22/21 12:51:15,No temperature'
2023-09-30 15:20:36,530.Smoker_producer.INFO  [x] Sent b'05/22/21 12:52:10,147.5'
2023-09-30 15:20:36,540.Smoker_producer.INFO  [x] Sent b'05/22/21 12:52:10,No temperature'
2023-09-30 15:20:36,548.Smoker_producer.INFO  [x] Sent b'05/22/21 12:52:10,No temperature'
2023-09-30 15:20:37,559.Smoker_producer.INFO  [x] Sent b'05/22/21 12:52:15,147.5'
2023-09-30 15:20:37,571.Smoker_producer.INFO  [x] Sent b'05/22/21 12:52:15,No temperature'
2023-09-30 15:20:37,578.Smoker_producer.INFO  [x] Sent b'05/22/21 12:52:15,No temperature'
2023-09-30 15:20:38,591.Smoker_producer.INFO  [x] Sent b'05/22/21 12:53:10,148.7'
2023-09-30 15:20:38,618.Smoker_producer.INFO  [x] Sent b'05/22/21 12:53:10,No temperature'
2023-09-30 15:20:38,627.Smoker_producer.INFO  [x] Sent b'05/22/21 12:53:10,No temperature'
2023-09-30 15:20:39,647.Smoker_producer.INFO  [x] Sent b'05/22/21 12:53:15,148.7'
2023-09-30 15:20:39,656.Smoker_producer.INFO  [x] Sent b'05/22/21 12:53:15,No temperature'
2023-09-30 15:20:39,664.Smoker_producer.INFO  [x] Sent b'05/22/21 12:53:15,No temperature'
2023-09-30 15:20:40,677.Smoker_producer.INFO  [x] Sent b'05/22/21 12:54:10,149.9'
2023-09-30 15:20:40,687.Smoker_producer.INFO  [x] Sent b'05/22/21 12:54:10,No temperature'
2023-09-30 15:20:40,695.Smoker_producer.INFO  [x] Sent b'05/22/21 12:54:10,No temperature'
2023-09-30 15:20:41,709.Smoker_producer.INFO  [x] Sent b'05/22/21 12:54:15,149.9'
2023-09-30 15:20:41,719.Smoker_producer.INFO  [x] Sent b'05/22/21 12:54:15,No temperature'
2023-09-30 15:20:41,725.Smoker_producer.INFO  [x] Sent b'05/22/21 12:54:15,No temperature'
2023-09-30 15:20:42,764.Smoker_producer.INFO  [x] Sent b'05/22/21 12:55:05,151.1'
2023-09-30 15:20:42,773.Smoker_producer.INFO  [x] Sent b'05/22/21 12:55:05,No temperature'
2023-09-30 15:20:42,780.Smoker_producer.INFO  [x] Sent b'05/22/21 12:55:05,No temperature'
2023-09-30 15:20:43,801.Smoker_producer.INFO  [x] Sent b'05/22/21 12:55:10,151.2'
2023-09-30 15:20:43,809.Smoker_producer.INFO  [x] Sent b'05/22/21 12:55:10,No temperature'
2023-09-30 15:20:43,815.Smoker_producer.INFO  [x] Sent b'05/22/21 12:55:10,No temperature'
2023-09-30 15:20:44,830.Smoker_producer.INFO  [x] Sent b'05/22/21 12:55:15,151.2'
2023-09-30 15:20:44,838.Smoker_producer.INFO  [x] Sent b'05/22/21 12:55:15,No temperature'
2023-09-30 15:20:44,860.Smoker_producer.INFO  [x] Sent b'05/22/21 12:55:15,No temperature'
2023-09-30 15:20:45,869.Smoker_producer.INFO  [x] Sent b'05/22/21 12:56:10,152.4'
2023-09-30 15:20:45,876.Smoker_producer.INFO  [x] Sent b'05/22/21 12:56:10,No temperature'
2023-09-30 15:20:45,884.Smoker_producer.INFO  [x] Sent b'05/22/21 12:56:10,No temperature'
2023-09-30 15:20:46,902.Smoker_producer.INFO  [x] Sent b'05/22/21 12:56:15,152.4'
2023-09-30 15:20:46,910.Smoker_producer.INFO  [x] Sent b'05/22/21 12:56:15,No temperature'
2023-09-30 15:20:46,918.Smoker_producer.INFO  [x] Sent b'05/22/21 12:56:15,No temperature'
2023-09-30 15:20:47,932.Smoker_producer.INFO  [x] Sent b'05/22/21 12:57:10,153.4'
2023-09-30 15:20:47,939.Smoker_producer.INFO  [x] Sent b'05/22/21 12:57:10,No temperature'
2023-09-30 15:20:47,944.Smoker_producer.INFO  [x] Sent b'05/22/21 12:57:10,No temperature'
2023-09-30 15:20:48,962.Smoker_producer.INFO  [x] Sent b'05/22/21 12:57:15,153.4'
2023-09-30 15:20:48,972.Smoker_producer.INFO  [x] Sent b'05/22/21 12:57:15,No temperature'
2023-09-30 15:20:48,980.Smoker_producer.INFO  [x] Sent b'05/22/21 12:57:15,No temperature'
2023-09-30 15:20:50,001.Smoker_producer.INFO  [x] Sent b'05/22/21 12:58:10,154.5'
2023-09-30 15:20:50,011.Smoker_producer.INFO  [x] Sent b'05/22/21 12:58:10,No temperature'
2023-09-30 15:20:50,020.Smoker_producer.INFO  [x] Sent b'05/22/21 12:58:10,No temperature'
2023-09-30 15:20:51,045.Smoker_producer.INFO  [x] Sent b'05/22/21 12:58:15,154.5'
2023-09-30 15:20:51,054.Smoker_producer.INFO  [x] Sent b'05/22/21 12:58:15,No temperature'
2023-09-30 15:20:51,063.Smoker_producer.INFO  [x] Sent b'05/22/21 12:58:15,No temperature'
2023-09-30 15:20:52,081.Smoker_producer.INFO  [x] Sent b'05/22/21 12:59:10,155.6'
2023-09-30 15:20:52,093.Smoker_producer.INFO  [x] Sent b'05/22/21 12:59:10,No temperature'
2023-09-30 15:20:52,106.Smoker_producer.INFO  [x] Sent b'05/22/21 12:59:10,No temperature'
2023-09-30 15:20:53,133.Smoker_producer.INFO  [x] Sent b'05/22/21 12:59:15,155.6'
2023-09-30 15:20:53,145.Smoker_producer.INFO  [x] Sent b'05/22/21 12:59:15,No temperature'
2023-09-30 15:20:53,153.Smoker_producer.INFO  [x] Sent b'05/22/21 12:59:15,No temperature'
2023-09-30 15:20:54,166.Smoker_producer.INFO  [x] Sent b'05/22/21 13:00:10,156.5'
2023-09-30 15:20:54,175.Smoker_producer.INFO  [x] Sent b'05/22/21 13:00:10,No temperature'
2023-09-30 15:20:54,182.Smoker_producer.INFO  [x] Sent b'05/22/21 13:00:10,No temperature'
2023-09-30 15:20:55,206.Smoker_producer.INFO  [x] Sent b'05/22/21 13:00:15,156.5'
2023-09-30 15:20:55,216.Smoker_producer.INFO  [x] Sent b'05/22/21 13:00:15,No temperature'
2023-09-30 15:20:55,226.Smoker_producer.INFO  [x] Sent b'05/22/21 13:00:15,No temperature'
2023-09-30 15:20:56,246.Smoker_producer.INFO  [x] Sent b'05/22/21 13:01:10,157.8'
2023-09-30 15:20:56,256.Smoker_producer.INFO  [x] Sent b'05/22/21 13:01:10,No temperature'
2023-09-30 15:20:56,263.Smoker_producer.INFO  [x] Sent b'05/22/21 13:01:10,No temperature'
2023-09-30 15:20:57,283.Smoker_producer.INFO  [x] Sent b'05/22/21 13:01:15,157.8'
2023-09-30 15:20:57,292.Smoker_producer.INFO  [x] Sent b'05/22/21 13:01:15,No temperature'
2023-09-30 15:20:57,300.Smoker_producer.INFO  [x] Sent b'05/22/21 13:01:15,No temperature'
2023-09-30 15:20:58,325.Smoker_producer.INFO  [x] Sent b'05/22/21 13:02:10,158.8'
2023-09-30 15:20:58,336.Smoker_producer.INFO  [x] Sent b'05/22/21 13:02:10,No temperature'
2023-09-30 15:20:58,345.Smoker_producer.INFO  [x] Sent b'05/22/21 13:02:10,No temperature'
2023-09-30 15:20:59,364.Smoker_producer.INFO  [x] Sent b'05/22/21 13:02:15,158.8'
2023-09-30 15:20:59,374.Smoker_producer.INFO  [x] Sent b'05/22/21 13:02:15,No temperature'
2023-09-30 15:20:59,383.Smoker_producer.INFO  [x] Sent b'05/22/21 13:02:15,No temperature'
2023-09-30 15:21:00,394.Smoker_producer.INFO  [x] Sent b'05/22/21 13:03:10,159.9'
2023-09-30 15:21:00,404.Smoker_producer.INFO  [x] Sent b'05/22/21 13:03:10,No temperature'
2023-09-30 15:21:00,413.Smoker_producer.INFO  [x] Sent b'05/22/21 13:03:10,No temperature'
2023-09-30 15:21:01,436.Smoker_producer.INFO  [x] Sent b'05/22/21 13:03:15,159.9'
2023-09-30 15:21:01,446.Smoker_producer.INFO  [x] Sent b'05/22/21 13:03:15,No temperature'
2023-09-30 15:21:01,454.Smoker_producer.INFO  [x] Sent b'05/22/21 13:03:15,No temperature'
2023-09-30 15:21:02,470.Smoker_producer.INFO  [x] Sent b'05/22/21 13:04:10,160.7'
2023-09-30 15:21:02,500.Smoker_producer.INFO  [x] Sent b'05/22/21 13:04:10,No temperature'
2023-09-30 15:21:02,508.Smoker_producer.INFO  [x] Sent b'05/22/21 13:04:10,No temperature'
2023-09-30 15:21:03,527.Smoker_producer.INFO  [x] Sent b'05/22/21 13:04:15,160.7'
2023-09-30 15:21:03,535.Smoker_producer.INFO  [x] Sent b'05/22/21 13:04:15,No temperature'
2023-09-30 15:21:03,542.Smoker_producer.INFO  [x] Sent b'05/22/21 13:04:15,No temperature'
2023-09-30 15:21:04,565.Smoker_producer.INFO  [x] Sent b'05/22/21 13:05:10,161.9'
2023-09-30 15:21:04,573.Smoker_producer.INFO  [x] Sent b'05/22/21 13:05:10,No temperature'
2023-09-30 15:21:04,580.Smoker_producer.INFO  [x] Sent b'05/22/21 13:05:10,No temperature'
2023-09-30 15:21:05,592.Smoker_producer.INFO  [x] Sent b'05/22/21 13:05:15,161.9'
2023-09-30 15:21:05,601.Smoker_producer.INFO  [x] Sent b'05/22/21 13:05:15,No temperature'
2023-09-30 15:21:05,608.Smoker_producer.INFO  [x] Sent b'05/22/21 13:05:15,No temperature'
2023-09-30 15:21:06,618.Smoker_producer.INFO  [x] Sent b'05/22/21 13:06:10,163.1'
2023-09-30 15:21:06,625.Smoker_producer.INFO  [x] Sent b'05/22/21 13:06:10,No temperature'
2023-09-30 15:21:06,632.Smoker_producer.INFO  [x] Sent b'05/22/21 13:06:10,No temperature'
2023-09-30 15:21:07,644.Smoker_producer.INFO  [x] Sent b'05/22/21 13:06:15,163.1'
2023-09-30 15:21:07,652.Smoker_producer.INFO  [x] Sent b'05/22/21 13:06:15,No temperature'
2023-09-30 15:21:07,659.Smoker_producer.INFO  [x] Sent b'05/22/21 13:06:15,No temperature'
2023-09-30 15:21:08,680.Smoker_producer.INFO  [x] Sent b'05/22/21 13:07:10,164.3'
2023-09-30 15:21:08,691.Smoker_producer.INFO  [x] Sent b'05/22/21 13:07:10,No temperature'
2023-09-30 15:21:08,699.Smoker_producer.INFO  [x] Sent b'05/22/21 13:07:10,No temperature'
2023-09-30 15:21:09,722.Smoker_producer.INFO  [x] Sent b'05/22/21 13:07:15,164.3'
2023-09-30 15:21:09,731.Smoker_producer.INFO  [x] Sent b'05/22/21 13:07:15,No temperature'
2023-09-30 15:21:09,739.Smoker_producer.INFO  [x] Sent b'05/22/21 13:07:15,No temperature'
2023-09-30 15:21:10,754.Smoker_producer.INFO  [x] Sent b'05/22/21 13:08:10,165.6'
2023-09-30 15:21:10,761.Smoker_producer.INFO  [x] Sent b'05/22/21 13:08:10,No temperature'
2023-09-30 15:21:10,771.Smoker_producer.INFO  [x] Sent b'05/22/21 13:08:10,No temperature'
2023-09-30 15:21:11,797.Smoker_producer.INFO  [x] Sent b'05/22/21 13:08:15,165.6'
2023-09-30 15:21:11,807.Smoker_producer.INFO  [x] Sent b'05/22/21 13:08:15,No temperature'
2023-09-30 15:21:11,813.Smoker_producer.INFO  [x] Sent b'05/22/21 13:08:15,No temperature'
2023-09-30 15:21:12,825.Smoker_producer.INFO  [x] Sent b'05/22/21 13:09:10,166.7'
2023-09-30 15:21:12,832.Smoker_producer.INFO  [x] Sent b'05/22/21 13:09:10,No temperature'
2023-09-30 15:21:12,838.Smoker_producer.INFO  [x] Sent b'05/22/21 13:09:10,No temperature'
2023-09-30 15:21:13,866.Smoker_producer.INFO  [x] Sent b'05/22/21 13:09:15,166.7'
2023-09-30 15:21:13,878.Smoker_producer.INFO  [x] Sent b'05/22/21 13:09:15,No temperature'
2023-09-30 15:21:13,888.Smoker_producer.INFO  [x] Sent b'05/22/21 13:09:15,No temperature'
2023-09-30 15:21:14,901.Smoker_producer.INFO  [x] Sent b'05/22/21 13:10:10,167.8'
2023-09-30 15:21:14,912.Smoker_producer.INFO  [x] Sent b'05/22/21 13:10:10,No temperature'
2023-09-30 15:21:14,921.Smoker_producer.INFO  [x] Sent b'05/22/21 13:10:10,No temperature'
2023-09-30 15:21:15,949.Smoker_producer.INFO  [x] Sent b'05/22/21 13:10:15,167.8'
2023-09-30 15:21:15,955.Smoker_producer.INFO  [x] Sent b'05/22/21 13:10:15,No temperature'
2023-09-30 15:21:15,963.Smoker_producer.INFO  [x] Sent b'05/22/21 13:10:15,No temperature'
2023-09-30 15:21:16,982.Smoker_producer.INFO  [x] Sent b'05/22/21 13:11:10,168.8'
2023-09-30 15:21:16,992.Smoker_producer.INFO  [x] Sent b'05/22/21 13:11:10,No temperature'
2023-09-30 15:21:17,002.Smoker_producer.INFO  [x] Sent b'05/22/21 13:11:10,No temperature'
2023-09-30 15:21:18,024.Smoker_producer.INFO  [x] Sent b'05/22/21 13:11:15,168.8'
2023-09-30 15:21:18,032.Smoker_producer.INFO  [x] Sent b'05/22/21 13:11:15,No temperature'
2023-09-30 15:21:18,041.Smoker_producer.INFO  [x] Sent b'05/22/21 13:11:15,No temperature'
2023-09-30 15:21:19,062.Smoker_producer.INFO  [x] Sent b'05/22/21 13:12:10,170.2'
2023-09-30 15:21:19,072.Smoker_producer.INFO  [x] Sent b'05/22/21 13:12:10,No temperature'
2023-09-30 15:21:19,080.Smoker_producer.INFO  [x] Sent b'05/22/21 13:12:10,No temperature'
2023-09-30 15:21:20,094.Smoker_producer.INFO  [x] Sent b'05/22/21 13:12:15,170.2'
2023-09-30 15:21:20,105.Smoker_producer.INFO  [x] Sent b'05/22/21 13:12:15,No temperature'
2023-09-30 15:21:20,113.Smoker_producer.INFO  [x] Sent b'05/22/21 13:12:15,No temperature'
2023-09-30 15:21:21,125.Smoker_producer.INFO  [x] Sent b'05/22/21 13:13:10,171.7'
2023-09-30 15:21:21,134.Smoker_producer.INFO  [x] Sent b'05/22/21 13:13:10,No temperature'
2023-09-30 15:21:21,142.Smoker_producer.INFO  [x] Sent b'05/22/21 13:13:10,No temperature'
2023-09-30 15:21:22,153.Smoker_producer.INFO  [x] Sent b'05/22/21 13:13:15,171.7'
2023-09-30 15:21:22,159.Smoker_producer.INFO  [x] Sent b'05/22/21 13:13:15,No temperature'
2023-09-30 15:21:22,167.Smoker_producer.INFO  [x] Sent b'05/22/21 13:13:15,No temperature'
2023-09-30 15:21:23,181.Smoker_producer.INFO  [x] Sent b'05/22/21 13:14:10,173.3'
2023-09-30 15:21:23,196.Smoker_producer.INFO  [x] Sent b'05/22/21 13:14:10,No temperature'
2023-09-30 15:21:23,204.Smoker_producer.INFO  [x] Sent b'05/22/21 13:14:10,No temperature'
2023-09-30 15:21:24,228.Smoker_producer.INFO  [x] Sent b'05/22/21 13:14:15,173.3'
2023-09-30 15:21:24,239.Smoker_producer.INFO  [x] Sent b'05/22/21 13:14:15,No temperature'
2023-09-30 15:21:24,248.Smoker_producer.INFO  [x] Sent b'05/22/21 13:14:15,No temperature'
2023-09-30 15:21:25,270.Smoker_producer.INFO  [x] Sent b'05/22/21 13:15:10,174.6'
2023-09-30 15:21:25,281.Smoker_producer.INFO  [x] Sent b'05/22/21 13:15:10,No temperature'
2023-09-30 15:21:25,313.Smoker_producer.INFO  [x] Sent b'05/22/21 13:15:10,No temperature'
2023-09-30 15:21:26,332.Smoker_producer.INFO  [x] Sent b'05/22/21 13:15:15,174.6'
2023-09-30 15:21:26,344.Smoker_producer.INFO  [x] Sent b'05/22/21 13:15:15,No temperature'
2023-09-30 15:21:26,349.Smoker_producer.INFO  [x] Sent b'05/22/21 13:15:15,No temperature'
2023-09-30 15:21:27,375.Smoker_producer.INFO  [x] Sent b'05/22/21 13:16:10,175.5'
2023-09-30 15:21:27,384.Smoker_producer.INFO  [x] Sent b'05/22/21 13:16:10,No temperature'
2023-09-30 15:21:27,390.Smoker_producer.INFO  [x] Sent b'05/22/21 13:16:10,No temperature'
2023-09-30 15:21:28,403.Smoker_producer.INFO  [x] Sent b'05/22/21 13:16:15,175.5'
2023-09-30 15:21:28,412.Smoker_producer.INFO  [x] Sent b'05/22/21 13:16:15,No temperature'
2023-09-30 15:21:28,417.Smoker_producer.INFO  [x] Sent b'05/22/21 13:16:15,No temperature'
2023-09-30 15:21:29,444.Smoker_producer.INFO  [x] Sent b'05/22/21 13:17:10,176.8'
2023-09-30 15:21:29,454.Smoker_producer.INFO  [x] Sent b'05/22/21 13:17:10,No temperature'
2023-09-30 15:21:29,462.Smoker_producer.INFO  [x] Sent b'05/22/21 13:17:10,No temperature'
2023-09-30 15:21:30,479.Smoker_producer.INFO  [x] Sent b'05/22/21 13:17:15,176.8'
2023-09-30 15:21:30,487.Smoker_producer.INFO  [x] Sent b'05/22/21 13:17:15,No temperature'
2023-09-30 15:21:30,494.Smoker_producer.INFO  [x] Sent b'05/22/21 13:17:15,No temperature'
2023-09-30 15:21:31,519.Smoker_producer.INFO  [x] Sent b'05/22/21 13:18:10,177.8'
2023-09-30 15:21:31,529.Smoker_producer.INFO  [x] Sent b'05/22/21 13:18:10,No temperature'
2023-09-30 15:21:31,534.Smoker_producer.INFO  [x] Sent b'05/22/21 13:18:10,No temperature'
2023-09-30 15:21:32,547.Smoker_producer.INFO  [x] Sent b'05/22/21 13:18:15,177.8'
2023-09-30 15:21:32,556.Smoker_producer.INFO  [x] Sent b'05/22/21 13:18:15,No temperature'
2023-09-30 15:21:32,562.Smoker_producer.INFO  [x] Sent b'05/22/21 13:18:15,No temperature'
2023-09-30 15:21:33,572.Smoker_producer.INFO  [x] Sent b'05/22/21 13:19:10,178.9'
2023-09-30 15:21:33,579.Smoker_producer.INFO  [x] Sent b'05/22/21 13:19:10,No temperature'
2023-09-30 15:21:33,587.Smoker_producer.INFO  [x] Sent b'05/22/21 13:19:10,No temperature'
2023-09-30 15:21:34,603.Smoker_producer.INFO  [x] Sent b'05/22/21 13:19:15,178.9'
2023-09-30 15:21:34,611.Smoker_producer.INFO  [x] Sent b'05/22/21 13:19:15,No temperature'
2023-09-30 15:21:34,617.Smoker_producer.INFO  [x] Sent b'05/22/21 13:19:15,No temperature'
2023-09-30 15:21:35,630.Smoker_producer.INFO  [x] Sent b'05/22/21 13:20:10,180.3'
2023-09-30 15:21:35,636.Smoker_producer.INFO  [x] Sent b'05/22/21 13:20:10,No temperature'
2023-09-30 15:21:35,642.Smoker_producer.INFO  [x] Sent b'05/22/21 13:20:10,No temperature'
2023-09-30 15:21:36,663.Smoker_producer.INFO  [x] Sent b'05/22/21 13:20:15,180.3'
2023-09-30 15:21:36,671.Smoker_producer.INFO  [x] Sent b'05/22/21 13:20:15,No temperature'
2023-09-30 15:21:36,678.Smoker_producer.INFO  [x] Sent b'05/22/21 13:20:15,No temperature'
2023-09-30 15:21:37,704.Smoker_producer.INFO  [x] Sent b'05/22/21 13:21:10,181.4'
2023-09-30 15:21:37,716.Smoker_producer.INFO  [x] Sent b'05/22/21 13:21:10,No temperature'
2023-09-30 15:21:37,724.Smoker_producer.INFO  [x] Sent b'05/22/21 13:21:10,No temperature'
2023-09-30 15:21:38,737.Smoker_producer.INFO  [x] Sent b'05/22/21 13:21:15,181.4'
2023-09-30 15:21:38,748.Smoker_producer.INFO  [x] Sent b'05/22/21 13:21:15,No temperature'
2023-09-30 15:21:38,755.Smoker_producer.INFO  [x] Sent b'05/22/21 13:21:15,No temperature'
2023-09-30 15:21:39,768.Smoker_producer.INFO  [x] Sent b'05/22/21 13:22:10,182.6'
2023-09-30 15:21:39,775.Smoker_producer.INFO  [x] Sent b'05/22/21 13:22:10,No temperature'
2023-09-30 15:21:39,784.Smoker_producer.INFO  [x] Sent b'05/22/21 13:22:10,No temperature'
2023-09-30 15:21:40,810.Smoker_producer.INFO  [x] Sent b'05/22/21 13:22:15,182.6'
2023-09-30 15:21:40,822.Smoker_producer.INFO  [x] Sent b'05/22/21 13:22:15,No temperature'
2023-09-30 15:21:40,831.Smoker_producer.INFO  [x] Sent b'05/22/21 13:22:15,No temperature'
2023-09-30 15:21:41,851.Smoker_producer.INFO  [x] Sent b'05/22/21 13:23:10,183.9'
2023-09-30 15:21:41,860.Smoker_producer.INFO  [x] Sent b'05/22/21 13:23:10,No temperature'
2023-09-30 15:21:41,868.Smoker_producer.INFO  [x] Sent b'05/22/21 13:23:10,No temperature'
2023-09-30 15:21:42,887.Smoker_producer.INFO  [x] Sent b'05/22/21 13:23:15,183.9'
2023-09-30 15:21:42,894.Smoker_producer.INFO  [x] Sent b'05/22/21 13:23:15,No temperature'
2023-09-30 15:21:42,901.Smoker_producer.INFO  [x] Sent b'05/22/21 13:23:15,No temperature'
2023-09-30 15:21:43,914.Smoker_producer.INFO  [x] Sent b'05/22/21 13:24:10,184.8'
2023-09-30 15:21:43,923.Smoker_producer.INFO  [x] Sent b'05/22/21 13:24:10,No temperature'
2023-09-30 15:21:43,930.Smoker_producer.INFO  [x] Sent b'05/22/21 13:24:10,No temperature'
2023-09-30 15:21:44,948.Smoker_producer.INFO  [x] Sent b'05/22/21 13:24:15,184.8'
2023-09-30 15:21:44,958.Smoker_producer.INFO  [x] Sent b'05/22/21 13:24:15,No temperature'
2023-09-30 15:21:44,965.Smoker_producer.INFO  [x] Sent b'05/22/21 13:24:15,No temperature'
2023-09-30 15:21:45,977.Smoker_producer.INFO  [x] Sent b'05/22/21 13:25:10,186.0'
2023-09-30 15:21:45,985.Smoker_producer.INFO  [x] Sent b'05/22/21 13:25:10,No temperature'
2023-09-30 15:21:45,991.Smoker_producer.INFO  [x] Sent b'05/22/21 13:25:10,No temperature'
2023-09-30 15:21:47,008.Smoker_producer.INFO  [x] Sent b'05/22/21 13:25:15,186.0'
2023-09-30 15:21:47,018.Smoker_producer.INFO  [x] Sent b'05/22/21 13:25:15,No temperature'
2023-09-30 15:21:47,026.Smoker_producer.INFO  [x] Sent b'05/22/21 13:25:15,No temperature'
2023-09-30 15:21:48,047.Smoker_producer.INFO  [x] Sent b'05/22/21 13:26:10,187.1'
2023-09-30 15:21:48,060.Smoker_producer.INFO  [x] Sent b'05/22/21 13:26:10,No temperature'
2023-09-30 15:21:48,070.Smoker_producer.INFO  [x] Sent b'05/22/21 13:26:10,No temperature'
2023-09-30 15:21:49,085.Smoker_producer.INFO  [x] Sent b'05/22/21 13:26:15,187.1'
2023-09-30 15:21:49,095.Smoker_producer.INFO  [x] Sent b'05/22/21 13:26:15,No temperature'
2023-09-30 15:21:49,105.Smoker_producer.INFO  [x] Sent b'05/22/21 13:26:15,No temperature'
2023-09-30 15:21:50,129.Smoker_producer.INFO  [x] Sent b'05/22/21 13:27:10,211.9'
2023-09-30 15:21:50,139.Smoker_producer.INFO  [x] Sent b'05/22/21 13:27:10,No temperature'
2023-09-30 15:21:50,148.Smoker_producer.INFO  [x] Sent b'05/22/21 13:27:10,No temperature'
2023-09-30 15:21:51,170.Smoker_producer.INFO  [x] Sent b'05/22/21 13:27:15,211.9'
2023-09-30 15:21:51,202.Smoker_producer.INFO  [x] Sent b'05/22/21 13:27:15,No temperature'
2023-09-30 15:21:51,209.Smoker_producer.INFO  [x] Sent b'05/22/21 13:27:15,No temperature'
2023-09-30 15:21:52,235.Smoker_producer.INFO  [x] Sent b'05/22/21 13:28:10,215.3'
2023-09-30 15:21:52,242.Smoker_producer.INFO  [x] Sent b'05/22/21 13:28:10,No temperature'
2023-09-30 15:21:52,248.Smoker_producer.INFO  [x] Sent b'05/22/21 13:28:10,No temperature'
2023-09-30 15:21:53,261.Smoker_producer.INFO  [x] Sent b'05/22/21 13:28:15,215.3'
2023-09-30 15:21:53,269.Smoker_producer.INFO  [x] Sent b'05/22/21 13:28:15,No temperature'
2023-09-30 15:21:53,275.Smoker_producer.INFO  [x] Sent b'05/22/21 13:28:15,No temperature'
2023-09-30 15:21:54,291.Smoker_producer.INFO  [x] Sent b'05/22/21 13:29:10,217.0'
2023-09-30 15:21:54,304.Smoker_producer.INFO  [x] Sent b'05/22/21 13:29:10,No temperature'
2023-09-30 15:21:54,311.Smoker_producer.INFO  [x] Sent b'05/22/21 13:29:10,No temperature'
2023-09-30 15:21:55,329.Smoker_producer.INFO  [x] Sent b'05/22/21 13:29:15,217.0'
2023-09-30 15:21:55,339.Smoker_producer.INFO  [x] Sent b'05/22/21 13:29:15,No temperature'
2023-09-30 15:21:55,347.Smoker_producer.INFO  [x] Sent b'05/22/21 13:29:15,No temperature'
2023-09-30 15:21:56,365.Smoker_producer.INFO  [x] Sent b'05/22/21 13:30:10,218.6'
2023-09-30 15:21:56,372.Smoker_producer.INFO  [x] Sent b'05/22/21 13:30:10,No temperature'
2023-09-30 15:21:56,380.Smoker_producer.INFO  [x] Sent b'05/22/21 13:30:10,No temperature'
2023-09-30 15:21:57,392.Smoker_producer.INFO  [x] Sent b'05/22/21 13:30:15,218.6'
2023-09-30 15:21:57,402.Smoker_producer.INFO  [x] Sent b'05/22/21 13:30:15,No temperature'
2023-09-30 15:21:57,409.Smoker_producer.INFO  [x] Sent b'05/22/21 13:30:15,No temperature'
2023-09-30 15:21:58,430.Smoker_producer.INFO  [x] Sent b'05/22/21 13:31:10,218.5'
2023-09-30 15:21:58,442.Smoker_producer.INFO  [x] Sent b'05/22/21 13:31:10,No temperature'
2023-09-30 15:21:58,449.Smoker_producer.INFO  [x] Sent b'05/22/21 13:31:10,No temperature'
2023-09-30 15:21:59,469.Smoker_producer.INFO  [x] Sent b'05/22/21 13:31:15,218.5'
2023-09-30 15:21:59,477.Smoker_producer.INFO  [x] Sent b'05/22/21 13:31:15,No temperature'
2023-09-30 15:21:59,483.Smoker_producer.INFO  [x] Sent b'05/22/21 13:31:15,No temperature'
2023-09-30 15:22:00,501.Smoker_producer.INFO  [x] Sent b'05/22/21 13:32:10,219.4'
2023-09-30 15:22:00,509.Smoker_producer.INFO  [x] Sent b'05/22/21 13:32:10,No temperature'
2023-09-30 15:22:00,516.Smoker_producer.INFO  [x] Sent b'05/22/21 13:32:10,No temperature'
2023-09-30 15:22:01,532.Smoker_producer.INFO  [x] Sent b'05/22/21 13:32:15,219.4'
2023-09-30 15:22:01,541.Smoker_producer.INFO  [x] Sent b'05/22/21 13:32:15,No temperature'
2023-09-30 15:22:01,547.Smoker_producer.INFO  [x] Sent b'05/22/21 13:32:15,No temperature'
2023-09-30 15:22:02,559.Smoker_producer.INFO  [x] Sent b'05/22/21 13:33:10,220.5'
2023-09-30 15:22:02,569.Smoker_producer.INFO  [x] Sent b'05/22/21 13:33:10,No temperature'
2023-09-30 15:22:02,575.Smoker_producer.INFO  [x] Sent b'05/22/21 13:33:10,No temperature'
2023-09-30 15:22:03,599.Smoker_producer.INFO  [x] Sent b'05/22/21 13:33:15,220.5'
2023-09-30 15:22:03,607.Smoker_producer.INFO  [x] Sent b'05/22/21 13:33:15,No temperature'
2023-09-30 15:22:03,615.Smoker_producer.INFO  [x] Sent b'05/22/21 13:33:15,No temperature'
2023-09-30 15:22:04,641.Smoker_producer.INFO  [x] Sent b'05/22/21 13:34:10,220.7'
2023-09-30 15:22:04,650.Smoker_producer.INFO  [x] Sent b'05/22/21 13:34:10,No temperature'
2023-09-30 15:22:04,661.Smoker_producer.INFO  [x] Sent b'05/22/21 13:34:10,No temperature'
2023-09-30 15:22:05,688.Smoker_producer.INFO  [x] Sent b'05/22/21 13:34:15,220.7'
2023-09-30 15:22:05,699.Smoker_producer.INFO  [x] Sent b'05/22/21 13:34:15,No temperature'
2023-09-30 15:22:05,707.Smoker_producer.INFO  [x] Sent b'05/22/21 13:34:15,No temperature'
2023-09-30 15:22:06,728.Smoker_producer.INFO  [x] Sent b'05/22/21 13:35:10,222.5'
2023-09-30 15:22:06,742.Smoker_producer.INFO  [x] Sent b'05/22/21 13:35:10,No temperature'
2023-09-30 15:22:06,747.Smoker_producer.INFO  [x] Sent b'05/22/21 13:35:10,No temperature'
2023-09-30 15:22:07,766.Smoker_producer.INFO  [x] Sent b'05/22/21 13:35:15,222.5'
2023-09-30 15:22:07,775.Smoker_producer.INFO  [x] Sent b'05/22/21 13:35:15,No temperature'
2023-09-30 15:22:07,783.Smoker_producer.INFO  [x] Sent b'05/22/21 13:35:15,No temperature'
2023-09-30 15:22:08,795.Smoker_producer.INFO  [x] Sent b'05/22/21 13:36:10,223.0'
2023-09-30 15:22:08,806.Smoker_producer.INFO  [x] Sent b'05/22/21 13:36:10,No temperature'
2023-09-30 15:22:08,817.Smoker_producer.INFO  [x] Sent b'05/22/21 13:36:10,No temperature'
2023-09-30 15:22:09,839.Smoker_producer.INFO  [x] Sent b'05/22/21 13:36:15,223.0'
2023-09-30 15:22:09,849.Smoker_producer.INFO  [x] Sent b'05/22/21 13:36:15,No temperature'
2023-09-30 15:22:09,856.Smoker_producer.INFO  [x] Sent b'05/22/21 13:36:15,No temperature'
2023-09-30 15:22:10,883.Smoker_producer.INFO  [x] Sent b'05/22/21 13:37:10,224.7'
2023-09-30 15:22:10,896.Smoker_producer.INFO  [x] Sent b'05/22/21 13:37:10,No temperature'
2023-09-30 15:22:10,905.Smoker_producer.INFO  [x] Sent b'05/22/21 13:37:10,No temperature'
2023-09-30 15:22:11,924.Smoker_producer.INFO  [x] Sent b'05/22/21 13:37:15,224.7'
2023-09-30 15:22:11,935.Smoker_producer.INFO  [x] Sent b'05/22/21 13:37:15,No temperature'
2023-09-30 15:22:11,943.Smoker_producer.INFO  [x] Sent b'05/22/21 13:37:15,No temperature'
2023-09-30 15:22:12,956.Smoker_producer.INFO  [x] Sent b'05/22/21 13:38:10,224.2'
2023-09-30 15:22:12,964.Smoker_producer.INFO  [x] Sent b'05/22/21 13:38:10,No temperature'
2023-09-30 15:22:12,974.Smoker_producer.INFO  [x] Sent b'05/22/21 13:38:10,No temperature'
2023-09-30 15:22:13,986.Smoker_producer.INFO  [x] Sent b'05/22/21 13:38:15,224.2'
2023-09-30 15:22:13,994.Smoker_producer.INFO  [x] Sent b'05/22/21 13:38:15,No temperature'
2023-09-30 15:22:14,003.Smoker_producer.INFO  [x] Sent b'05/22/21 13:38:15,No temperature'
2023-09-30 15:22:15,019.Smoker_producer.INFO  [x] Sent b'05/22/21 13:39:10,223.6'
2023-09-30 15:22:15,029.Smoker_producer.INFO  [x] Sent b'05/22/21 13:39:10,No temperature'
2023-09-30 15:22:15,039.Smoker_producer.INFO  [x] Sent b'05/22/21 13:39:10,No temperature'
2023-09-30 15:22:16,056.Smoker_producer.INFO  [x] Sent b'05/22/21 13:39:15,223.6'
2023-09-30 15:22:16,066.Smoker_producer.INFO  [x] Sent b'05/22/21 13:39:15,No temperature'
2023-09-30 15:22:16,077.Smoker_producer.INFO  [x] Sent b'05/22/21 13:39:15,No temperature'
2023-09-30 15:22:17,098.Smoker_producer.INFO  [x] Sent b'05/22/21 13:40:10,224.6'
2023-09-30 15:22:17,108.Smoker_producer.INFO  [x] Sent b'05/22/21 13:40:10,No temperature'
2023-09-30 15:22:17,120.Smoker_producer.INFO  [x] Sent b'05/22/21 13:40:10,No temperature'
2023-09-30 15:22:18,139.Smoker_producer.INFO  [x] Sent b'05/22/21 13:40:15,224.6'
2023-09-30 15:22:18,150.Smoker_producer.INFO  [x] Sent b'05/22/21 13:40:15,No temperature'
2023-09-30 15:22:18,160.Smoker_producer.INFO  [x] Sent b'05/22/21 13:40:15,No temperature'
2023-09-30 15:22:19,182.Smoker_producer.INFO  [x] Sent b'05/22/21 13:41:10,224.3'
2023-09-30 15:22:19,191.Smoker_producer.INFO  [x] Sent b'05/22/21 13:41:10,No temperature'
2023-09-30 15:22:19,199.Smoker_producer.INFO  [x] Sent b'05/22/21 13:41:10,No temperature'
2023-09-30 15:22:20,222.Smoker_producer.INFO  [x] Sent b'05/22/21 13:41:15,224.3'
2023-09-30 15:22:20,232.Smoker_producer.INFO  [x] Sent b'05/22/21 13:41:15,No temperature'
2023-09-30 15:22:20,240.Smoker_producer.INFO  [x] Sent b'05/22/21 13:41:15,No temperature'
2023-09-30 15:22:21,249.Smoker_producer.INFO  [x] Sent b'05/22/21 13:42:10,226.6'
2023-09-30 15:22:21,257.Smoker_producer.INFO  [x] Sent b'05/22/21 13:42:10,No temperature'
2023-09-30 15:22:21,263.Smoker_producer.INFO  [x] Sent b'05/22/21 13:42:10,No temperature'
2023-09-30 15:22:22,277.Smoker_producer.INFO  [x] Sent b'05/22/21 13:42:15,226.6'
2023-09-30 15:22:22,285.Smoker_producer.INFO  [x] Sent b'05/22/21 13:42:15,No temperature'
2023-09-30 15:22:22,291.Smoker_producer.INFO  [x] Sent b'05/22/21 13:42:15,No temperature'
2023-09-30 15:22:23,305.Smoker_producer.INFO  [x] Sent b'05/22/21 13:43:10,229.0'
2023-09-30 15:22:23,312.Smoker_producer.INFO  [x] Sent b'05/22/21 13:43:10,No temperature'
2023-09-30 15:22:23,318.Smoker_producer.INFO  [x] Sent b'05/22/21 13:43:10,No temperature'
2023-09-30 15:22:24,330.Smoker_producer.INFO  [x] Sent b'05/22/21 13:43:15,229.0'
2023-09-30 15:22:24,337.Smoker_producer.INFO  [x] Sent b'05/22/21 13:43:15,No temperature'
2023-09-30 15:22:24,342.Smoker_producer.INFO  [x] Sent b'05/22/21 13:43:15,No temperature'
2023-09-30 15:22:25,363.Smoker_producer.INFO  [x] Sent b'05/22/21 13:44:10,232.8'
2023-09-30 15:22:25,372.Smoker_producer.INFO  [x] Sent b'05/22/21 13:44:10,No temperature'
2023-09-30 15:22:25,377.Smoker_producer.INFO  [x] Sent b'05/22/21 13:44:10,No temperature'
2023-09-30 15:22:26,400.Smoker_producer.INFO  [x] Sent b'05/22/21 13:44:15,232.8'
2023-09-30 15:22:26,409.Smoker_producer.INFO  [x] Sent b'05/22/21 13:44:15,No temperature'
2023-09-30 15:22:26,417.Smoker_producer.INFO  [x] Sent b'05/22/21 13:44:15,No temperature'
2023-09-30 15:22:27,429.Smoker_producer.INFO  [x] Sent b'05/22/21 13:45:10,237.9'
2023-09-30 15:22:27,438.Smoker_producer.INFO  [x] Sent b'05/22/21 13:45:10,No temperature'
2023-09-30 15:22:27,457.Smoker_producer.INFO  [x] Sent b'05/22/21 13:45:10,No temperature'
2023-09-30 15:22:28,471.Smoker_producer.INFO  [x] Sent b'05/22/21 13:45:15,237.9'
2023-09-30 15:22:28,479.Smoker_producer.INFO  [x] Sent b'05/22/21 13:45:15,No temperature'
2023-09-30 15:22:28,484.Smoker_producer.INFO  [x] Sent b'05/22/21 13:45:15,No temperature'
2023-09-30 15:22:29,498.Smoker_producer.INFO  [x] Sent b'05/22/21 13:46:10,200.2'
2023-09-30 15:22:29,505.Smoker_producer.INFO  [x] Sent b'05/22/21 13:46:10,No temperature'
2023-09-30 15:22:29,513.Smoker_producer.INFO  [x] Sent b'05/22/21 13:46:10,No temperature'
2023-09-30 15:22:30,555.Smoker_producer.INFO  [x] Sent b'05/22/21 13:46:15,200.2'
2023-09-30 15:22:30,562.Smoker_producer.INFO  [x] Sent b'05/22/21 13:46:15,No temperature'
2023-09-30 15:22:30,570.Smoker_producer.INFO  [x] Sent b'05/22/21 13:46:15,No temperature'
2023-09-30 15:22:31,585.Smoker_producer.INFO  [x] Sent b'05/22/21 13:46:35,No temperature'
2023-09-30 15:22:31,593.Smoker_producer.INFO  [x] Sent b'05/22/21 13:46:35,38.7'
2023-09-30 15:22:31,600.Smoker_producer.INFO  [x] Sent b'05/22/21 13:46:35,No temperature'
2023-09-30 15:22:32,613.Smoker_producer.INFO  [x] Sent b'05/22/21 13:46:40,No temperature'
2023-09-30 15:22:32,620.Smoker_producer.INFO  [x] Sent b'05/22/21 13:46:40,38.7'
2023-09-30 15:22:32,627.Smoker_producer.INFO  [x] Sent b'05/22/21 13:46:40,37.0'
2023-09-30 15:22:33,639.Smoker_producer.INFO  [x] Sent b'05/22/21 13:46:45,No temperature'
2023-09-30 15:22:33,647.Smoker_producer.INFO  [x] Sent b'05/22/21 13:46:45,No temperature'
2023-09-30 15:22:33,654.Smoker_producer.INFO  [x] Sent b'05/22/21 13:46:45,37.0'
2023-09-30 15:22:34,682.Smoker_producer.INFO  [x] Sent b'05/22/21 13:47:10,205.9'
2023-09-30 15:22:34,690.Smoker_producer.INFO  [x] Sent b'05/22/21 13:47:10,No temperature'
2023-09-30 15:22:34,697.Smoker_producer.INFO  [x] Sent b'05/22/21 13:47:10,No temperature'
2023-09-30 15:22:35,712.Smoker_producer.INFO  [x] Sent b'05/22/21 13:47:15,205.9'
2023-09-30 15:22:35,720.Smoker_producer.INFO  [x] Sent b'05/22/21 13:47:15,No temperature'
2023-09-30 15:22:35,726.Smoker_producer.INFO  [x] Sent b'05/22/21 13:47:15,No temperature'
2023-09-30 15:22:36,737.Smoker_producer.INFO  [x] Sent b'05/22/21 13:47:35,No temperature'
2023-09-30 15:22:36,745.Smoker_producer.INFO  [x] Sent b'05/22/21 13:47:35,37.1'
2023-09-30 15:22:36,751.Smoker_producer.INFO  [x] Sent b'05/22/21 13:47:35,No temperature'
2023-09-30 15:22:37,771.Smoker_producer.INFO  [x] Sent b'05/22/21 13:47:40,No temperature'
2023-09-30 15:22:37,801.Smoker_producer.INFO  [x] Sent b'05/22/21 13:47:40,37.1'
2023-09-30 15:22:37,808.Smoker_producer.INFO  [x] Sent b'05/22/21 13:47:40,35.3'
2023-09-30 15:22:38,826.Smoker_producer.INFO  [x] Sent b'05/22/21 13:47:45,No temperature'
2023-09-30 15:22:38,832.Smoker_producer.INFO  [x] Sent b'05/22/21 13:47:45,No temperature'
2023-09-30 15:22:38,837.Smoker_producer.INFO  [x] Sent b'05/22/21 13:47:45,35.3'
2023-09-30 15:22:39,858.Smoker_producer.INFO  [x] Sent b'05/22/21 13:48:10,230.0'
2023-09-30 15:22:39,865.Smoker_producer.INFO  [x] Sent b'05/22/21 13:48:10,No temperature'
2023-09-30 15:22:39,872.Smoker_producer.INFO  [x] Sent b'05/22/21 13:48:10,No temperature'
2023-09-30 15:22:40,887.Smoker_producer.INFO  [x] Sent b'05/22/21 13:48:15,230.0'
2023-09-30 15:22:40,894.Smoker_producer.INFO  [x] Sent b'05/22/21 13:48:15,No temperature'
2023-09-30 15:22:40,901.Smoker_producer.INFO  [x] Sent b'05/22/21 13:48:15,No temperature'
2023-09-30 15:22:41,916.Smoker_producer.INFO  [x] Sent b'05/22/21 13:48:35,No temperature'
2023-09-30 15:22:41,926.Smoker_producer.INFO  [x] Sent b'05/22/21 13:48:35,36.9'
2023-09-30 15:22:41,931.Smoker_producer.INFO  [x] Sent b'05/22/21 13:48:35,No temperature'
2023-09-30 15:22:42,946.Smoker_producer.INFO  [x] Sent b'05/22/21 13:48:40,No temperature'
2023-09-30 15:22:42,956.Smoker_producer.INFO  [x] Sent b'05/22/21 13:48:40,36.9'
2023-09-30 15:22:42,962.Smoker_producer.INFO  [x] Sent b'05/22/21 13:48:40,35.2'
2023-09-30 15:22:43,976.Smoker_producer.INFO  [x] Sent b'05/22/21 13:48:45,No temperature'
2023-09-30 15:22:43,985.Smoker_producer.INFO  [x] Sent b'05/22/21 13:48:45,No temperature'
2023-09-30 15:22:43,991.Smoker_producer.INFO  [x] Sent b'05/22/21 13:48:45,35.2'
2023-09-30 15:22:45,003.Smoker_producer.INFO  [x] Sent b'05/22/21 13:49:10,239.6'
2023-09-30 15:22:45,012.Smoker_producer.INFO  [x] Sent b'05/22/21 13:49:10,No temperature'
2023-09-30 15:22:45,024.Smoker_producer.INFO  [x] Sent b'05/22/21 13:49:10,No temperature'
2023-09-30 15:22:46,048.Smoker_producer.INFO  [x] Sent b'05/22/21 13:49:15,239.6'
2023-09-30 15:22:46,056.Smoker_producer.INFO  [x] Sent b'05/22/21 13:49:15,No temperature'
2023-09-30 15:22:46,061.Smoker_producer.INFO  [x] Sent b'05/22/21 13:49:15,No temperature'
2023-09-30 15:22:47,082.Smoker_producer.INFO  [x] Sent b'05/22/21 13:49:35,No temperature'
2023-09-30 15:22:47,091.Smoker_producer.INFO  [x] Sent b'05/22/21 13:49:35,36.9'
2023-09-30 15:22:47,097.Smoker_producer.INFO  [x] Sent b'05/22/21 13:49:35,No temperature'
2023-09-30 15:22:48,120.Smoker_producer.INFO  [x] Sent b'05/22/21 13:49:40,No temperature'
2023-09-30 15:22:48,127.Smoker_producer.INFO  [x] Sent b'05/22/21 13:49:40,36.9'
2023-09-30 15:22:48,133.Smoker_producer.INFO  [x] Sent b'05/22/21 13:49:40,35.3'
2023-09-30 15:22:49,157.Smoker_producer.INFO  [x] Sent b'05/22/21 13:49:45,No temperature'
2023-09-30 15:22:49,166.Smoker_producer.INFO  [x] Sent b'05/22/21 13:49:45,No temperature'
2023-09-30 15:22:49,172.Smoker_producer.INFO  [x] Sent b'05/22/21 13:49:45,35.3'
2023-09-30 15:22:50,196.Smoker_producer.INFO  [x] Sent b'05/22/21 13:50:10,242.4'
2023-09-30 15:22:50,205.Smoker_producer.INFO  [x] Sent b'05/22/21 13:50:10,No temperature'
2023-09-30 15:22:50,213.Smoker_producer.INFO  [x] Sent b'05/22/21 13:50:10,No temperature'
2023-09-30 15:22:51,236.Smoker_producer.INFO  [x] Sent b'05/22/21 13:50:15,242.4'
2023-09-30 15:22:51,242.Smoker_producer.INFO  [x] Sent b'05/22/21 13:50:15,No temperature'
2023-09-30 15:22:51,248.Smoker_producer.INFO  [x] Sent b'05/22/21 13:50:15,No temperature'
2023-09-30 15:22:52,260.Smoker_producer.INFO  [x] Sent b'05/22/21 13:50:35,No temperature'
2023-09-30 15:22:52,271.Smoker_producer.INFO  [x] Sent b'05/22/21 13:50:35,37.2'
2023-09-30 15:22:52,277.Smoker_producer.INFO  [x] Sent b'05/22/21 13:50:35,No temperature'
2023-09-30 15:22:53,310.Smoker_producer.INFO  [x] Sent b'05/22/21 13:50:40,No temperature'
2023-09-30 15:22:53,316.Smoker_producer.INFO  [x] Sent b'05/22/21 13:50:40,37.2'
2023-09-30 15:22:53,323.Smoker_producer.INFO  [x] Sent b'05/22/21 13:50:40,35.2'
2023-09-30 15:22:54,341.Smoker_producer.INFO  [x] Sent b'05/22/21 13:50:45,No temperature'
2023-09-30 15:22:54,349.Smoker_producer.INFO  [x] Sent b'05/22/21 13:50:45,No temperature'
2023-09-30 15:22:54,355.Smoker_producer.INFO  [x] Sent b'05/22/21 13:50:45,35.2'
2023-09-30 15:22:55,381.Smoker_producer.INFO  [x] Sent b'05/22/21 13:51:10,243.1'
2023-09-30 15:22:55,388.Smoker_producer.INFO  [x] Sent b'05/22/21 13:51:10,No temperature'
2023-09-30 15:22:55,394.Smoker_producer.INFO  [x] Sent b'05/22/21 13:51:10,No temperature'
2023-09-30 15:22:56,403.Smoker_producer.INFO  [x] Sent b'05/22/21 13:51:15,243.1'
2023-09-30 15:22:56,416.Smoker_producer.INFO  [x] Sent b'05/22/21 13:51:15,No temperature'
2023-09-30 15:22:56,422.Smoker_producer.INFO  [x] Sent b'05/22/21 13:51:15,No temperature'
2023-09-30 15:22:57,438.Smoker_producer.INFO  [x] Sent b'05/22/21 13:51:35,No temperature'
2023-09-30 15:22:57,447.Smoker_producer.INFO  [x] Sent b'05/22/21 13:51:35,37.5'
2023-09-30 15:22:57,453.Smoker_producer.INFO  [x] Sent b'05/22/21 13:51:35,No temperature'
2023-09-30 15:22:58,469.Smoker_producer.INFO  [x] Sent b'05/22/21 13:51:40,No temperature'
2023-09-30 15:22:58,477.Smoker_producer.INFO  [x] Sent b'05/22/21 13:51:40,37.5'
2023-09-30 15:22:58,483.Smoker_producer.INFO  [x] Sent b'05/22/21 13:51:40,35.2'
2023-09-30 15:22:59,497.Smoker_producer.INFO  [x] Sent b'05/22/21 13:51:45,No temperature'
2023-09-30 15:22:59,505.Smoker_producer.INFO  [x] Sent b'05/22/21 13:51:45,No temperature'
2023-09-30 15:22:59,510.Smoker_producer.INFO  [x] Sent b'05/22/21 13:51:45,35.2'
2023-09-30 15:23:00,522.Smoker_producer.INFO  [x] Sent b'05/22/21 13:52:10,242.6'
2023-09-30 15:23:00,528.Smoker_producer.INFO  [x] Sent b'05/22/21 13:52:10,No temperature'
2023-09-30 15:23:00,534.Smoker_producer.INFO  [x] Sent b'05/22/21 13:52:10,No temperature'
2023-09-30 15:23:01,551.Smoker_producer.INFO  [x] Sent b'05/22/21 13:52:15,242.6'
2023-09-30 15:23:01,558.Smoker_producer.INFO  [x] Sent b'05/22/21 13:52:15,No temperature'
2023-09-30 15:23:01,565.Smoker_producer.INFO  [x] Sent b'05/22/21 13:52:15,No temperature'
2023-09-30 15:23:02,577.Smoker_producer.INFO  [x] Sent b'05/22/21 13:52:35,No temperature'
2023-09-30 15:23:02,584.Smoker_producer.INFO  [x] Sent b'05/22/21 13:52:35,37.9'
2023-09-30 15:23:02,591.Smoker_producer.INFO  [x] Sent b'05/22/21 13:52:35,No temperature'
2023-09-30 15:23:03,605.Smoker_producer.INFO  [x] Sent b'05/22/21 13:52:40,No temperature'
2023-09-30 15:23:03,614.Smoker_producer.INFO  [x] Sent b'05/22/21 13:52:40,37.9'
2023-09-30 15:23:03,620.Smoker_producer.INFO  [x] Sent b'05/22/21 13:52:40,35.6'
2023-09-30 15:23:04,629.Smoker_producer.INFO  [x] Sent b'05/22/21 13:52:45,No temperature'
2023-09-30 15:23:04,635.Smoker_producer.INFO  [x] Sent b'05/22/21 13:52:45,No temperature'
2023-09-30 15:23:04,640.Smoker_producer.INFO  [x] Sent b'05/22/21 13:52:45,35.6'
2023-09-30 15:23:05,654.Smoker_producer.INFO  [x] Sent b'05/22/21 13:53:10,241.7'
2023-09-30 15:23:05,661.Smoker_producer.INFO  [x] Sent b'05/22/21 13:53:10,No temperature'
2023-09-30 15:23:05,666.Smoker_producer.INFO  [x] Sent b'05/22/21 13:53:10,No temperature'
2023-09-30 15:23:06,679.Smoker_producer.INFO  [x] Sent b'05/22/21 13:53:15,241.7'
2023-09-30 15:23:06,687.Smoker_producer.INFO  [x] Sent b'05/22/21 13:53:15,No temperature'
2023-09-30 15:23:06,693.Smoker_producer.INFO  [x] Sent b'05/22/21 13:53:15,No temperature'
2023-09-30 15:23:07,707.Smoker_producer.INFO  [x] Sent b'05/22/21 13:53:35,No temperature'
2023-09-30 15:23:07,715.Smoker_producer.INFO  [x] Sent b'05/22/21 13:53:35,38.4'
2023-09-30 15:23:07,721.Smoker_producer.INFO  [x] Sent b'05/22/21 13:53:35,No temperature'
2023-09-30 15:23:08,731.Smoker_producer.INFO  [x] Sent b'05/22/21 13:53:40,No temperature'
2023-09-30 15:23:08,741.Smoker_producer.INFO  [x] Sent b'05/22/21 13:53:40,38.4'
2023-09-30 15:23:08,748.Smoker_producer.INFO  [x] Sent b'05/22/21 13:53:40,35.7'
2023-09-30 15:23:09,761.Smoker_producer.INFO  [x] Sent b'05/22/21 13:53:45,No temperature'
2023-09-30 15:23:09,769.Smoker_producer.INFO  [x] Sent b'05/22/21 13:53:45,No temperature'
2023-09-30 15:23:09,775.Smoker_producer.INFO  [x] Sent b'05/22/21 13:53:45,35.7'
2023-09-30 15:23:10,790.Smoker_producer.INFO  [x] Sent b'05/22/21 13:54:10,241.4'
2023-09-30 15:23:10,798.Smoker_producer.INFO  [x] Sent b'05/22/21 13:54:10,No temperature'
2023-09-30 15:23:10,804.Smoker_producer.INFO  [x] Sent b'05/22/21 13:54:10,No temperature'
2023-09-30 15:23:11,821.Smoker_producer.INFO  [x] Sent b'05/22/21 13:54:15,241.4'
2023-09-30 15:23:11,828.Smoker_producer.INFO  [x] Sent b'05/22/21 13:54:15,No temperature'
2023-09-30 15:23:11,834.Smoker_producer.INFO  [x] Sent b'05/22/21 13:54:15,No temperature'
2023-09-30 15:23:12,851.Smoker_producer.INFO  [x] Sent b'05/22/21 13:54:35,No temperature'
2023-09-30 15:23:12,859.Smoker_producer.INFO  [x] Sent b'05/22/21 13:54:35,39.1'
2023-09-30 15:23:12,868.Smoker_producer.INFO  [x] Sent b'05/22/21 13:54:35,No temperature'
2023-09-30 15:23:13,886.Smoker_producer.INFO  [x] Sent b'05/22/21 13:54:40,No temperature'
2023-09-30 15:23:13,894.Smoker_producer.INFO  [x] Sent b'05/22/21 13:54:40,39.1'
2023-09-30 15:23:13,900.Smoker_producer.INFO  [x] Sent b'05/22/21 13:54:40,36.0'
2023-09-30 15:23:14,909.Smoker_producer.INFO  [x] Sent b'05/22/21 13:54:45,No temperature'
2023-09-30 15:23:14,916.Smoker_producer.INFO  [x] Sent b'05/22/21 13:54:45,No temperature'
2023-09-30 15:23:14,923.Smoker_producer.INFO  [x] Sent b'05/22/21 13:54:45,36.0'
2023-09-30 15:23:15,947.Smoker_producer.INFO  [x] Sent b'05/22/21 13:55:10,242.1'
2023-09-30 15:23:15,956.Smoker_producer.INFO  [x] Sent b'05/22/21 13:55:10,No temperature'
2023-09-30 15:23:15,962.Smoker_producer.INFO  [x] Sent b'05/22/21 13:55:10,No temperature'
2023-09-30 15:23:16,972.Smoker_producer.INFO  [x] Sent b'05/22/21 13:55:15,242.1'
2023-09-30 15:23:16,979.Smoker_producer.INFO  [x] Sent b'05/22/21 13:55:15,No temperature'
2023-09-30 15:23:16,986.Smoker_producer.INFO  [x] Sent b'05/22/21 13:55:15,No temperature'
2023-09-30 15:23:17,998.Smoker_producer.INFO  [x] Sent b'05/22/21 13:55:35,No temperature'
2023-09-30 15:23:18,006.Smoker_producer.INFO  [x] Sent b'05/22/21 13:55:35,39.9'
2023-09-30 15:23:18,012.Smoker_producer.INFO  [x] Sent b'05/22/21 13:55:35,No temperature'
2023-09-30 15:23:19,026.Smoker_producer.INFO  [x] Sent b'05/22/21 13:55:40,No temperature'
2023-09-30 15:23:19,032.Smoker_producer.INFO  [x] Sent b'05/22/21 13:55:40,39.9'
2023-09-30 15:23:19,038.Smoker_producer.INFO  [x] Sent b'05/22/21 13:55:40,36.0'
2023-09-30 15:23:20,058.Smoker_producer.INFO  [x] Sent b'05/22/21 13:55:45,No temperature'
2023-09-30 15:23:20,068.Smoker_producer.INFO  [x] Sent b'05/22/21 13:55:45,No temperature'
2023-09-30 15:23:20,074.Smoker_producer.INFO  [x] Sent b'05/22/21 13:55:45,36.0'
2023-09-30 15:23:21,125.Smoker_producer.INFO  [x] Sent b'05/22/21 13:56:10,241.9'
2023-09-30 15:23:21,134.Smoker_producer.INFO  [x] Sent b'05/22/21 13:56:10,No temperature'
2023-09-30 15:23:21,143.Smoker_producer.INFO  [x] Sent b'05/22/21 13:56:10,No temperature'
2023-09-30 15:23:22,196.Smoker_producer.INFO  [x] Sent b'05/22/21 13:56:15,241.9'
2023-09-30 15:23:22,203.Smoker_producer.INFO  [x] Sent b'05/22/21 13:56:15,No temperature'
2023-09-30 15:23:22,210.Smoker_producer.INFO  [x] Sent b'05/22/21 13:56:15,No temperature'
2023-09-30 15:23:23,224.Smoker_producer.INFO  [x] Sent b'05/22/21 13:56:35,No temperature'
2023-09-30 15:23:23,233.Smoker_producer.INFO  [x] Sent b'05/22/21 13:56:35,40.6'
2023-09-30 15:23:23,238.Smoker_producer.INFO  [x] Sent b'05/22/21 13:56:35,No temperature'
2023-09-30 15:23:24,262.Smoker_producer.INFO  [x] Sent b'05/22/21 13:56:40,No temperature'
2023-09-30 15:23:24,270.Smoker_producer.INFO  [x] Sent b'05/22/21 13:56:40,40.6'
2023-09-30 15:23:24,276.Smoker_producer.INFO  [x] Sent b'05/22/21 13:56:40,36.4'
2023-09-30 15:23:25,287.Smoker_producer.INFO  [x] Sent b'05/22/21 13:56:45,No temperature'
2023-09-30 15:23:25,294.Smoker_producer.INFO  [x] Sent b'05/22/21 13:56:45,No temperature'
2023-09-30 15:23:25,301.Smoker_producer.INFO  [x] Sent b'05/22/21 13:56:45,36.4'
2023-09-30 15:23:26,316.Smoker_producer.INFO  [x] Sent b'05/22/21 13:57:10,242.1'
2023-09-30 15:23:26,324.Smoker_producer.INFO  [x] Sent b'05/22/21 13:57:10,No temperature'
2023-09-30 15:23:26,330.Smoker_producer.INFO  [x] Sent b'05/22/21 13:57:10,No temperature'
2023-09-30 15:23:27,340.Smoker_producer.INFO  [x] Sent b'05/22/21 13:57:15,242.1'
2023-09-30 15:23:27,347.Smoker_producer.INFO  [x] Sent b'05/22/21 13:57:15,No temperature'
2023-09-30 15:23:27,353.Smoker_producer.INFO  [x] Sent b'05/22/21 13:57:15,No temperature'
2023-09-30 15:23:28,369.Smoker_producer.INFO  [x] Sent b'05/22/21 13:57:35,No temperature'
2023-09-30 15:23:28,399.Smoker_producer.INFO  [x] Sent b'05/22/21 13:57:35,41.4'
2023-09-30 15:23:28,407.Smoker_producer.INFO  [x] Sent b'05/22/21 13:57:35,No temperature'
2023-09-30 15:23:29,425.Smoker_producer.INFO  [x] Sent b'05/22/21 13:57:40,No temperature'
2023-09-30 15:23:29,433.Smoker_producer.INFO  [x] Sent b'05/22/21 13:57:40,41.4'
2023-09-30 15:23:29,439.Smoker_producer.INFO  [x] Sent b'05/22/21 13:57:40,36.7'
2023-09-30 15:23:30,467.Smoker_producer.INFO  [x] Sent b'05/22/21 13:57:45,No temperature'
2023-09-30 15:23:30,474.Smoker_producer.INFO  [x] Sent b'05/22/21 13:57:45,No temperature'
2023-09-30 15:23:30,481.Smoker_producer.INFO  [x] Sent b'05/22/21 13:57:45,36.7'
2023-09-30 15:23:31,499.Smoker_producer.INFO  [x] Sent b'05/22/21 13:58:10,240.4'
2023-09-30 15:23:31,508.Smoker_producer.INFO  [x] Sent b'05/22/21 13:58:10,No temperature'
2023-09-30 15:23:31,514.Smoker_producer.INFO  [x] Sent b'05/22/21 13:58:10,No temperature'
2023-09-30 15:23:32,535.Smoker_producer.INFO  [x] Sent b'05/22/21 13:58:15,240.4'
2023-09-30 15:23:32,541.Smoker_producer.INFO  [x] Sent b'05/22/21 13:58:15,No temperature'
2023-09-30 15:23:32,548.Smoker_producer.INFO  [x] Sent b'05/22/21 13:58:15,No temperature'
2023-09-30 15:23:33,566.Smoker_producer.INFO  [x] Sent b'05/22/21 13:58:35,No temperature'
2023-09-30 15:23:33,573.Smoker_producer.INFO  [x] Sent b'05/22/21 13:58:35,42.2'
2023-09-30 15:23:33,579.Smoker_producer.INFO  [x] Sent b'05/22/21 13:58:35,No temperature'
2023-09-30 15:23:34,588.Smoker_producer.INFO  [x] Sent b'05/22/21 13:58:40,No temperature'
2023-09-30 15:23:34,597.Smoker_producer.INFO  [x] Sent b'05/22/21 13:58:40,42.2'
2023-09-30 15:23:34,604.Smoker_producer.INFO  [x] Sent b'05/22/21 13:58:40,37.1'
2023-09-30 15:23:35,628.Smoker_producer.INFO  [x] Sent b'05/22/21 13:58:45,No temperature'
2023-09-30 15:23:35,634.Smoker_producer.INFO  [x] Sent b'05/22/21 13:58:45,No temperature'
2023-09-30 15:23:35,641.Smoker_producer.INFO  [x] Sent b'05/22/21 13:58:45,37.1'
2023-09-30 15:23:36,655.Smoker_producer.INFO  [x] Sent b'05/22/21 13:59:10,240.2'
2023-09-30 15:23:36,664.Smoker_producer.INFO  [x] Sent b'05/22/21 13:59:10,No temperature'
2023-09-30 15:23:36,669.Smoker_producer.INFO  [x] Sent b'05/22/21 13:59:10,No temperature'
2023-09-30 15:23:37,679.Smoker_producer.INFO  [x] Sent b'05/22/21 13:59:15,240.2'
2023-09-30 15:23:37,687.Smoker_producer.INFO  [x] Sent b'05/22/21 13:59:15,No temperature'
2023-09-30 15:23:37,693.Smoker_producer.INFO  [x] Sent b'05/22/21 13:59:15,No temperature'
2023-09-30 15:23:38,707.Smoker_producer.INFO  [x] Sent b'05/22/21 13:59:35,No temperature'
2023-09-30 15:23:38,715.Smoker_producer.INFO  [x] Sent b'05/22/21 13:59:35,43.1'
2023-09-30 15:23:38,721.Smoker_producer.INFO  [x] Sent b'05/22/21 13:59:35,No temperature'
2023-09-30 15:23:39,733.Smoker_producer.INFO  [x] Sent b'05/22/21 13:59:40,No temperature'
2023-09-30 15:23:39,739.Smoker_producer.INFO  [x] Sent b'05/22/21 13:59:40,43.1'
2023-09-30 15:23:39,746.Smoker_producer.INFO  [x] Sent b'05/22/21 13:59:40,37.6'
2023-09-30 15:23:40,765.Smoker_producer.INFO  [x] Sent b'05/22/21 13:59:45,No temperature'
2023-09-30 15:23:40,772.Smoker_producer.INFO  [x] Sent b'05/22/21 13:59:45,No temperature'
2023-09-30 15:23:40,780.Smoker_producer.INFO  [x] Sent b'05/22/21 13:59:45,37.6'
2023-09-30 15:23:41,805.Smoker_producer.INFO  [x] Sent b'05/22/21 14:00:10,240.1'
2023-09-30 15:23:41,814.Smoker_producer.INFO  [x] Sent b'05/22/21 14:00:10,No temperature'
2023-09-30 15:23:41,821.Smoker_producer.INFO  [x] Sent b'05/22/21 14:00:10,No temperature'
2023-09-30 15:23:42,834.Smoker_producer.INFO  [x] Sent b'05/22/21 14:00:15,240.1'
2023-09-30 15:23:42,843.Smoker_producer.INFO  [x] Sent b'05/22/21 14:00:15,No temperature'
2023-09-30 15:23:42,849.Smoker_producer.INFO  [x] Sent b'05/22/21 14:00:15,No temperature'
2023-09-30 15:23:43,862.Smoker_producer.INFO  [x] Sent b'05/22/21 14:00:35,No temperature'
2023-09-30 15:23:43,870.Smoker_producer.INFO  [x] Sent b'05/22/21 14:00:35,44.1'
2023-09-30 15:23:43,877.Smoker_producer.INFO  [x] Sent b'05/22/21 14:00:35,No temperature'
2023-09-30 15:23:44,888.Smoker_producer.INFO  [x] Sent b'05/22/21 14:00:40,No temperature'
2023-09-30 15:23:44,899.Smoker_producer.INFO  [x] Sent b'05/22/21 14:00:40,44.1'
2023-09-30 15:23:44,904.Smoker_producer.INFO  [x] Sent b'05/22/21 14:00:40,38.0'
2023-09-30 15:23:45,918.Smoker_producer.INFO  [x] Sent b'05/22/21 14:00:45,No temperature'
2023-09-30 15:23:45,931.Smoker_producer.INFO  [x] Sent b'05/22/21 14:00:45,No temperature'
2023-09-30 15:23:45,940.Smoker_producer.INFO  [x] Sent b'05/22/21 14:00:45,38.0'
2023-09-30 15:23:46,961.Smoker_producer.INFO  [x] Sent b'05/22/21 14:01:10,239.8'
2023-09-30 15:23:46,971.Smoker_producer.INFO  [x] Sent b'05/22/21 14:01:10,No temperature'
2023-09-30 15:23:46,977.Smoker_producer.INFO  [x] Sent b'05/22/21 14:01:10,No temperature'
2023-09-30 15:23:47,991.Smoker_producer.INFO  [x] Sent b'05/22/21 14:01:15,239.8'
2023-09-30 15:23:48,007.Smoker_producer.INFO  [x] Sent b'05/22/21 14:01:15,No temperature'
2023-09-30 15:23:48,016.Smoker_producer.INFO  [x] Sent b'05/22/21 14:01:15,No temperature'
2023-09-30 15:23:49,034.Smoker_producer.INFO  [x] Sent b'05/22/21 14:01:35,No temperature'
2023-09-30 15:23:49,044.Smoker_producer.INFO  [x] Sent b'05/22/21 14:01:35,45.1'
2023-09-30 15:23:49,050.Smoker_producer.INFO  [x] Sent b'05/22/21 14:01:35,No temperature'
2023-09-30 15:23:50,073.Smoker_producer.INFO  [x] Sent b'05/22/21 14:01:40,No temperature'
2023-09-30 15:23:50,082.Smoker_producer.INFO  [x] Sent b'05/22/21 14:01:40,45.1'
2023-09-30 15:23:50,088.Smoker_producer.INFO  [x] Sent b'05/22/21 14:01:40,38.5'
2023-09-30 15:23:51,105.Smoker_producer.INFO  [x] Sent b'05/22/21 14:01:45,No temperature'
2023-09-30 15:23:51,115.Smoker_producer.INFO  [x] Sent b'05/22/21 14:01:45,No temperature'
2023-09-30 15:23:51,121.Smoker_producer.INFO  [x] Sent b'05/22/21 14:01:45,38.5'
2023-09-30 15:23:52,140.Smoker_producer.INFO  [x] Sent b'05/22/21 14:02:10,239.9'
2023-09-30 15:23:52,150.Smoker_producer.INFO  [x] Sent b'05/22/21 14:02:10,No temperature'
2023-09-30 15:23:52,155.Smoker_producer.INFO  [x] Sent b'05/22/21 14:02:10,No temperature'
2023-09-30 15:23:53,167.Smoker_producer.INFO  [x] Sent b'05/22/21 14:02:15,239.9'
2023-09-30 15:23:53,176.Smoker_producer.INFO  [x] Sent b'05/22/21 14:02:15,No temperature'
2023-09-30 15:23:53,183.Smoker_producer.INFO  [x] Sent b'05/22/21 14:02:15,No temperature'
2023-09-30 15:23:54,196.Smoker_producer.INFO  [x] Sent b'05/22/21 14:02:35,No temperature'
2023-09-30 15:23:54,209.Smoker_producer.INFO  [x] Sent b'05/22/21 14:02:35,46.0'
2023-09-30 15:23:54,216.Smoker_producer.INFO  [x] Sent b'05/22/21 14:02:35,No temperature'
2023-09-30 15:23:55,235.Smoker_producer.INFO  [x] Sent b'05/22/21 14:02:40,No temperature'
2023-09-30 15:23:55,245.Smoker_producer.INFO  [x] Sent b'05/22/21 14:02:40,46.0'
2023-09-30 15:23:55,251.Smoker_producer.INFO  [x] Sent b'05/22/21 14:02:40,39.2'
2023-09-30 15:23:56,277.Smoker_producer.INFO  [x] Sent b'05/22/21 14:02:45,No temperature'
2023-09-30 15:23:56,289.Smoker_producer.INFO  [x] Sent b'05/22/21 14:02:45,No temperature'
2023-09-30 15:23:56,299.Smoker_producer.INFO  [x] Sent b'05/22/21 14:02:45,39.2'
2023-09-30 15:23:57,323.Smoker_producer.INFO  [x] Sent b'05/22/21 14:03:10,240.4'
2023-09-30 15:23:57,332.Smoker_producer.INFO  [x] Sent b'05/22/21 14:03:10,No temperature'
2023-09-30 15:23:57,337.Smoker_producer.INFO  [x] Sent b'05/22/21 14:03:10,No temperature'
2023-09-30 15:23:58,359.Smoker_producer.INFO  [x] Sent b'05/22/21 14:03:15,240.4'
2023-09-30 15:23:58,368.Smoker_producer.INFO  [x] Sent b'05/22/21 14:03:15,No temperature'
2023-09-30 15:23:58,374.Smoker_producer.INFO  [x] Sent b'05/22/21 14:03:15,No temperature'
2023-09-30 15:23:59,387.Smoker_producer.INFO  [x] Sent b'05/22/21 14:03:35,No temperature'
2023-09-30 15:23:59,398.Smoker_producer.INFO  [x] Sent b'05/22/21 14:03:35,47.1'
2023-09-30 15:23:59,405.Smoker_producer.INFO  [x] Sent b'05/22/21 14:03:35,No temperature'
2023-09-30 15:24:00,428.Smoker_producer.INFO  [x] Sent b'05/22/21 14:03:40,No temperature'
2023-09-30 15:24:00,436.Smoker_producer.INFO  [x] Sent b'05/22/21 14:03:40,47.1'
2023-09-30 15:24:00,444.Smoker_producer.INFO  [x] Sent b'05/22/21 14:03:40,39.8'
2023-09-30 15:24:01,471.Smoker_producer.INFO  [x] Sent b'05/22/21 14:03:45,No temperature'
2023-09-30 15:24:01,479.Smoker_producer.INFO  [x] Sent b'05/22/21 14:03:45,No temperature'
2023-09-30 15:24:01,485.Smoker_producer.INFO  [x] Sent b'05/22/21 14:03:45,39.8'
2023-09-30 15:24:02,497.Smoker_producer.INFO  [x] Sent b'05/22/21 14:04:10,240.8'
2023-09-30 15:24:02,506.Smoker_producer.INFO  [x] Sent b'05/22/21 14:04:10,No temperature'
2023-09-30 15:24:02,514.Smoker_producer.INFO  [x] Sent b'05/22/21 14:04:10,No temperature'
2023-09-30 15:24:03,530.Smoker_producer.INFO  [x] Sent b'05/22/21 14:04:15,240.8'
2023-09-30 15:24:03,539.Smoker_producer.INFO  [x] Sent b'05/22/21 14:04:15,No temperature'
2023-09-30 15:24:03,544.Smoker_producer.INFO  [x] Sent b'05/22/21 14:04:15,No temperature'
2023-09-30 15:24:04,557.Smoker_producer.INFO  [x] Sent b'05/22/21 14:04:35,No temperature'
2023-09-30 15:24:04,566.Smoker_producer.INFO  [x] Sent b'05/22/21 14:04:35,48.2'
2023-09-30 15:24:04,573.Smoker_producer.INFO  [x] Sent b'05/22/21 14:04:35,No temperature'
2023-09-30 15:24:05,586.Smoker_producer.INFO  [x] Sent b'05/22/21 14:04:40,No temperature'
2023-09-30 15:24:05,595.Smoker_producer.INFO  [x] Sent b'05/22/21 14:04:40,48.2'
2023-09-30 15:24:05,602.Smoker_producer.INFO  [x] Sent b'05/22/21 14:04:40,40.4'
2023-09-30 15:24:06,643.Smoker_producer.INFO  [x] Sent b'05/22/21 14:04:45,No temperature'
2023-09-30 15:24:06,653.Smoker_producer.INFO  [x] Sent b'05/22/21 14:04:45,No temperature'
2023-09-30 15:24:06,662.Smoker_producer.INFO  [x] Sent b'05/22/21 14:04:45,40.4'
2023-09-30 15:24:07,675.Smoker_producer.INFO  [x] Sent b'05/22/21 14:05:10,241.3'
2023-09-30 15:24:07,685.Smoker_producer.INFO  [x] Sent b'05/22/21 14:05:10,No temperature'
2023-09-30 15:24:07,692.Smoker_producer.INFO  [x] Sent b'05/22/21 14:05:10,No temperature'
2023-09-30 15:24:08,710.Smoker_producer.INFO  [x] Sent b'05/22/21 14:05:15,241.3'
2023-09-30 15:24:08,723.Smoker_producer.INFO  [x] Sent b'05/22/21 14:05:15,No temperature'
2023-09-30 15:24:08,732.Smoker_producer.INFO  [x] Sent b'05/22/21 14:05:15,No temperature'
2023-09-30 15:24:09,749.Smoker_producer.INFO  [x] Sent b'05/22/21 14:05:35,No temperature'
2023-09-30 15:24:09,758.Smoker_producer.INFO  [x] Sent b'05/22/21 14:05:35,49.4'
2023-09-30 15:24:09,764.Smoker_producer.INFO  [x] Sent b'05/22/21 14:05:35,No temperature'
2023-09-30 15:24:10,782.Smoker_producer.INFO  [x] Sent b'05/22/21 14:05:40,No temperature'
2023-09-30 15:24:10,792.Smoker_producer.INFO  [x] Sent b'05/22/21 14:05:40,49.4'
2023-09-30 15:24:10,798.Smoker_producer.INFO  [x] Sent b'05/22/21 14:05:40,41.1'
2023-09-30 15:24:11,811.Smoker_producer.INFO  [x] Sent b'05/22/21 14:05:45,No temperature'
2023-09-30 15:24:11,819.Smoker_producer.INFO  [x] Sent b'05/22/21 14:05:45,No temperature'
2023-09-30 15:24:11,825.Smoker_producer.INFO  [x] Sent b'05/22/21 14:05:45,41.1'
2023-09-30 15:24:12,836.Smoker_producer.INFO  [x] Sent b'05/22/21 14:06:10,241.7'
2023-09-30 15:24:12,847.Smoker_producer.INFO  [x] Sent b'05/22/21 14:06:10,No temperature'
2023-09-30 15:24:12,864.Smoker_producer.INFO  [x] Sent b'05/22/21 14:06:10,No temperature'
2023-09-30 15:24:13,879.Smoker_producer.INFO  [x] Sent b'05/22/21 14:06:15,241.7'
2023-09-30 15:24:13,887.Smoker_producer.INFO  [x] Sent b'05/22/21 14:06:15,No temperature'
2023-09-30 15:24:13,896.Smoker_producer.INFO  [x] Sent b'05/22/21 14:06:15,No temperature'
2023-09-30 15:24:14,913.Smoker_producer.INFO  [x] Sent b'05/22/21 14:06:35,No temperature'
2023-09-30 15:24:14,925.Smoker_producer.INFO  [x] Sent b'05/22/21 14:06:35,50.5'
2023-09-30 15:24:14,935.Smoker_producer.INFO  [x] Sent b'05/22/21 14:06:35,No temperature'
2023-09-30 15:24:15,948.Smoker_producer.INFO  [x] Sent b'05/22/21 14:06:40,No temperature'
2023-09-30 15:24:15,955.Smoker_producer.INFO  [x] Sent b'05/22/21 14:06:40,50.5'
2023-09-30 15:24:15,960.Smoker_producer.INFO  [x] Sent b'05/22/21 14:06:40,41.9'
2023-09-30 15:24:16,984.Smoker_producer.INFO  [x] Sent b'05/22/21 14:06:45,No temperature'
2023-09-30 15:24:16,996.Smoker_producer.INFO  [x] Sent b'05/22/21 14:06:45,No temperature'
2023-09-30 15:24:17,004.Smoker_producer.INFO  [x] Sent b'05/22/21 14:06:45,41.9'
2023-09-30 15:24:18,020.Smoker_producer.INFO  [x] Sent b'05/22/21 14:07:10,242.3'
2023-09-30 15:24:18,027.Smoker_producer.INFO  [x] Sent b'05/22/21 14:07:10,No temperature'
2023-09-30 15:24:18,033.Smoker_producer.INFO  [x] Sent b'05/22/21 14:07:10,No temperature'
2023-09-30 15:24:19,054.Smoker_producer.INFO  [x] Sent b'05/22/21 14:07:15,242.3'
2023-09-30 15:24:19,063.Smoker_producer.INFO  [x] Sent b'05/22/21 14:07:15,No temperature'
2023-09-30 15:24:19,070.Smoker_producer.INFO  [x] Sent b'05/22/21 14:07:15,No temperature'
2023-09-30 15:24:20,079.Smoker_producer.INFO  [x] Sent b'05/22/21 14:07:35,No temperature'
2023-09-30 15:24:20,086.Smoker_producer.INFO  [x] Sent b'05/22/21 14:07:35,51.8'
2023-09-30 15:24:20,092.Smoker_producer.INFO  [x] Sent b'05/22/21 14:07:35,No temperature'
2023-09-30 15:24:21,111.Smoker_producer.INFO  [x] Sent b'05/22/21 14:07:40,No temperature'
2023-09-30 15:24:21,123.Smoker_producer.INFO  [x] Sent b'05/22/21 14:07:40,51.8'
2023-09-30 15:24:21,132.Smoker_producer.INFO  [x] Sent b'05/22/21 14:07:40,42.7'
2023-09-30 15:24:22,143.Smoker_producer.INFO  [x] Sent b'05/22/21 14:07:45,No temperature'
2023-09-30 15:24:22,149.Smoker_producer.INFO  [x] Sent b'05/22/21 14:07:45,No temperature'
2023-09-30 15:24:22,155.Smoker_producer.INFO  [x] Sent b'05/22/21 14:07:45,42.7'
2023-09-30 15:24:23,170.Smoker_producer.INFO  [x] Sent b'05/22/21 14:08:10,243.4'
2023-09-30 15:24:23,179.Smoker_producer.INFO  [x] Sent b'05/22/21 14:08:10,No temperature'
2023-09-30 15:24:23,187.Smoker_producer.INFO  [x] Sent b'05/22/21 14:08:10,No temperature'
2023-09-30 15:24:24,210.Smoker_producer.INFO  [x] Sent b'05/22/21 14:08:15,243.4'
2023-09-30 15:24:24,219.Smoker_producer.INFO  [x] Sent b'05/22/21 14:08:15,No temperature'
2023-09-30 15:24:24,224.Smoker_producer.INFO  [x] Sent b'05/22/21 14:08:15,No temperature'
2023-09-30 15:24:25,245.Smoker_producer.INFO  [x] Sent b'05/22/21 14:08:35,No temperature'
2023-09-30 15:24:25,255.Smoker_producer.INFO  [x] Sent b'05/22/21 14:08:35,52.9'
2023-09-30 15:24:25,261.Smoker_producer.INFO  [x] Sent b'05/22/21 14:08:35,No temperature'
2023-09-30 15:24:26,287.Smoker_producer.INFO  [x] Sent b'05/22/21 14:08:40,No temperature'
2023-09-30 15:24:26,296.Smoker_producer.INFO  [x] Sent b'05/22/21 14:08:40,52.9'
2023-09-30 15:24:26,304.Smoker_producer.INFO  [x] Sent b'05/22/21 14:08:40,43.4'
2023-09-30 15:24:27,317.Smoker_producer.INFO  [x] Sent b'05/22/21 14:08:45,No temperature'
2023-09-30 15:24:27,326.Smoker_producer.INFO  [x] Sent b'05/22/21 14:08:45,No temperature'
2023-09-30 15:24:27,332.Smoker_producer.INFO  [x] Sent b'05/22/21 14:08:45,43.4'
2023-09-30 15:24:28,356.Smoker_producer.INFO  [x] Sent b'05/22/21 14:09:10,242.5'
2023-09-30 15:24:28,367.Smoker_producer.INFO  [x] Sent b'05/22/21 14:09:10,No temperature'
2023-09-30 15:24:28,374.Smoker_producer.INFO  [x] Sent b'05/22/21 14:09:10,No temperature'
2023-09-30 15:24:29,395.Smoker_producer.INFO  [x] Sent b'05/22/21 14:09:15,242.5'
2023-09-30 15:24:29,404.Smoker_producer.INFO  [x] Sent b'05/22/21 14:09:15,No temperature'
2023-09-30 15:24:29,411.Smoker_producer.INFO  [x] Sent b'05/22/21 14:09:15,No temperature'
2023-09-30 15:24:30,423.Smoker_producer.INFO  [x] Sent b'05/22/21 14:09:35,No temperature'
2023-09-30 15:24:30,434.Smoker_producer.INFO  [x] Sent b'05/22/21 14:09:35,54.2'
2023-09-30 15:24:30,469.Smoker_producer.INFO  [x] Sent b'05/22/21 14:09:35,No temperature'
2023-09-30 15:24:31,482.Smoker_producer.INFO  [x] Sent b'05/22/21 14:09:40,No temperature'
2023-09-30 15:24:31,492.Smoker_producer.INFO  [x] Sent b'05/22/21 14:09:40,54.2'
2023-09-30 15:24:31,499.Smoker_producer.INFO  [x] Sent b'05/22/21 14:09:40,44.3'
2023-09-30 15:24:32,514.Smoker_producer.INFO  [x] Sent b'05/22/21 14:09:45,No temperature'
2023-09-30 15:24:32,524.Smoker_producer.INFO  [x] Sent b'05/22/21 14:09:45,No temperature'
2023-09-30 15:24:32,531.Smoker_producer.INFO  [x] Sent b'05/22/21 14:09:45,44.3'
2023-09-30 15:24:33,550.Smoker_producer.INFO  [x] Sent b'05/22/21 14:10:10,242.1'
2023-09-30 15:24:33,560.Smoker_producer.INFO  [x] Sent b'05/22/21 14:10:10,No temperature'
2023-09-30 15:24:33,568.Smoker_producer.INFO  [x] Sent b'05/22/21 14:10:10,No temperature'
2023-09-30 15:24:34,590.Smoker_producer.INFO  [x] Sent b'05/22/21 14:10:15,242.1'
2023-09-30 15:24:34,601.Smoker_producer.INFO  [x] Sent b'05/22/21 14:10:15,No temperature'
2023-09-30 15:24:34,608.Smoker_producer.INFO  [x] Sent b'05/22/21 14:10:15,No temperature'
2023-09-30 15:24:35,619.Smoker_producer.INFO  [x] Sent b'05/22/21 14:10:35,No temperature'
2023-09-30 15:24:35,631.Smoker_producer.INFO  [x] Sent b'05/22/21 14:10:35,55.6'
2023-09-30 15:24:35,638.Smoker_producer.INFO  [x] Sent b'05/22/21 14:10:35,No temperature'
2023-09-30 15:24:36,662.Smoker_producer.INFO  [x] Sent b'05/22/21 14:10:40,No temperature'
2023-09-30 15:24:36,675.Smoker_producer.INFO  [x] Sent b'05/22/21 14:10:40,55.6'
2023-09-30 15:24:36,683.Smoker_producer.INFO  [x] Sent b'05/22/21 14:10:40,45.4'
2023-09-30 15:24:37,705.Smoker_producer.INFO  [x] Sent b'05/22/21 14:10:45,No temperature'
2023-09-30 15:24:37,713.Smoker_producer.INFO  [x] Sent b'05/22/21 14:10:45,No temperature'
2023-09-30 15:24:37,720.Smoker_producer.INFO  [x] Sent b'05/22/21 14:10:45,45.4'
2023-09-30 15:24:38,730.Smoker_producer.INFO  [x] Sent b'05/22/21 14:11:10,243.3'
2023-09-30 15:24:38,738.Smoker_producer.INFO  [x] Sent b'05/22/21 14:11:10,No temperature'
2023-09-30 15:24:38,745.Smoker_producer.INFO  [x] Sent b'05/22/21 14:11:10,No temperature'
2023-09-30 15:24:39,756.Smoker_producer.INFO  [x] Sent b'05/22/21 14:11:15,243.3'
2023-09-30 15:24:39,766.Smoker_producer.INFO  [x] Sent b'05/22/21 14:11:15,No temperature'
2023-09-30 15:24:39,773.Smoker_producer.INFO  [x] Sent b'05/22/21 14:11:15,No temperature'
2023-09-30 15:24:40,803.Smoker_producer.INFO  [x] Sent b'05/22/21 14:11:35,No temperature'
2023-09-30 15:24:40,809.Smoker_producer.INFO  [x] Sent b'05/22/21 14:11:35,56.8'
2023-09-30 15:24:40,817.Smoker_producer.INFO  [x] Sent b'05/22/21 14:11:35,No temperature'
2023-09-30 15:24:41,837.Smoker_producer.INFO  [x] Sent b'05/22/21 14:11:40,No temperature'
2023-09-30 15:24:41,845.Smoker_producer.INFO  [x] Sent b'05/22/21 14:11:40,56.8'
2023-09-30 15:24:41,852.Smoker_producer.INFO  [x] Sent b'05/22/21 14:11:40,46.1'
2023-09-30 15:24:42,864.Smoker_producer.INFO  [x] Sent b'05/22/21 14:11:45,No temperature'
2023-09-30 15:24:42,873.Smoker_producer.INFO  [x] Sent b'05/22/21 14:11:45,No temperature'
2023-09-30 15:24:42,883.Smoker_producer.INFO  [x] Sent b'05/22/21 14:11:45,46.1'
2023-09-30 15:24:43,909.Smoker_producer.INFO  [x] Sent b'05/22/21 14:12:10,244.0'
2023-09-30 15:24:43,919.Smoker_producer.INFO  [x] Sent b'05/22/21 14:12:10,No temperature'
2023-09-30 15:24:43,926.Smoker_producer.INFO  [x] Sent b'05/22/21 14:12:10,No temperature'
2023-09-30 15:24:44,951.Smoker_producer.INFO  [x] Sent b'05/22/21 14:12:15,244.0'
2023-09-30 15:24:44,978.Smoker_producer.INFO  [x] Sent b'05/22/21 14:12:15,No temperature'
2023-09-30 15:24:44,987.Smoker_producer.INFO  [x] Sent b'05/22/21 14:12:15,No temperature'
2023-09-30 15:24:46,006.Smoker_producer.INFO  [x] Sent b'05/22/21 14:12:35,No temperature'
2023-09-30 15:24:46,018.Smoker_producer.INFO  [x] Sent b'05/22/21 14:12:35,58.2'
2023-09-30 15:24:46,024.Smoker_producer.INFO  [x] Sent b'05/22/21 14:12:35,No temperature'
2023-09-30 15:24:47,046.Smoker_producer.INFO  [x] Sent b'05/22/21 14:12:40,No temperature'
2023-09-30 15:24:47,058.Smoker_producer.INFO  [x] Sent b'05/22/21 14:12:40,58.2'
2023-09-30 15:24:47,064.Smoker_producer.INFO  [x] Sent b'05/22/21 14:12:40,47.1'
2023-09-30 15:24:48,086.Smoker_producer.INFO  [x] Sent b'05/22/21 14:12:45,No temperature'
2023-09-30 15:24:48,095.Smoker_producer.INFO  [x] Sent b'05/22/21 14:12:45,No temperature'
2023-09-30 15:24:48,102.Smoker_producer.INFO  [x] Sent b'05/22/21 14:12:45,47.1'
2023-09-30 15:24:49,126.Smoker_producer.INFO  [x] Sent b'05/22/21 14:13:10,244.3'
2023-09-30 15:24:49,132.Smoker_producer.INFO  [x] Sent b'05/22/21 14:13:10,No temperature'
2023-09-30 15:24:49,140.Smoker_producer.INFO  [x] Sent b'05/22/21 14:13:10,No temperature'
2023-09-30 15:24:50,159.Smoker_producer.INFO  [x] Sent b'05/22/21 14:13:15,244.3'
2023-09-30 15:24:50,174.Smoker_producer.INFO  [x] Sent b'05/22/21 14:13:15,No temperature'
2023-09-30 15:24:50,183.Smoker_producer.INFO  [x] Sent b'05/22/21 14:13:15,No temperature'
2023-09-30 15:24:51,202.Smoker_producer.INFO  [x] Sent b'05/22/21 14:13:35,No temperature'
2023-09-30 15:24:51,210.Smoker_producer.INFO  [x] Sent b'05/22/21 14:13:35,59.4'
2023-09-30 15:24:51,221.Smoker_producer.INFO  [x] Sent b'05/22/21 14:13:35,No temperature'
2023-09-30 15:24:52,243.Smoker_producer.INFO  [x] Sent b'05/22/21 14:13:40,No temperature'
2023-09-30 15:24:52,252.Smoker_producer.INFO  [x] Sent b'05/22/21 14:13:40,59.4'
2023-09-30 15:24:52,272.Smoker_producer.INFO  [x] Sent b'05/22/21 14:13:40,48.1'
2023-09-30 15:24:53,287.Smoker_producer.INFO  [x] Sent b'05/22/21 14:13:45,No temperature'
2023-09-30 15:24:53,294.Smoker_producer.INFO  [x] Sent b'05/22/21 14:13:45,No temperature'
2023-09-30 15:24:53,301.Smoker_producer.INFO  [x] Sent b'05/22/21 14:13:45,48.1'
2023-09-30 15:24:54,322.Smoker_producer.INFO  [x] Sent b'05/22/21 14:14:10,244.7'
2023-09-30 15:24:54,332.Smoker_producer.INFO  [x] Sent b'05/22/21 14:14:10,No temperature'
2023-09-30 15:24:54,341.Smoker_producer.INFO  [x] Sent b'05/22/21 14:14:10,No temperature'
2023-09-30 15:24:55,364.Smoker_producer.INFO  [x] Sent b'05/22/21 14:14:15,244.7'
2023-09-30 15:24:55,379.Smoker_producer.INFO  [x] Sent b'05/22/21 14:14:15,No temperature'
2023-09-30 15:24:55,389.Smoker_producer.INFO  [x] Sent b'05/22/21 14:14:15,No temperature'
2023-09-30 15:24:56,403.Smoker_producer.INFO  [x] Sent b'05/22/21 14:14:35,No temperature'
2023-09-30 15:24:56,412.Smoker_producer.INFO  [x] Sent b'05/22/21 14:14:35,60.7'
2023-09-30 15:24:56,423.Smoker_producer.INFO  [x] Sent b'05/22/21 14:14:35,No temperature'
2023-09-30 15:24:57,440.Smoker_producer.INFO  [x] Sent b'05/22/21 14:14:40,No temperature'
2023-09-30 15:24:57,449.Smoker_producer.INFO  [x] Sent b'05/22/21 14:14:40,60.7'
2023-09-30 15:24:57,458.Smoker_producer.INFO  [x] Sent b'05/22/21 14:14:40,49.1'
2023-09-30 15:24:58,483.Smoker_producer.INFO  [x] Sent b'05/22/21 14:14:45,No temperature'
2023-09-30 15:24:58,491.Smoker_producer.INFO  [x] Sent b'05/22/21 14:14:45,No temperature'
2023-09-30 15:24:58,497.Smoker_producer.INFO  [x] Sent b'05/22/21 14:14:45,49.1'
2023-09-30 15:24:59,508.Smoker_producer.INFO  [x] Sent b'05/22/21 14:15:10,245.2'
2023-09-30 15:24:59,516.Smoker_producer.INFO  [x] Sent b'05/22/21 14:15:10,No temperature'
2023-09-30 15:24:59,523.Smoker_producer.INFO  [x] Sent b'05/22/21 14:15:10,No temperature'
2023-09-30 15:25:00,545.Smoker_producer.INFO  [x] Sent b'05/22/21 14:15:15,245.2'
2023-09-30 15:25:00,553.Smoker_producer.INFO  [x] Sent b'05/22/21 14:15:15,No temperature'
2023-09-30 15:25:00,560.Smoker_producer.INFO  [x] Sent b'05/22/21 14:15:15,No temperature'
2023-09-30 15:25:01,585.Smoker_producer.INFO  [x] Sent b'05/22/21 14:15:35,No temperature'
2023-09-30 15:25:01,595.Smoker_producer.INFO  [x] Sent b'05/22/21 14:15:35,62.1'
2023-09-30 15:25:01,603.Smoker_producer.INFO  [x] Sent b'05/22/21 14:15:35,No temperature'
2023-09-30 15:25:02,625.Smoker_producer.INFO  [x] Sent b'05/22/21 14:15:40,No temperature'
2023-09-30 15:25:02,635.Smoker_producer.INFO  [x] Sent b'05/22/21 14:15:40,62.1'
2023-09-30 15:25:02,641.Smoker_producer.INFO  [x] Sent b'05/22/21 14:15:40,50.2'
2023-09-30 15:25:03,660.Smoker_producer.INFO  [x] Sent b'05/22/21 14:15:45,No temperature'
2023-09-30 15:25:03,668.Smoker_producer.INFO  [x] Sent b'05/22/21 14:15:45,No temperature'
2023-09-30 15:25:03,674.Smoker_producer.INFO  [x] Sent b'05/22/21 14:15:45,50.2'
2023-09-30 15:25:04,689.Smoker_producer.INFO  [x] Sent b'05/22/21 14:16:10,244.8'
2023-09-30 15:25:04,699.Smoker_producer.INFO  [x] Sent b'05/22/21 14:16:10,No temperature'
2023-09-30 15:25:04,707.Smoker_producer.INFO  [x] Sent b'05/22/21 14:16:10,No temperature'
2023-09-30 15:25:05,723.Smoker_producer.INFO  [x] Sent b'05/22/21 14:16:15,244.8'
2023-09-30 15:25:05,732.Smoker_producer.INFO  [x] Sent b'05/22/21 14:16:15,No temperature'
2023-09-30 15:25:05,739.Smoker_producer.INFO  [x] Sent b'05/22/21 14:16:15,No temperature'
2023-09-30 15:25:06,760.Smoker_producer.INFO  [x] Sent b'05/22/21 14:16:35,No temperature'
2023-09-30 15:25:06,767.Smoker_producer.INFO  [x] Sent b'05/22/21 14:16:35,63.3'
2023-09-30 15:25:06,773.Smoker_producer.INFO  [x] Sent b'05/22/21 14:16:35,No temperature'
2023-09-30 15:25:07,787.Smoker_producer.INFO  [x] Sent b'05/22/21 14:16:40,No temperature'
2023-09-30 15:25:07,795.Smoker_producer.INFO  [x] Sent b'05/22/21 14:16:40,63.3'
2023-09-30 15:25:07,802.Smoker_producer.INFO  [x] Sent b'05/22/21 14:16:40,51.2'
2023-09-30 15:25:08,817.Smoker_producer.INFO  [x] Sent b'05/22/21 14:16:45,No temperature'
2023-09-30 15:25:08,826.Smoker_producer.INFO  [x] Sent b'05/22/21 14:16:45,No temperature'
2023-09-30 15:25:08,832.Smoker_producer.INFO  [x] Sent b'05/22/21 14:16:45,51.2'
2023-09-30 15:25:09,850.Smoker_producer.INFO  [x] Sent b'05/22/21 14:17:10,245.3'
2023-09-30 15:25:09,858.Smoker_producer.INFO  [x] Sent b'05/22/21 14:17:10,No temperature'
2023-09-30 15:25:09,864.Smoker_producer.INFO  [x] Sent b'05/22/21 14:17:10,No temperature'
2023-09-30 15:25:10,879.Smoker_producer.INFO  [x] Sent b'05/22/21 14:17:15,245.3'
2023-09-30 15:25:10,888.Smoker_producer.INFO  [x] Sent b'05/22/21 14:17:15,No temperature'
2023-09-30 15:25:10,896.Smoker_producer.INFO  [x] Sent b'05/22/21 14:17:15,No temperature'
2023-09-30 15:25:11,919.Smoker_producer.INFO  [x] Sent b'05/22/21 14:17:35,No temperature'
2023-09-30 15:25:11,926.Smoker_producer.INFO  [x] Sent b'05/22/21 14:17:35,64.5'
2023-09-30 15:25:11,931.Smoker_producer.INFO  [x] Sent b'05/22/21 14:17:35,No temperature'
2023-09-30 15:25:12,943.Smoker_producer.INFO  [x] Sent b'05/22/21 14:17:40,No temperature'
2023-09-30 15:25:12,951.Smoker_producer.INFO  [x] Sent b'05/22/21 14:17:40,64.5'
2023-09-30 15:25:12,960.Smoker_producer.INFO  [x] Sent b'05/22/21 14:17:40,52.3'
2023-09-30 15:25:13,985.Smoker_producer.INFO  [x] Sent b'05/22/21 14:17:45,No temperature'
2023-09-30 15:25:13,994.Smoker_producer.INFO  [x] Sent b'05/22/21 14:17:45,No temperature'
2023-09-30 15:25:14,001.Smoker_producer.INFO  [x] Sent b'05/22/21 14:17:45,52.3'
2023-09-30 15:25:15,022.Smoker_producer.INFO  [x] Sent b'05/22/21 14:18:10,246.1'
2023-09-30 15:25:15,030.Smoker_producer.INFO  [x] Sent b'05/22/21 14:18:10,No temperature'
2023-09-30 15:25:15,035.Smoker_producer.INFO  [x] Sent b'05/22/21 14:18:10,No temperature'
2023-09-30 15:25:16,050.Smoker_producer.INFO  [x] Sent b'05/22/21 14:18:15,246.1'
2023-09-30 15:25:16,060.Smoker_producer.INFO  [x] Sent b'05/22/21 14:18:15,No temperature'
2023-09-30 15:25:16,066.Smoker_producer.INFO  [x] Sent b'05/22/21 14:18:15,No temperature'
2023-09-30 15:25:17,085.Smoker_producer.INFO  [x] Sent b'05/22/21 14:18:35,No temperature'
2023-09-30 15:25:17,095.Smoker_producer.INFO  [x] Sent b'05/22/21 14:18:35,65.6'
2023-09-30 15:25:17,100.Smoker_producer.INFO  [x] Sent b'05/22/21 14:18:35,No temperature'
2023-09-30 15:25:18,124.Smoker_producer.INFO  [x] Sent b'05/22/21 14:18:40,No temperature'
2023-09-30 15:25:18,136.Smoker_producer.INFO  [x] Sent b'05/22/21 14:18:40,65.6'
2023-09-30 15:25:18,144.Smoker_producer.INFO  [x] Sent b'05/22/21 14:18:40,53.3'
2023-09-30 15:25:19,168.Smoker_producer.INFO  [x] Sent b'05/22/21 14:18:45,No temperature'
2023-09-30 15:25:19,179.Smoker_producer.INFO  [x] Sent b'05/22/21 14:18:45,No temperature'
2023-09-30 15:25:19,186.Smoker_producer.INFO  [x] Sent b'05/22/21 14:18:45,53.3'
2023-09-30 15:25:20,214.Smoker_producer.INFO  [x] Sent b'05/22/21 14:19:10,247.7'
2023-09-30 15:25:20,229.Smoker_producer.INFO  [x] Sent b'05/22/21 14:19:10,No temperature'
2023-09-30 15:25:20,238.Smoker_producer.INFO  [x] Sent b'05/22/21 14:19:10,No temperature'
2023-09-30 15:25:21,256.Smoker_producer.INFO  [x] Sent b'05/22/21 14:19:15,247.7'
2023-09-30 15:25:21,263.Smoker_producer.INFO  [x] Sent b'05/22/21 14:19:15,No temperature'
2023-09-30 15:25:21,268.Smoker_producer.INFO  [x] Sent b'05/22/21 14:19:15,No temperature'
2023-09-30 15:25:22,287.Smoker_producer.INFO  [x] Sent b'05/22/21 14:19:35,No temperature'
2023-09-30 15:25:22,295.Smoker_producer.INFO  [x] Sent b'05/22/21 14:19:35,66.9'
2023-09-30 15:25:22,304.Smoker_producer.INFO  [x] Sent b'05/22/21 14:19:35,No temperature'
2023-09-30 15:25:23,328.Smoker_producer.INFO  [x] Sent b'05/22/21 14:19:40,No temperature'
2023-09-30 15:25:23,338.Smoker_producer.INFO  [x] Sent b'05/22/21 14:19:40,66.9'
2023-09-30 15:25:23,346.Smoker_producer.INFO  [x] Sent b'05/22/21 14:19:40,54.4'
2023-09-30 15:25:24,367.Smoker_producer.INFO  [x] Sent b'05/22/21 14:19:45,No temperature'
2023-09-30 15:25:24,374.Smoker_producer.INFO  [x] Sent b'05/22/21 14:19:45,No temperature'
2023-09-30 15:25:24,382.Smoker_producer.INFO  [x] Sent b'05/22/21 14:19:45,54.4'
2023-09-30 15:25:25,395.Smoker_producer.INFO  [x] Sent b'05/22/21 14:20:10,248.1'
2023-09-30 15:25:25,401.Smoker_producer.INFO  [x] Sent b'05/22/21 14:20:10,No temperature'
2023-09-30 15:25:25,408.Smoker_producer.INFO  [x] Sent b'05/22/21 14:20:10,No temperature'
2023-09-30 15:25:26,424.Smoker_producer.INFO  [x] Sent b'05/22/21 14:20:15,248.1'
2023-09-30 15:25:26,438.Smoker_producer.INFO  [x] Sent b'05/22/21 14:20:15,No temperature'
2023-09-30 15:25:26,444.Smoker_producer.INFO  [x] Sent b'05/22/21 14:20:15,No temperature'
2023-09-30 15:25:27,457.Smoker_producer.INFO  [x] Sent b'05/22/21 14:20:35,No temperature'
2023-09-30 15:25:27,465.Smoker_producer.INFO  [x] Sent b'05/22/21 14:20:35,68.1'
2023-09-30 15:25:27,475.Smoker_producer.INFO  [x] Sent b'05/22/21 14:20:35,No temperature'
2023-09-30 15:25:28,487.Smoker_producer.INFO  [x] Sent b'05/22/21 14:20:40,No temperature'
2023-09-30 15:25:28,498.Smoker_producer.INFO  [x] Sent b'05/22/21 14:20:40,68.1'
2023-09-30 15:25:28,505.Smoker_producer.INFO  [x] Sent b'05/22/21 14:20:40,55.6'
2023-09-30 15:25:29,528.Smoker_producer.INFO  [x] Sent b'05/22/21 14:20:45,No temperature'
2023-09-30 15:25:29,537.Smoker_producer.INFO  [x] Sent b'05/22/21 14:20:45,No temperature'
2023-09-30 15:25:29,545.Smoker_producer.INFO  [x] Sent b'05/22/21 14:20:45,55.6'
2023-09-30 15:25:30,560.Smoker_producer.INFO  [x] Sent b'05/22/21 14:21:10,248.8'
2023-09-30 15:25:30,572.Smoker_producer.INFO  [x] Sent b'05/22/21 14:21:10,No temperature'
2023-09-30 15:25:30,578.Smoker_producer.INFO  [x] Sent b'05/22/21 14:21:10,No temperature'
2023-09-30 15:25:31,599.Smoker_producer.INFO  [x] Sent b'05/22/21 14:21:15,248.8'
2023-09-30 15:25:31,609.Smoker_producer.INFO  [x] Sent b'05/22/21 14:21:15,No temperature'
2023-09-30 15:25:31,615.Smoker_producer.INFO  [x] Sent b'05/22/21 14:21:15,No temperature'
2023-09-30 15:25:32,629.Smoker_producer.INFO  [x] Sent b'05/22/21 14:21:35,No temperature'
2023-09-30 15:25:32,659.Smoker_producer.INFO  [x] Sent b'05/22/21 14:21:35,69.2'
2023-09-30 15:25:32,669.Smoker_producer.INFO  [x] Sent b'05/22/21 14:21:35,No temperature'
2023-09-30 15:25:33,687.Smoker_producer.INFO  [x] Sent b'05/22/21 14:21:40,No temperature'
2023-09-30 15:25:33,697.Smoker_producer.INFO  [x] Sent b'05/22/21 14:21:40,69.2'
2023-09-30 15:25:33,704.Smoker_producer.INFO  [x] Sent b'05/22/21 14:21:40,56.7'
2023-09-30 15:25:34,720.Smoker_producer.INFO  [x] Sent b'05/22/21 14:21:45,No temperature'
2023-09-30 15:25:34,747.Smoker_producer.INFO  [x] Sent b'05/22/21 14:21:45,No temperature'
2023-09-30 15:25:34,755.Smoker_producer.INFO  [x] Sent b'05/22/21 14:21:45,56.7'
2023-09-30 15:25:35,776.Smoker_producer.INFO  [x] Sent b'05/22/21 14:22:10,249.4'
2023-09-30 15:25:35,787.Smoker_producer.INFO  [x] Sent b'05/22/21 14:22:10,No temperature'
2023-09-30 15:25:35,796.Smoker_producer.INFO  [x] Sent b'05/22/21 14:22:10,No temperature'
2023-09-30 15:25:36,820.Smoker_producer.INFO  [x] Sent b'05/22/21 14:22:15,249.4'
2023-09-30 15:25:36,826.Smoker_producer.INFO  [x] Sent b'05/22/21 14:22:15,No temperature'
2023-09-30 15:25:36,834.Smoker_producer.INFO  [x] Sent b'05/22/21 14:22:15,No temperature'
2023-09-30 15:25:37,859.Smoker_producer.INFO  [x] Sent b'05/22/21 14:22:35,No temperature'
2023-09-30 15:25:37,868.Smoker_producer.INFO  [x] Sent b'05/22/21 14:22:35,70.3'
2023-09-30 15:25:37,875.Smoker_producer.INFO  [x] Sent b'05/22/21 14:22:35,No temperature'
2023-09-30 15:25:38,888.Smoker_producer.INFO  [x] Sent b'05/22/21 14:22:40,No temperature'
2023-09-30 15:25:38,898.Smoker_producer.INFO  [x] Sent b'05/22/21 14:22:40,70.3'
2023-09-30 15:25:38,905.Smoker_producer.INFO  [x] Sent b'05/22/21 14:22:40,57.9'
2023-09-30 15:25:39,929.Smoker_producer.INFO  [x] Sent b'05/22/21 14:22:45,No temperature'
2023-09-30 15:25:39,940.Smoker_producer.INFO  [x] Sent b'05/22/21 14:22:45,No temperature'
2023-09-30 15:25:39,948.Smoker_producer.INFO  [x] Sent b'05/22/21 14:22:45,57.9'
2023-09-30 15:25:40,973.Smoker_producer.INFO  [x] Sent b'05/22/21 14:23:10,249.8'
2023-09-30 15:25:40,981.Smoker_producer.INFO  [x] Sent b'05/22/21 14:23:10,No temperature'
2023-09-30 15:25:40,988.Smoker_producer.INFO  [x] Sent b'05/22/21 14:23:10,No temperature'
2023-09-30 15:25:42,003.Smoker_producer.INFO  [x] Sent b'05/22/21 14:23:15,249.8'
2023-09-30 15:25:42,016.Smoker_producer.INFO  [x] Sent b'05/22/21 14:23:15,No temperature'
2023-09-30 15:25:42,024.Smoker_producer.INFO  [x] Sent b'05/22/21 14:23:15,No temperature'
