2023-09-30 15:19:55,703.Smoker_consumer.INFO ==================================================
2023-09-30 15:19:55,704.Smoker_consumer.INFO Today is 2023-09-30 at 03:19 PM
2023-09-30 15:19:55,705.Smoker_consumer.INFO Running on: nt Windows 10
2023-09-30 15:19:55,705.Smoker_consumer.INFO Python version:  3.9.12
2023-09-30 15:19:55,706.Smoker_consumer.INFO Python path: C:\Users\alhal\miniconda3
2023-09-30 15:19:55,706.Smoker_consumer.INFO Working dir: C:\Users\alhal\OneDrive\Documents\44-671\streaming-05-smart-smoker
2023-09-30 15:19:55,708.Smoker_consumer.INFO ==================================================
2023-09-30 15:19:55,755.Smoker_consumer.INFO  [*] Ready for work. To exit press CTRL+C
2023-09-30 15:19:56,067.Smoker_consumer.INFO  [x] Received 05/22/21 12:32:15,120.1
2023-09-30 15:19:56,068.Smoker_consumer.INFO  [x] Done.
2023-09-30 15:19:57,100.Smoker_consumer.INFO  [x] Received 05/22/21 12:33:10,106.2
2023-09-30 15:19:57,100.Smoker_consumer.INFO  [x] Done.
2023-09-30 15:19:58,139.Smoker_consumer.INFO  [x] Received 05/22/21 12:33:15,106.2
2023-09-30 15:19:58,140.Smoker_consumer.INFO  [x] Done.
2023-09-30 15:19:59,182.Smoker_consumer.INFO  [x] Received 05/22/21 12:34:10,103.5
2023-09-30 15:19:59,182.Smoker_consumer.INFO  [x] Done.
2023-09-30 15:20:00,210.Smoker_consumer.INFO  [x] Received 05/22/21 12:34:15,103.5
2023-09-30 15:20:00,210.Smoker_consumer.INFO  [x] Done.
2023-09-30 15:20:01,251.Smoker_consumer.INFO  [x] Received 05/22/21 12:35:10,105.3
2023-09-30 15:20:01,251.Smoker_consumer.INFO  [x] Done.
2023-09-30 15:20:02,281.Smoker_consumer.INFO  [x] Received 05/22/21 12:35:15,105.3
2023-09-30 15:20:02,281.Smoker_consumer.INFO  [x] Done.
2023-09-30 15:20:03,314.Smoker_consumer.INFO  [x] Received 05/22/21 12:36:10,106.9
2023-09-30 15:20:03,314.Smoker_consumer.INFO  [x] Done.
2023-09-30 15:20:04,340.Smoker_consumer.INFO  [x] Received 05/22/21 12:36:15,106.9
2023-09-30 15:20:04,340.Smoker_consumer.INFO  [x] Done.
2023-09-30 15:20:05,383.Smoker_consumer.INFO  [x] Received 05/22/21 12:37:10,111.9
2023-09-30 15:20:05,383.Smoker_consumer.INFO  [x] Done.
2023-09-30 15:20:06,420.Smoker_consumer.INFO  [x] Received 05/22/21 12:37:15,111.9
2023-09-30 15:20:06,420.Smoker_consumer.INFO  [x] Done.
2023-09-30 15:20:07,448.Smoker_consumer.INFO  [x] Received 05/22/21 12:38:10,114.2
2023-09-30 15:20:07,448.Smoker_consumer.INFO  [x] Done.
2023-09-30 15:20:08,482.Smoker_consumer.INFO  [x] Received 05/22/21 12:38:15,114.2
2023-09-30 15:20:08,482.Smoker_consumer.INFO  [x] Done.
2023-09-30 15:20:09,553.Smoker_consumer.INFO  [x] Received 05/22/21 12:39:10,115.5
2023-09-30 15:20:09,553.Smoker_consumer.INFO  [x] Done.
2023-09-30 15:20:10,583.Smoker_consumer.INFO  [x] Received 05/22/21 12:39:15,115.5
2023-09-30 15:20:10,584.Smoker_consumer.INFO  [x] Done.
2023-09-30 15:20:11,628.Smoker_consumer.INFO  [x] Received 05/22/21 12:40:10,112.6
2023-09-30 15:20:11,628.Smoker_consumer.INFO  [x] Done.
2023-09-30 15:20:12,683.Smoker_consumer.INFO  [x] Received 05/22/21 12:40:15,112.6
2023-09-30 15:20:12,684.Smoker_consumer.INFO  [x] Done.
2023-09-30 15:20:13,725.Smoker_consumer.INFO  [x] Received 05/22/21 12:41:10,118.8
2023-09-30 15:20:13,725.Smoker_consumer.INFO  [x] Done.
2023-09-30 15:20:14,760.Smoker_consumer.INFO  [x] Received 05/22/21 12:41:15,118.8
2023-09-30 15:20:14,760.Smoker_consumer.INFO  [x] Done.
2023-09-30 15:20:15,799.Smoker_consumer.INFO  [x] Received 05/22/21 12:42:10,113.2
2023-09-30 15:20:15,799.Smoker_consumer.INFO  [x] Done.
2023-09-30 15:20:16,830.Smoker_consumer.INFO  [x] Received 05/22/21 12:42:15,113.2
2023-09-30 15:20:16,830.Smoker_consumer.INFO  [x] Done.
2023-09-30 15:20:17,870.Smoker_consumer.INFO  [x] Received 05/22/21 12:43:10,126.7
2023-09-30 15:20:17,870.Smoker_consumer.INFO  [x] Done.
2023-09-30 15:20:18,911.Smoker_consumer.INFO  [x] Received 05/22/21 12:43:15,126.7
2023-09-30 15:20:18,911.Smoker_consumer.INFO  [x] Done.
2023-09-30 15:20:19,948.Smoker_consumer.INFO  [x] Received 05/22/21 12:44:10,130.0
2023-09-30 15:20:19,948.Smoker_consumer.INFO  [x] Done.
2023-09-30 15:20:20,984.Smoker_consumer.INFO  [x] Received 05/22/21 12:44:15,130.0
2023-09-30 15:20:20,984.Smoker_consumer.INFO  [x] Done.
2023-09-30 15:20:22,015.Smoker_consumer.INFO  [x] Received 05/22/21 12:45:10,130.0
2023-09-30 15:20:22,015.Smoker_consumer.INFO  [x] Done.
2023-09-30 15:20:23,053.Smoker_consumer.INFO  [x] Received 05/22/21 12:45:15,130.0
2023-09-30 15:20:23,053.Smoker_consumer.INFO  [x] Done.
2023-09-30 15:20:24,096.Smoker_consumer.INFO  [x] Received 05/22/21 12:46:10,137.3
2023-09-30 15:20:24,097.Smoker_consumer.INFO  [x] Done.
2023-09-30 15:20:25,122.Smoker_consumer.INFO  [x] Received 05/22/21 12:46:15,137.3
2023-09-30 15:20:25,123.Smoker_consumer.INFO  [x] Done.
2023-09-30 15:20:26,153.Smoker_consumer.INFO  [x] Received 05/22/21 12:47:10,139.5
2023-09-30 15:20:26,153.Smoker_consumer.INFO  [x] Done.
2023-09-30 15:20:27,185.Smoker_consumer.INFO  [x] Received 05/22/21 12:47:15,139.5
2023-09-30 15:20:27,186.Smoker_consumer.INFO  [x] Done.
2023-09-30 15:20:28,226.Smoker_consumer.INFO  [x] Received 05/22/21 12:48:10,141.8
2023-09-30 15:20:28,227.Smoker_consumer.INFO  [x] Done.
2023-09-30 15:20:29,262.Smoker_consumer.INFO  [x] Received 05/22/21 12:48:15,141.8
2023-09-30 15:20:29,263.Smoker_consumer.INFO  [x] Done.
2023-09-30 15:20:30,298.Smoker_consumer.INFO  [x] Received 05/22/21 12:49:10,143.6
2023-09-30 15:20:30,298.Smoker_consumer.INFO  [x] Done.
2023-09-30 15:20:31,328.Smoker_consumer.INFO  [x] Received 05/22/21 12:49:15,143.6
2023-09-30 15:20:31,328.Smoker_consumer.INFO  [x] Done.
2023-09-30 15:20:32,362.Smoker_consumer.INFO  [x] Received 05/22/21 12:50:10,145.0
2023-09-30 15:20:32,363.Smoker_consumer.INFO  [x] Done.
2023-09-30 15:20:33,406.Smoker_consumer.INFO  [x] Received 05/22/21 12:50:15,145.0
2023-09-30 15:20:33,406.Smoker_consumer.INFO  [x] Done.
2023-09-30 15:20:34,432.Smoker_consumer.INFO  [x] Received 05/22/21 12:51:10,146.2
2023-09-30 15:20:34,433.Smoker_consumer.INFO  [x] Done.
2023-09-30 15:20:35,475.Smoker_consumer.INFO  [x] Received 05/22/21 12:51:15,146.2
2023-09-30 15:20:35,475.Smoker_consumer.INFO  [x] Done.
2023-09-30 15:20:36,531.Smoker_consumer.INFO  [x] Received 05/22/21 12:52:10,147.5
2023-09-30 15:20:36,533.Smoker_consumer.INFO  [x] Done.
2023-09-30 15:20:37,560.Smoker_consumer.INFO  [x] Received 05/22/21 12:52:15,147.5
2023-09-30 15:20:37,560.Smoker_consumer.INFO  [x] Done.
2023-09-30 15:20:38,592.Smoker_consumer.INFO  [x] Received 05/22/21 12:53:10,148.7
2023-09-30 15:20:38,593.Smoker_consumer.INFO  [x] Done.
2023-09-30 15:20:39,648.Smoker_consumer.INFO  [x] Received 05/22/21 12:53:15,148.7
2023-09-30 15:20:39,648.Smoker_consumer.INFO  [x] Done.
2023-09-30 15:20:40,678.Smoker_consumer.INFO  [x] Received 05/22/21 12:54:10,149.9
2023-09-30 15:20:40,678.Smoker_consumer.INFO  [x] Done.
2023-09-30 15:20:41,710.Smoker_consumer.INFO  [x] Received 05/22/21 12:54:15,149.9
2023-09-30 15:20:41,710.Smoker_consumer.INFO  [x] Done.
2023-09-30 15:20:42,765.Smoker_consumer.INFO  [x] Received 05/22/21 12:55:05,151.1
2023-09-30 15:20:42,766.Smoker_consumer.INFO  [x] Done.
2023-09-30 15:20:43,802.Smoker_consumer.INFO  [x] Received 05/22/21 12:55:10,151.2
2023-09-30 15:20:43,802.Smoker_consumer.INFO  [x] Done.
2023-09-30 15:20:44,831.Smoker_consumer.INFO  [x] Received 05/22/21 12:55:15,151.2
2023-09-30 15:20:44,831.Smoker_consumer.INFO  [x] Done.
2023-09-30 15:20:45,869.Smoker_consumer.INFO  [x] Received 05/22/21 12:56:10,152.4
2023-09-30 15:20:45,869.Smoker_consumer.INFO  [x] Done.
2023-09-30 15:20:46,903.Smoker_consumer.INFO  [x] Received 05/22/21 12:56:15,152.4
2023-09-30 15:20:46,903.Smoker_consumer.INFO  [x] Done.
2023-09-30 15:20:47,933.Smoker_consumer.INFO  [x] Received 05/22/21 12:57:10,153.4
2023-09-30 15:20:47,933.Smoker_consumer.INFO  [x] Done.
2023-09-30 15:20:48,963.Smoker_consumer.INFO  [x] Received 05/22/21 12:57:15,153.4
2023-09-30 15:20:48,963.Smoker_consumer.INFO  [x] Done.
2023-09-30 15:20:50,002.Smoker_consumer.INFO  [x] Received 05/22/21 12:58:10,154.5
2023-09-30 15:20:50,003.Smoker_consumer.INFO  [x] Done.
2023-09-30 15:20:51,046.Smoker_consumer.INFO  [x] Received 05/22/21 12:58:15,154.5
2023-09-30 15:20:51,046.Smoker_consumer.INFO  [x] Done.
2023-09-30 15:20:52,081.Smoker_consumer.INFO  [x] Received 05/22/21 12:59:10,155.6
2023-09-30 15:20:52,082.Smoker_consumer.INFO  [x] Done.
2023-09-30 15:20:53,134.Smoker_consumer.INFO  [x] Received 05/22/21 12:59:15,155.6
2023-09-30 15:20:53,134.Smoker_consumer.INFO  [x] Done.
2023-09-30 15:20:54,167.Smoker_consumer.INFO  [x] Received 05/22/21 13:00:10,156.5
2023-09-30 15:20:54,168.Smoker_consumer.INFO  [x] Done.
2023-09-30 15:20:55,206.Smoker_consumer.INFO  [x] Received 05/22/21 13:00:15,156.5
2023-09-30 15:20:55,206.Smoker_consumer.INFO  [x] Done.
2023-09-30 15:20:56,246.Smoker_consumer.INFO  [x] Received 05/22/21 13:01:10,157.8
2023-09-30 15:20:56,247.Smoker_consumer.INFO  [x] Done.
2023-09-30 15:20:57,283.Smoker_consumer.INFO  [x] Received 05/22/21 13:01:15,157.8
2023-09-30 15:20:57,284.Smoker_consumer.INFO  [x] Done.
2023-09-30 15:20:58,326.Smoker_consumer.INFO  [x] Received 05/22/21 13:02:10,158.8
2023-09-30 15:20:58,327.Smoker_consumer.INFO  [x] Done.
2023-09-30 15:20:59,365.Smoker_consumer.INFO  [x] Received 05/22/21 13:02:15,158.8
2023-09-30 15:20:59,365.Smoker_consumer.INFO  [x] Done.
2023-09-30 15:21:00,395.Smoker_consumer.INFO  [x] Received 05/22/21 13:03:10,159.9
2023-09-30 15:21:00,395.Smoker_consumer.INFO  [x] Done.
2023-09-30 15:21:01,437.Smoker_consumer.INFO  [x] Received 05/22/21 13:03:15,159.9
2023-09-30 15:21:01,437.Smoker_consumer.INFO  [x] Done.
2023-09-30 15:21:02,470.Smoker_consumer.INFO  [x] Received 05/22/21 13:04:10,160.7
2023-09-30 15:21:02,516.Smoker_consumer.INFO  [x] Done.
2023-09-30 15:21:03,527.Smoker_consumer.INFO  [x] Received 05/22/21 13:04:15,160.7
2023-09-30 15:21:03,528.Smoker_consumer.INFO  [x] Done.
2023-09-30 15:21:04,566.Smoker_consumer.INFO  [x] Received 05/22/21 13:05:10,161.9
2023-09-30 15:21:04,566.Smoker_consumer.INFO  [x] Done.
2023-09-30 15:21:05,592.Smoker_consumer.INFO  [x] Received 05/22/21 13:05:15,161.9
2023-09-30 15:21:05,593.Smoker_consumer.INFO  [x] Done.
2023-09-30 15:21:06,618.Smoker_consumer.INFO  [x] Received 05/22/21 13:06:10,163.1
2023-09-30 15:21:06,619.Smoker_consumer.INFO  [x] Done.
2023-09-30 15:21:07,645.Smoker_consumer.INFO  [x] Received 05/22/21 13:06:15,163.1
2023-09-30 15:21:07,645.Smoker_consumer.INFO  [x] Done.
2023-09-30 15:21:08,681.Smoker_consumer.INFO  [x] Received 05/22/21 13:07:10,164.3
2023-09-30 15:21:08,681.Smoker_consumer.INFO  [x] Done.
2023-09-30 15:21:09,722.Smoker_consumer.INFO  [x] Received 05/22/21 13:07:15,164.3
2023-09-30 15:21:09,722.Smoker_consumer.INFO  [x] Done.
2023-09-30 15:21:10,755.Smoker_consumer.INFO  [x] Received 05/22/21 13:08:10,165.6
2023-09-30 15:21:10,755.Smoker_consumer.INFO  [x] Done.
2023-09-30 15:21:11,798.Smoker_consumer.INFO  [x] Received 05/22/21 13:08:15,165.6
2023-09-30 15:21:11,798.Smoker_consumer.INFO  [x] Done.
2023-09-30 15:21:12,825.Smoker_consumer.INFO  [x] Received 05/22/21 13:09:10,166.7
2023-09-30 15:21:12,825.Smoker_consumer.INFO  [x] Done.
2023-09-30 15:21:13,867.Smoker_consumer.INFO  [x] Received 05/22/21 13:09:15,166.7
2023-09-30 15:21:13,867.Smoker_consumer.INFO  [x] Done.
2023-09-30 15:21:14,902.Smoker_consumer.INFO  [x] Received 05/22/21 13:10:10,167.8
2023-09-30 15:21:14,902.Smoker_consumer.INFO  [x] Done.
2023-09-30 15:21:15,950.Smoker_consumer.INFO  [x] Received 05/22/21 13:10:15,167.8
2023-09-30 15:21:15,950.Smoker_consumer.INFO  [x] Done.
2023-09-30 15:21:16,983.Smoker_consumer.INFO  [x] Received 05/22/21 13:11:10,168.8
2023-09-30 15:21:16,983.Smoker_consumer.INFO  [x] Done.
2023-09-30 15:21:18,025.Smoker_consumer.INFO  [x] Received 05/22/21 13:11:15,168.8
2023-09-30 15:21:18,025.Smoker_consumer.INFO  [x] Done.
2023-09-30 15:21:19,063.Smoker_consumer.INFO  [x] Received 05/22/21 13:12:10,170.2
2023-09-30 15:21:19,064.Smoker_consumer.INFO  [x] Done.
2023-09-30 15:21:20,095.Smoker_consumer.INFO  [x] Received 05/22/21 13:12:15,170.2
2023-09-30 15:21:20,095.Smoker_consumer.INFO  [x] Done.
2023-09-30 15:21:21,126.Smoker_consumer.INFO  [x] Received 05/22/21 13:13:10,171.7
2023-09-30 15:21:21,126.Smoker_consumer.INFO  [x] Done.
2023-09-30 15:21:22,153.Smoker_consumer.INFO  [x] Received 05/22/21 13:13:15,171.7
2023-09-30 15:21:22,154.Smoker_consumer.INFO  [x] Done.
2023-09-30 15:21:23,181.Smoker_consumer.INFO  [x] Received 05/22/21 13:14:10,173.3
2023-09-30 15:21:23,182.Smoker_consumer.INFO  [x] Done.
2023-09-30 15:21:24,229.Smoker_consumer.INFO  [x] Received 05/22/21 13:14:15,173.3
2023-09-30 15:21:24,230.Smoker_consumer.INFO  [x] Done.
2023-09-30 15:21:25,271.Smoker_consumer.INFO  [x] Received 05/22/21 13:15:10,174.6
2023-09-30 15:21:25,271.Smoker_consumer.INFO  [x] Done.
2023-09-30 15:21:26,333.Smoker_consumer.INFO  [x] Received 05/22/21 13:15:15,174.6
2023-09-30 15:21:26,334.Smoker_consumer.INFO  [x] Done.
2023-09-30 15:21:27,376.Smoker_consumer.INFO  [x] Received 05/22/21 13:16:10,175.5
2023-09-30 15:21:27,376.Smoker_consumer.INFO  [x] Done.
2023-09-30 15:21:28,403.Smoker_consumer.INFO  [x] Received 05/22/21 13:16:15,175.5
2023-09-30 15:21:28,404.Smoker_consumer.INFO  [x] Done.
2023-09-30 15:21:29,445.Smoker_consumer.INFO  [x] Received 05/22/21 13:17:10,176.8
2023-09-30 15:21:29,445.Smoker_consumer.INFO  [x] Done.
2023-09-30 15:21:30,480.Smoker_consumer.INFO  [x] Received 05/22/21 13:17:15,176.8
2023-09-30 15:21:30,480.Smoker_consumer.INFO  [x] Done.
2023-09-30 15:21:31,520.Smoker_consumer.INFO  [x] Received 05/22/21 13:18:10,177.8
2023-09-30 15:21:31,521.Smoker_consumer.INFO  [x] Done.
2023-09-30 15:21:32,548.Smoker_consumer.INFO  [x] Received 05/22/21 13:18:15,177.8
2023-09-30 15:21:32,548.Smoker_consumer.INFO  [x] Done.
2023-09-30 15:21:33,573.Smoker_consumer.INFO  [x] Received 05/22/21 13:19:10,178.9
2023-09-30 15:21:33,573.Smoker_consumer.INFO  [x] Done.
2023-09-30 15:21:34,604.Smoker_consumer.INFO  [x] Received 05/22/21 13:19:15,178.9
2023-09-30 15:21:34,604.Smoker_consumer.INFO  [x] Done.
2023-09-30 15:21:35,630.Smoker_consumer.INFO  [x] Received 05/22/21 13:20:10,180.3
2023-09-30 15:21:35,631.Smoker_consumer.INFO  [x] Done.
2023-09-30 15:21:36,664.Smoker_consumer.INFO  [x] Received 05/22/21 13:20:15,180.3
2023-09-30 15:21:36,664.Smoker_consumer.INFO  [x] Done.
2023-09-30 15:21:37,705.Smoker_consumer.INFO  [x] Received 05/22/21 13:21:10,181.4
2023-09-30 15:21:37,705.Smoker_consumer.INFO  [x] Done.
2023-09-30 15:21:38,738.Smoker_consumer.INFO  [x] Received 05/22/21 13:21:15,181.4
2023-09-30 15:21:38,738.Smoker_consumer.INFO  [x] Done.
2023-09-30 15:21:39,768.Smoker_consumer.INFO  [x] Received 05/22/21 13:22:10,182.6
2023-09-30 15:21:39,769.Smoker_consumer.INFO  [x] Done.
2023-09-30 15:21:40,812.Smoker_consumer.INFO  [x] Received 05/22/21 13:22:15,182.6
2023-09-30 15:21:40,812.Smoker_consumer.INFO  [x] Done.
2023-09-30 15:21:41,851.Smoker_consumer.INFO  [x] Received 05/22/21 13:23:10,183.9
2023-09-30 15:21:41,852.Smoker_consumer.INFO  [x] Done.
2023-09-30 15:21:42,887.Smoker_consumer.INFO  [x] Received 05/22/21 13:23:15,183.9
2023-09-30 15:21:42,888.Smoker_consumer.INFO  [x] Done.
2023-09-30 15:21:43,914.Smoker_consumer.INFO  [x] Received 05/22/21 13:24:10,184.8
2023-09-30 15:21:43,915.Smoker_consumer.INFO  [x] Done.
2023-09-30 15:21:44,949.Smoker_consumer.INFO  [x] Received 05/22/21 13:24:15,184.8
2023-09-30 15:21:44,949.Smoker_consumer.INFO  [x] Done.
2023-09-30 15:21:45,978.Smoker_consumer.INFO  [x] Received 05/22/21 13:25:10,186.0
2023-09-30 15:21:45,978.Smoker_consumer.INFO  [x] Done.
2023-09-30 15:21:47,009.Smoker_consumer.INFO  [x] Received 05/22/21 13:25:15,186.0
2023-09-30 15:21:47,009.Smoker_consumer.INFO  [x] Done.
2023-09-30 15:21:48,048.Smoker_consumer.INFO  [x] Received 05/22/21 13:26:10,187.1
2023-09-30 15:21:48,048.Smoker_consumer.INFO  [x] Done.
2023-09-30 15:21:49,085.Smoker_consumer.INFO  [x] Received 05/22/21 13:26:15,187.1
2023-09-30 15:21:49,086.Smoker_consumer.INFO  [x] Done.
2023-09-30 15:21:50,130.Smoker_consumer.INFO  [x] Received 05/22/21 13:27:10,211.9
2023-09-30 15:21:50,130.Smoker_consumer.INFO  [x] Done.
2023-09-30 15:21:51,171.Smoker_consumer.INFO  [x] Received 05/22/21 13:27:15,211.9
2023-09-30 15:21:51,172.Smoker_consumer.INFO  [x] Done.
2023-09-30 15:21:52,235.Smoker_consumer.INFO  [x] Received 05/22/21 13:28:10,215.3
2023-09-30 15:21:52,236.Smoker_consumer.INFO  [x] Done.
2023-09-30 15:21:53,261.Smoker_consumer.INFO  [x] Received 05/22/21 13:28:15,215.3
2023-09-30 15:21:53,261.Smoker_consumer.INFO  [x] Done.
2023-09-30 15:21:54,292.Smoker_consumer.INFO  [x] Received 05/22/21 13:29:10,217.0
2023-09-30 15:21:54,293.Smoker_consumer.INFO  [x] Done.
2023-09-30 15:21:55,329.Smoker_consumer.INFO  [x] Received 05/22/21 13:29:15,217.0
2023-09-30 15:21:55,330.Smoker_consumer.INFO  [x] Done.
2023-09-30 15:21:56,366.Smoker_consumer.INFO  [x] Received 05/22/21 13:30:10,218.6
2023-09-30 15:21:56,366.Smoker_consumer.INFO  [x] Done.
2023-09-30 15:21:57,393.Smoker_consumer.INFO  [x] Received 05/22/21 13:30:15,218.6
2023-09-30 15:21:57,394.Smoker_consumer.INFO  [x] Done.
2023-09-30 15:21:58,431.Smoker_consumer.INFO  [x] Received 05/22/21 13:31:10,218.5
2023-09-30 15:21:58,431.Smoker_consumer.INFO  [x] Done.
2023-09-30 15:21:59,469.Smoker_consumer.INFO  [x] Received 05/22/21 13:31:15,218.5
2023-09-30 15:21:59,470.Smoker_consumer.INFO  [x] Done.
2023-09-30 15:22:00,501.Smoker_consumer.INFO  [x] Received 05/22/21 13:32:10,219.4
2023-09-30 15:22:00,502.Smoker_consumer.INFO  [x] Done.
2023-09-30 15:22:01,533.Smoker_consumer.INFO  [x] Received 05/22/21 13:32:15,219.4
2023-09-30 15:22:01,533.Smoker_consumer.INFO  [x] Done.
2023-09-30 15:22:02,560.Smoker_consumer.INFO  [x] Received 05/22/21 13:33:10,220.5
2023-09-30 15:22:02,560.Smoker_consumer.INFO  [x] Done.
2023-09-30 15:22:03,600.Smoker_consumer.INFO  [x] Received 05/22/21 13:33:15,220.5
2023-09-30 15:22:03,600.Smoker_consumer.INFO  [x] Done.
2023-09-30 15:22:04,642.Smoker_consumer.INFO  [x] Received 05/22/21 13:34:10,220.7
2023-09-30 15:22:04,642.Smoker_consumer.INFO  [x] Done.
2023-09-30 15:22:05,689.Smoker_consumer.INFO  [x] Received 05/22/21 13:34:15,220.7
2023-09-30 15:22:05,689.Smoker_consumer.INFO  [x] Done.
2023-09-30 15:22:06,730.Smoker_consumer.INFO  [x] Received 05/22/21 13:35:10,222.5
2023-09-30 15:22:06,731.Smoker_consumer.INFO  [x] Done.
2023-09-30 15:22:07,767.Smoker_consumer.INFO  [x] Received 05/22/21 13:35:15,222.5
2023-09-30 15:22:07,767.Smoker_consumer.INFO  [x] Done.
2023-09-30 15:22:08,796.Smoker_consumer.INFO  [x] Received 05/22/21 13:36:10,223.0
2023-09-30 15:22:08,796.Smoker_consumer.INFO  [x] Done.
2023-09-30 15:22:09,840.Smoker_consumer.INFO  [x] Received 05/22/21 13:36:15,223.0
2023-09-30 15:22:09,841.Smoker_consumer.INFO  [x] Done.
2023-09-30 15:22:10,884.Smoker_consumer.INFO  [x] Received 05/22/21 13:37:10,224.7
2023-09-30 15:22:10,884.Smoker_consumer.INFO  [x] Done.
2023-09-30 15:22:11,924.Smoker_consumer.INFO  [x] Received 05/22/21 13:37:15,224.7
2023-09-30 15:22:11,925.Smoker_consumer.INFO  [x] Done.
2023-09-30 15:22:12,956.Smoker_consumer.INFO  [x] Received 05/22/21 13:38:10,224.2
2023-09-30 15:22:12,956.Smoker_consumer.INFO  [x] Done.
2023-09-30 15:22:13,987.Smoker_consumer.INFO  [x] Received 05/22/21 13:38:15,224.2
2023-09-30 15:22:13,987.Smoker_consumer.INFO  [x] Done.
2023-09-30 15:22:15,020.Smoker_consumer.INFO  [x] Received 05/22/21 13:39:10,223.6
2023-09-30 15:22:15,020.Smoker_consumer.INFO  [x] Done.
2023-09-30 15:22:16,056.Smoker_consumer.INFO  [x] Received 05/22/21 13:39:15,223.6
2023-09-30 15:22:16,056.Smoker_consumer.INFO  [x] Done.
2023-09-30 15:22:17,099.Smoker_consumer.INFO  [x] Received 05/22/21 13:40:10,224.6
2023-09-30 15:22:17,099.Smoker_consumer.INFO  [x] Done.
2023-09-30 15:22:18,140.Smoker_consumer.INFO  [x] Received 05/22/21 13:40:15,224.6
2023-09-30 15:22:18,140.Smoker_consumer.INFO  [x] Done.
2023-09-30 15:22:19,183.Smoker_consumer.INFO  [x] Received 05/22/21 13:41:10,224.3
2023-09-30 15:22:19,183.Smoker_consumer.INFO  [x] Done.
2023-09-30 15:22:20,222.Smoker_consumer.INFO  [x] Received 05/22/21 13:41:15,224.3
2023-09-30 15:22:20,223.Smoker_consumer.INFO  [x] Done.
2023-09-30 15:22:21,250.Smoker_consumer.INFO  [x] Received 05/22/21 13:42:10,226.6
2023-09-30 15:22:21,250.Smoker_consumer.INFO  [x] Done.
2023-09-30 15:22:22,277.Smoker_consumer.INFO  [x] Received 05/22/21 13:42:15,226.6
2023-09-30 15:22:22,278.Smoker_consumer.INFO  [x] Done.
2023-09-30 15:22:23,305.Smoker_consumer.INFO  [x] Received 05/22/21 13:43:10,229.0
2023-09-30 15:22:23,305.Smoker_consumer.INFO  [x] Done.
2023-09-30 15:22:24,331.Smoker_consumer.INFO  [x] Received 05/22/21 13:43:15,229.0
2023-09-30 15:22:24,331.Smoker_consumer.INFO  [x] Done.
2023-09-30 15:22:25,363.Smoker_consumer.INFO  [x] Received 05/22/21 13:44:10,232.8
2023-09-30 15:22:25,364.Smoker_consumer.INFO  [x] Done.
2023-09-30 15:22:26,401.Smoker_consumer.INFO  [x] Received 05/22/21 13:44:15,232.8
2023-09-30 15:22:26,403.Smoker_consumer.INFO  [x] Done.
2023-09-30 15:22:27,430.Smoker_consumer.INFO  [x] Received 05/22/21 13:45:10,237.9
2023-09-30 15:22:27,430.Smoker_consumer.INFO  [x] Done.
2023-09-30 15:22:28,472.Smoker_consumer.INFO  [x] Received 05/22/21 13:45:15,237.9
2023-09-30 15:22:28,472.Smoker_consumer.INFO  [x] Done.
2023-09-30 15:22:29,498.Smoker_consumer.INFO  [x] Received 05/22/21 13:46:10,200.2
2023-09-30 15:22:29,499.Smoker_consumer.INFO  [x] Done.
2023-09-30 15:22:30,556.Smoker_consumer.INFO  [x] Received 05/22/21 13:46:15,200.2
2023-09-30 15:22:30,556.Smoker_consumer.INFO  [x] Done.
2023-09-30 15:22:31,586.Smoker_consumer.INFO  [x] Received 05/22/21 13:46:35,No temperature
2023-09-30 15:22:31,587.Smoker_consumer.INFO  [x] Done.
2023-09-30 15:22:32,614.Smoker_consumer.INFO  [x] Received 05/22/21 13:46:40,No temperature
2023-09-30 15:22:32,614.Smoker_consumer.INFO  [x] Done.
2023-09-30 15:22:33,640.Smoker_consumer.INFO  [x] Received 05/22/21 13:46:45,No temperature
2023-09-30 15:22:33,641.Smoker_consumer.INFO  [x] Done.
2023-09-30 15:22:34,682.Smoker_consumer.INFO  [x] Received 05/22/21 13:47:10,205.9
2023-09-30 15:22:34,683.Smoker_consumer.INFO  [x] Done.
2023-09-30 15:22:35,713.Smoker_consumer.INFO  [x] Received 05/22/21 13:47:15,205.9
2023-09-30 15:22:35,714.Smoker_consumer.INFO  [x] Done.
2023-09-30 15:22:36,737.Smoker_consumer.INFO  [x] Received 05/22/21 13:47:35,No temperature
2023-09-30 15:22:36,738.Smoker_consumer.INFO  [x] Done.
2023-09-30 15:22:37,772.Smoker_consumer.INFO  [x] Received 05/22/21 13:47:40,No temperature
2023-09-30 15:22:37,772.Smoker_consumer.INFO  [x] Done.
2023-09-30 15:22:38,827.Smoker_consumer.INFO  [x] Received 05/22/21 13:47:45,No temperature
2023-09-30 15:22:38,827.Smoker_consumer.INFO  [x] Done.
2023-09-30 15:22:39,858.Smoker_consumer.INFO  [x] Received 05/22/21 13:48:10,230.0
2023-09-30 15:22:39,859.Smoker_consumer.INFO  [x] Done.
2023-09-30 15:22:40,888.Smoker_consumer.INFO  [x] Received 05/22/21 13:48:15,230.0
2023-09-30 15:22:40,888.Smoker_consumer.INFO  [x] Done.
2023-09-30 15:22:41,917.Smoker_consumer.INFO  [x] Received 05/22/21 13:48:35,No temperature
2023-09-30 15:22:41,917.Smoker_consumer.INFO  [x] Done.
2023-09-30 15:22:42,947.Smoker_consumer.INFO  [x] Received 05/22/21 13:48:40,No temperature
2023-09-30 15:22:42,948.Smoker_consumer.INFO  [x] Done.
2023-09-30 15:22:43,977.Smoker_consumer.INFO  [x] Received 05/22/21 13:48:45,No temperature
2023-09-30 15:22:43,977.Smoker_consumer.INFO  [x] Done.
2023-09-30 15:22:45,004.Smoker_consumer.INFO  [x] Received 05/22/21 13:49:10,239.6
2023-09-30 15:22:45,005.Smoker_consumer.INFO  [x] Done.
2023-09-30 15:22:46,049.Smoker_consumer.INFO  [x] Received 05/22/21 13:49:15,239.6
2023-09-30 15:22:46,049.Smoker_consumer.INFO  [x] Done.
2023-09-30 15:22:47,083.Smoker_consumer.INFO  [x] Received 05/22/21 13:49:35,No temperature
2023-09-30 15:22:47,083.Smoker_consumer.INFO  [x] Done.
2023-09-30 15:22:48,120.Smoker_consumer.INFO  [x] Received 05/22/21 13:49:40,No temperature
2023-09-30 15:22:48,120.Smoker_consumer.INFO  [x] Done.
2023-09-30 15:22:49,158.Smoker_consumer.INFO  [x] Received 05/22/21 13:49:45,No temperature
2023-09-30 15:22:49,158.Smoker_consumer.INFO  [x] Done.
2023-09-30 15:22:50,197.Smoker_consumer.INFO  [x] Received 05/22/21 13:50:10,242.4
2023-09-30 15:22:50,197.Smoker_consumer.INFO  [x] Done.
2023-09-30 15:22:51,237.Smoker_consumer.INFO  [x] Received 05/22/21 13:50:15,242.4
2023-09-30 15:22:51,237.Smoker_consumer.INFO  [x] Done.
2023-09-30 15:22:52,262.Smoker_consumer.INFO  [x] Received 05/22/21 13:50:35,No temperature
2023-09-30 15:22:52,262.Smoker_consumer.INFO  [x] Done.
2023-09-30 15:22:53,311.Smoker_consumer.INFO  [x] Received 05/22/21 13:50:40,No temperature
2023-09-30 15:22:53,311.Smoker_consumer.INFO  [x] Done.
2023-09-30 15:22:54,342.Smoker_consumer.INFO  [x] Received 05/22/21 13:50:45,No temperature
2023-09-30 15:22:54,342.Smoker_consumer.INFO  [x] Done.
2023-09-30 15:22:55,381.Smoker_consumer.INFO  [x] Received 05/22/21 13:51:10,243.1
2023-09-30 15:22:55,381.Smoker_consumer.INFO  [x] Done.
2023-09-30 15:22:56,404.Smoker_consumer.INFO  [x] Received 05/22/21 13:51:15,243.1
2023-09-30 15:22:56,404.Smoker_consumer.INFO  [x] Done.
2023-09-30 15:22:57,439.Smoker_consumer.INFO  [x] Received 05/22/21 13:51:35,No temperature
2023-09-30 15:22:57,439.Smoker_consumer.INFO  [x] Done.
2023-09-30 15:22:58,470.Smoker_consumer.INFO  [x] Received 05/22/21 13:51:40,No temperature
2023-09-30 15:22:58,471.Smoker_consumer.INFO  [x] Done.
2023-09-30 15:22:59,498.Smoker_consumer.INFO  [x] Received 05/22/21 13:51:45,No temperature
2023-09-30 15:22:59,498.Smoker_consumer.INFO  [x] Done.
2023-09-30 15:23:00,522.Smoker_consumer.INFO  [x] Received 05/22/21 13:52:10,242.6
2023-09-30 15:23:00,523.Smoker_consumer.INFO  [x] Done.
2023-09-30 15:23:01,552.Smoker_consumer.INFO  [x] Received 05/22/21 13:52:15,242.6
2023-09-30 15:23:01,552.Smoker_consumer.INFO  [x] Done.
2023-09-30 15:23:02,578.Smoker_consumer.INFO  [x] Received 05/22/21 13:52:35,No temperature
2023-09-30 15:23:02,578.Smoker_consumer.INFO  [x] Done.
2023-09-30 15:23:03,606.Smoker_consumer.INFO  [x] Received 05/22/21 13:52:40,No temperature
2023-09-30 15:23:03,606.Smoker_consumer.INFO  [x] Done.
2023-09-30 15:23:04,630.Smoker_consumer.INFO  [x] Received 05/22/21 13:52:45,No temperature
2023-09-30 15:23:04,630.Smoker_consumer.INFO  [x] Done.
2023-09-30 15:23:05,655.Smoker_consumer.INFO  [x] Received 05/22/21 13:53:10,241.7
2023-09-30 15:23:05,655.Smoker_consumer.INFO  [x] Done.
2023-09-30 15:23:06,680.Smoker_consumer.INFO  [x] Received 05/22/21 13:53:15,241.7
2023-09-30 15:23:06,680.Smoker_consumer.INFO  [x] Done.
2023-09-30 15:23:07,708.Smoker_consumer.INFO  [x] Received 05/22/21 13:53:35,No temperature
2023-09-30 15:23:07,708.Smoker_consumer.INFO  [x] Done.
2023-09-30 15:23:08,732.Smoker_consumer.INFO  [x] Received 05/22/21 13:53:40,No temperature
2023-09-30 15:23:08,733.Smoker_consumer.INFO  [x] Done.
2023-09-30 15:23:09,762.Smoker_consumer.INFO  [x] Received 05/22/21 13:53:45,No temperature
2023-09-30 15:23:09,763.Smoker_consumer.INFO  [x] Done.
2023-09-30 15:23:10,790.Smoker_consumer.INFO  [x] Received 05/22/21 13:54:10,241.4
2023-09-30 15:23:10,790.Smoker_consumer.INFO  [x] Done.
2023-09-30 15:23:11,822.Smoker_consumer.INFO  [x] Received 05/22/21 13:54:15,241.4
2023-09-30 15:23:11,822.Smoker_consumer.INFO  [x] Done.
2023-09-30 15:23:12,852.Smoker_consumer.INFO  [x] Received 05/22/21 13:54:35,No temperature
2023-09-30 15:23:12,852.Smoker_consumer.INFO  [x] Done.
2023-09-30 15:23:13,887.Smoker_consumer.INFO  [x] Received 05/22/21 13:54:40,No temperature
2023-09-30 15:23:13,887.Smoker_consumer.INFO  [x] Done.
2023-09-30 15:23:14,909.Smoker_consumer.INFO  [x] Received 05/22/21 13:54:45,No temperature
2023-09-30 15:23:14,910.Smoker_consumer.INFO  [x] Done.
2023-09-30 15:23:15,948.Smoker_consumer.INFO  [x] Received 05/22/21 13:55:10,242.1
2023-09-30 15:23:15,948.Smoker_consumer.INFO  [x] Done.
2023-09-30 15:23:16,972.Smoker_consumer.INFO  [x] Received 05/22/21 13:55:15,242.1
2023-09-30 15:23:16,972.Smoker_consumer.INFO  [x] Done.
2023-09-30 15:23:17,999.Smoker_consumer.INFO  [x] Received 05/22/21 13:55:35,No temperature
2023-09-30 15:23:17,999.Smoker_consumer.INFO  [x] Done.
2023-09-30 15:23:19,027.Smoker_consumer.INFO  [x] Received 05/22/21 13:55:40,No temperature
2023-09-30 15:23:19,027.Smoker_consumer.INFO  [x] Done.
2023-09-30 15:23:20,059.Smoker_consumer.INFO  [x] Received 05/22/21 13:55:45,No temperature
2023-09-30 15:23:20,060.Smoker_consumer.INFO  [x] Done.
2023-09-30 15:23:21,125.Smoker_consumer.INFO  [x] Received 05/22/21 13:56:10,241.9
2023-09-30 15:23:21,126.Smoker_consumer.INFO  [x] Done.
2023-09-30 15:23:22,197.Smoker_consumer.INFO  [x] Received 05/22/21 13:56:15,241.9
2023-09-30 15:23:22,197.Smoker_consumer.INFO  [x] Done.
2023-09-30 15:23:23,225.Smoker_consumer.INFO  [x] Received 05/22/21 13:56:35,No temperature
2023-09-30 15:23:23,225.Smoker_consumer.INFO  [x] Done.
2023-09-30 15:23:24,263.Smoker_consumer.INFO  [x] Received 05/22/21 13:56:40,No temperature
2023-09-30 15:23:24,263.Smoker_consumer.INFO  [x] Done.
2023-09-30 15:23:25,288.Smoker_consumer.INFO  [x] Received 05/22/21 13:56:45,No temperature
2023-09-30 15:23:25,288.Smoker_consumer.INFO  [x] Done.
2023-09-30 15:23:26,317.Smoker_consumer.INFO  [x] Received 05/22/21 13:57:10,242.1
2023-09-30 15:23:26,317.Smoker_consumer.INFO  [x] Done.
2023-09-30 15:23:27,341.Smoker_consumer.INFO  [x] Received 05/22/21 13:57:15,242.1
2023-09-30 15:23:27,341.Smoker_consumer.INFO  [x] Done.
2023-09-30 15:23:28,370.Smoker_consumer.INFO  [x] Received 05/22/21 13:57:35,No temperature
2023-09-30 15:23:28,370.Smoker_consumer.INFO  [x] Done.
2023-09-30 15:23:29,426.Smoker_consumer.INFO  [x] Received 05/22/21 13:57:40,No temperature
2023-09-30 15:23:29,427.Smoker_consumer.INFO  [x] Done.
2023-09-30 15:23:30,468.Smoker_consumer.INFO  [x] Received 05/22/21 13:57:45,No temperature
2023-09-30 15:23:30,469.Smoker_consumer.INFO  [x] Done.
2023-09-30 15:23:31,499.Smoker_consumer.INFO  [x] Received 05/22/21 13:58:10,240.4
2023-09-30 15:23:31,500.Smoker_consumer.INFO  [x] Done.
2023-09-30 15:23:32,536.Smoker_consumer.INFO  [x] Received 05/22/21 13:58:15,240.4
2023-09-30 15:23:32,536.Smoker_consumer.INFO  [x] Done.
2023-09-30 15:23:33,567.Smoker_consumer.INFO  [x] Received 05/22/21 13:58:35,No temperature
2023-09-30 15:23:33,567.Smoker_consumer.INFO  [x] Done.
2023-09-30 15:23:34,588.Smoker_consumer.INFO  [x] Received 05/22/21 13:58:40,No temperature
2023-09-30 15:23:34,589.Smoker_consumer.INFO  [x] Done.
2023-09-30 15:23:35,629.Smoker_consumer.INFO  [x] Received 05/22/21 13:58:45,No temperature
2023-09-30 15:23:35,629.Smoker_consumer.INFO  [x] Done.
2023-09-30 15:23:36,656.Smoker_consumer.INFO  [x] Received 05/22/21 13:59:10,240.2
2023-09-30 15:23:36,656.Smoker_consumer.INFO  [x] Done.
2023-09-30 15:23:37,680.Smoker_consumer.INFO  [x] Received 05/22/21 13:59:15,240.2
2023-09-30 15:23:37,680.Smoker_consumer.INFO  [x] Done.
2023-09-30 15:23:38,708.Smoker_consumer.INFO  [x] Received 05/22/21 13:59:35,No temperature
2023-09-30 15:23:38,709.Smoker_consumer.INFO  [x] Done.
2023-09-30 15:23:39,733.Smoker_consumer.INFO  [x] Received 05/22/21 13:59:40,No temperature
2023-09-30 15:23:39,734.Smoker_consumer.INFO  [x] Done.
2023-09-30 15:23:40,766.Smoker_consumer.INFO  [x] Received 05/22/21 13:59:45,No temperature
2023-09-30 15:23:40,766.Smoker_consumer.INFO  [x] Done.
2023-09-30 15:23:41,806.Smoker_consumer.INFO  [x] Received 05/22/21 14:00:10,240.1
2023-09-30 15:23:41,807.Smoker_consumer.INFO  [x] Done.
2023-09-30 15:23:42,835.Smoker_consumer.INFO  [x] Received 05/22/21 14:00:15,240.1
2023-09-30 15:23:42,835.Smoker_consumer.INFO  [x] Done.
2023-09-30 15:23:43,862.Smoker_consumer.INFO  [x] Received 05/22/21 14:00:35,No temperature
2023-09-30 15:23:43,863.Smoker_consumer.INFO  [x] Done.
2023-09-30 15:23:44,889.Smoker_consumer.INFO  [x] Received 05/22/21 14:00:40,No temperature
2023-09-30 15:23:44,889.Smoker_consumer.INFO  [x] Done.
2023-09-30 15:23:45,918.Smoker_consumer.INFO  [x] Received 05/22/21 14:00:45,No temperature
2023-09-30 15:23:45,918.Smoker_consumer.INFO  [x] Done.
2023-09-30 15:23:46,962.Smoker_consumer.INFO  [x] Received 05/22/21 14:01:10,239.8
2023-09-30 15:23:46,962.Smoker_consumer.INFO  [x] Done.
2023-09-30 15:23:47,992.Smoker_consumer.INFO  [x] Received 05/22/21 14:01:15,239.8
2023-09-30 15:23:47,992.Smoker_consumer.INFO  [x] Done.
2023-09-30 15:23:49,034.Smoker_consumer.INFO  [x] Received 05/22/21 14:01:35,No temperature
2023-09-30 15:23:49,035.Smoker_consumer.INFO  [x] Done.
2023-09-30 15:23:50,074.Smoker_consumer.INFO  [x] Received 05/22/21 14:01:40,No temperature
2023-09-30 15:23:50,075.Smoker_consumer.INFO  [x] Done.
2023-09-30 15:23:51,106.Smoker_consumer.INFO  [x] Received 05/22/21 14:01:45,No temperature
2023-09-30 15:23:51,106.Smoker_consumer.INFO  [x] Done.
2023-09-30 15:23:52,141.Smoker_consumer.INFO  [x] Received 05/22/21 14:02:10,239.9
2023-09-30 15:23:52,142.Smoker_consumer.INFO  [x] Done.
2023-09-30 15:23:53,167.Smoker_consumer.INFO  [x] Received 05/22/21 14:02:15,239.9
2023-09-30 15:23:53,168.Smoker_consumer.INFO  [x] Done.
2023-09-30 15:23:54,197.Smoker_consumer.INFO  [x] Received 05/22/21 14:02:35,No temperature
2023-09-30 15:23:54,198.Smoker_consumer.INFO  [x] Done.
2023-09-30 15:23:55,236.Smoker_consumer.INFO  [x] Received 05/22/21 14:02:40,No temperature
2023-09-30 15:23:55,236.Smoker_consumer.INFO  [x] Done.
2023-09-30 15:23:56,278.Smoker_consumer.INFO  [x] Received 05/22/21 14:02:45,No temperature
2023-09-30 15:23:56,278.Smoker_consumer.INFO  [x] Done.
2023-09-30 15:23:57,324.Smoker_consumer.INFO  [x] Received 05/22/21 14:03:10,240.4
2023-09-30 15:23:57,324.Smoker_consumer.INFO  [x] Done.
2023-09-30 15:23:58,360.Smoker_consumer.INFO  [x] Received 05/22/21 14:03:15,240.4
2023-09-30 15:23:58,360.Smoker_consumer.INFO  [x] Done.
2023-09-30 15:23:59,388.Smoker_consumer.INFO  [x] Received 05/22/21 14:03:35,No temperature
2023-09-30 15:23:59,388.Smoker_consumer.INFO  [x] Done.
2023-09-30 15:24:00,429.Smoker_consumer.INFO  [x] Received 05/22/21 14:03:40,No temperature
2023-09-30 15:24:00,429.Smoker_consumer.INFO  [x] Done.
2023-09-30 15:24:01,472.Smoker_consumer.INFO  [x] Received 05/22/21 14:03:45,No temperature
2023-09-30 15:24:01,473.Smoker_consumer.INFO  [x] Done.
2023-09-30 15:24:02,498.Smoker_consumer.INFO  [x] Received 05/22/21 14:04:10,240.8
2023-09-30 15:24:02,498.Smoker_consumer.INFO  [x] Done.
2023-09-30 15:24:03,531.Smoker_consumer.INFO  [x] Received 05/22/21 14:04:15,240.8
2023-09-30 15:24:03,531.Smoker_consumer.INFO  [x] Done.
2023-09-30 15:24:04,558.Smoker_consumer.INFO  [x] Received 05/22/21 14:04:35,No temperature
2023-09-30 15:24:04,558.Smoker_consumer.INFO  [x] Done.
2023-09-30 15:24:05,587.Smoker_consumer.INFO  [x] Received 05/22/21 14:04:40,No temperature
2023-09-30 15:24:05,587.Smoker_consumer.INFO  [x] Done.
2023-09-30 15:24:06,643.Smoker_consumer.INFO  [x] Received 05/22/21 14:04:45,No temperature
2023-09-30 15:24:06,644.Smoker_consumer.INFO  [x] Done.
2023-09-30 15:24:07,676.Smoker_consumer.INFO  [x] Received 05/22/21 14:05:10,241.3
2023-09-30 15:24:07,676.Smoker_consumer.INFO  [x] Done.
2023-09-30 15:24:08,710.Smoker_consumer.INFO  [x] Received 05/22/21 14:05:15,241.3
2023-09-30 15:24:08,711.Smoker_consumer.INFO  [x] Done.
2023-09-30 15:24:09,750.Smoker_consumer.INFO  [x] Received 05/22/21 14:05:35,No temperature
2023-09-30 15:24:09,750.Smoker_consumer.INFO  [x] Done.
2023-09-30 15:24:10,783.Smoker_consumer.INFO  [x] Received 05/22/21 14:05:40,No temperature
2023-09-30 15:24:10,783.Smoker_consumer.INFO  [x] Done.
2023-09-30 15:24:11,811.Smoker_consumer.INFO  [x] Received 05/22/21 14:05:45,No temperature
2023-09-30 15:24:11,812.Smoker_consumer.INFO  [x] Done.
2023-09-30 15:24:12,837.Smoker_consumer.INFO  [x] Received 05/22/21 14:06:10,241.7
2023-09-30 15:24:12,837.Smoker_consumer.INFO  [x] Done.
2023-09-30 15:24:13,879.Smoker_consumer.INFO  [x] Received 05/22/21 14:06:15,241.7
2023-09-30 15:24:13,880.Smoker_consumer.INFO  [x] Done.
2023-09-30 15:24:14,913.Smoker_consumer.INFO  [x] Received 05/22/21 14:06:35,No temperature
2023-09-30 15:24:14,914.Smoker_consumer.INFO  [x] Done.
2023-09-30 15:24:15,949.Smoker_consumer.INFO  [x] Received 05/22/21 14:06:40,No temperature
2023-09-30 15:24:15,949.Smoker_consumer.INFO  [x] Done.
2023-09-30 15:24:16,985.Smoker_consumer.INFO  [x] Received 05/22/21 14:06:45,No temperature
2023-09-30 15:24:16,985.Smoker_consumer.INFO  [x] Done.
2023-09-30 15:24:18,020.Smoker_consumer.INFO  [x] Received 05/22/21 14:07:10,242.3
2023-09-30 15:24:18,020.Smoker_consumer.INFO  [x] Done.
2023-09-30 15:24:19,055.Smoker_consumer.INFO  [x] Received 05/22/21 14:07:15,242.3
2023-09-30 15:24:19,055.Smoker_consumer.INFO  [x] Done.
2023-09-30 15:24:20,080.Smoker_consumer.INFO  [x] Received 05/22/21 14:07:35,No temperature
2023-09-30 15:24:20,080.Smoker_consumer.INFO  [x] Done.
2023-09-30 15:24:21,111.Smoker_consumer.INFO  [x] Received 05/22/21 14:07:40,No temperature
2023-09-30 15:24:21,112.Smoker_consumer.INFO  [x] Done.
2023-09-30 15:24:22,143.Smoker_consumer.INFO  [x] Received 05/22/21 14:07:45,No temperature
2023-09-30 15:24:22,143.Smoker_consumer.INFO  [x] Done.
2023-09-30 15:24:23,171.Smoker_consumer.INFO  [x] Received 05/22/21 14:08:10,243.4
2023-09-30 15:24:23,171.Smoker_consumer.INFO  [x] Done.
2023-09-30 15:24:24,211.Smoker_consumer.INFO  [x] Received 05/22/21 14:08:15,243.4
2023-09-30 15:24:24,212.Smoker_consumer.INFO  [x] Done.
2023-09-30 15:24:25,245.Smoker_consumer.INFO  [x] Received 05/22/21 14:08:35,No temperature
2023-09-30 15:24:25,246.Smoker_consumer.INFO  [x] Done.
2023-09-30 15:24:26,288.Smoker_consumer.INFO  [x] Received 05/22/21 14:08:40,No temperature
2023-09-30 15:24:26,288.Smoker_consumer.INFO  [x] Done.
2023-09-30 15:24:27,318.Smoker_consumer.INFO  [x] Received 05/22/21 14:08:45,No temperature
2023-09-30 15:24:27,319.Smoker_consumer.INFO  [x] Done.
2023-09-30 15:24:28,357.Smoker_consumer.INFO  [x] Received 05/22/21 14:09:10,242.5
2023-09-30 15:24:28,357.Smoker_consumer.INFO  [x] Done.
2023-09-30 15:24:29,396.Smoker_consumer.INFO  [x] Received 05/22/21 14:09:15,242.5
2023-09-30 15:24:29,396.Smoker_consumer.INFO  [x] Done.
2023-09-30 15:24:30,424.Smoker_consumer.INFO  [x] Received 05/22/21 14:09:35,No temperature
2023-09-30 15:24:30,424.Smoker_consumer.INFO  [x] Done.
2023-09-30 15:24:31,483.Smoker_consumer.INFO  [x] Received 05/22/21 14:09:40,No temperature
2023-09-30 15:24:31,484.Smoker_consumer.INFO  [x] Done.
2023-09-30 15:24:32,515.Smoker_consumer.INFO  [x] Received 05/22/21 14:09:45,No temperature
2023-09-30 15:24:32,515.Smoker_consumer.INFO  [x] Done.
2023-09-30 15:24:33,551.Smoker_consumer.INFO  [x] Received 05/22/21 14:10:10,242.1
2023-09-30 15:24:33,551.Smoker_consumer.INFO  [x] Done.
2023-09-30 15:24:34,591.Smoker_consumer.INFO  [x] Received 05/22/21 14:10:15,242.1
2023-09-30 15:24:34,592.Smoker_consumer.INFO  [x] Done.
2023-09-30 15:24:35,620.Smoker_consumer.INFO  [x] Received 05/22/21 14:10:35,No temperature
2023-09-30 15:24:35,620.Smoker_consumer.INFO  [x] Done.
2023-09-30 15:24:36,663.Smoker_consumer.INFO  [x] Received 05/22/21 14:10:40,No temperature
2023-09-30 15:24:36,664.Smoker_consumer.INFO  [x] Done.
2023-09-30 15:24:37,706.Smoker_consumer.INFO  [x] Received 05/22/21 14:10:45,No temperature
2023-09-30 15:24:37,706.Smoker_consumer.INFO  [x] Done.
2023-09-30 15:24:38,731.Smoker_consumer.INFO  [x] Received 05/22/21 14:11:10,243.3
2023-09-30 15:24:38,731.Smoker_consumer.INFO  [x] Done.
2023-09-30 15:24:39,757.Smoker_consumer.INFO  [x] Received 05/22/21 14:11:15,243.3
2023-09-30 15:24:39,758.Smoker_consumer.INFO  [x] Done.
2023-09-30 15:24:40,803.Smoker_consumer.INFO  [x] Received 05/22/21 14:11:35,No temperature
2023-09-30 15:24:40,803.Smoker_consumer.INFO  [x] Done.
2023-09-30 15:24:41,837.Smoker_consumer.INFO  [x] Received 05/22/21 14:11:40,No temperature
2023-09-30 15:24:41,838.Smoker_consumer.INFO  [x] Done.
2023-09-30 15:24:42,865.Smoker_consumer.INFO  [x] Received 05/22/21 14:11:45,No temperature
2023-09-30 15:24:42,865.Smoker_consumer.INFO  [x] Done.
2023-09-30 15:24:43,910.Smoker_consumer.INFO  [x] Received 05/22/21 14:12:10,244.0
2023-09-30 15:24:43,910.Smoker_consumer.INFO  [x] Done.
2023-09-30 15:24:44,951.Smoker_consumer.INFO  [x] Received 05/22/21 14:12:15,244.0
2023-09-30 15:24:44,952.Smoker_consumer.INFO  [x] Done.
2023-09-30 15:24:46,006.Smoker_consumer.INFO  [x] Received 05/22/21 14:12:35,No temperature
2023-09-30 15:24:46,007.Smoker_consumer.INFO  [x] Done.
2023-09-30 15:24:47,046.Smoker_consumer.INFO  [x] Received 05/22/21 14:12:40,No temperature
2023-09-30 15:24:47,047.Smoker_consumer.INFO  [x] Done.
2023-09-30 15:24:48,087.Smoker_consumer.INFO  [x] Received 05/22/21 14:12:45,No temperature
2023-09-30 15:24:48,087.Smoker_consumer.INFO  [x] Done.
2023-09-30 15:24:49,126.Smoker_consumer.INFO  [x] Received 05/22/21 14:13:10,244.3
2023-09-30 15:24:49,127.Smoker_consumer.INFO  [x] Done.
2023-09-30 15:24:50,160.Smoker_consumer.INFO  [x] Received 05/22/21 14:13:15,244.3
2023-09-30 15:24:50,161.Smoker_consumer.INFO  [x] Done.
2023-09-30 15:24:51,202.Smoker_consumer.INFO  [x] Received 05/22/21 14:13:35,No temperature
2023-09-30 15:24:51,203.Smoker_consumer.INFO  [x] Done.
2023-09-30 15:24:52,243.Smoker_consumer.INFO  [x] Received 05/22/21 14:13:40,No temperature
2023-09-30 15:24:52,245.Smoker_consumer.INFO  [x] Done.
2023-09-30 15:24:53,288.Smoker_consumer.INFO  [x] Received 05/22/21 14:13:45,No temperature
2023-09-30 15:24:53,288.Smoker_consumer.INFO  [x] Done.
2023-09-30 15:24:54,322.Smoker_consumer.INFO  [x] Received 05/22/21 14:14:10,244.7
2023-09-30 15:24:54,322.Smoker_consumer.INFO  [x] Done.
2023-09-30 15:24:55,365.Smoker_consumer.INFO  [x] Received 05/22/21 14:14:15,244.7
2023-09-30 15:24:55,365.Smoker_consumer.INFO  [x] Done.
2023-09-30 15:24:56,403.Smoker_consumer.INFO  [x] Received 05/22/21 14:14:35,No temperature
2023-09-30 15:24:56,404.Smoker_consumer.INFO  [x] Done.
2023-09-30 15:24:57,441.Smoker_consumer.INFO  [x] Received 05/22/21 14:14:40,No temperature
2023-09-30 15:24:57,441.Smoker_consumer.INFO  [x] Done.
2023-09-30 15:24:58,484.Smoker_consumer.INFO  [x] Received 05/22/21 14:14:45,No temperature
2023-09-30 15:24:58,485.Smoker_consumer.INFO  [x] Done.
2023-09-30 15:24:59,509.Smoker_consumer.INFO  [x] Received 05/22/21 14:15:10,245.2
2023-09-30 15:24:59,509.Smoker_consumer.INFO  [x] Done.
2023-09-30 15:25:00,545.Smoker_consumer.INFO  [x] Received 05/22/21 14:15:15,245.2
2023-09-30 15:25:00,546.Smoker_consumer.INFO  [x] Done.
2023-09-30 15:25:01,586.Smoker_consumer.INFO  [x] Received 05/22/21 14:15:35,No temperature
2023-09-30 15:25:01,586.Smoker_consumer.INFO  [x] Done.
2023-09-30 15:25:02,627.Smoker_consumer.INFO  [x] Received 05/22/21 14:15:40,No temperature
2023-09-30 15:25:02,627.Smoker_consumer.INFO  [x] Done.
2023-09-30 15:25:03,660.Smoker_consumer.INFO  [x] Received 05/22/21 14:15:45,No temperature
2023-09-30 15:25:03,660.Smoker_consumer.INFO  [x] Done.
2023-09-30 15:25:04,690.Smoker_consumer.INFO  [x] Received 05/22/21 14:16:10,244.8
2023-09-30 15:25:04,691.Smoker_consumer.INFO  [x] Done.
2023-09-30 15:25:05,724.Smoker_consumer.INFO  [x] Received 05/22/21 14:16:15,244.8
2023-09-30 15:25:05,724.Smoker_consumer.INFO  [x] Done.
2023-09-30 15:25:06,760.Smoker_consumer.INFO  [x] Received 05/22/21 14:16:35,No temperature
2023-09-30 15:25:06,760.Smoker_consumer.INFO  [x] Done.
2023-09-30 15:25:07,788.Smoker_consumer.INFO  [x] Received 05/22/21 14:16:40,No temperature
2023-09-30 15:25:07,788.Smoker_consumer.INFO  [x] Done.
2023-09-30 15:25:08,818.Smoker_consumer.INFO  [x] Received 05/22/21 14:16:45,No temperature
2023-09-30 15:25:08,819.Smoker_consumer.INFO  [x] Done.
2023-09-30 15:25:09,850.Smoker_consumer.INFO  [x] Received 05/22/21 14:17:10,245.3
2023-09-30 15:25:09,851.Smoker_consumer.INFO  [x] Done.
2023-09-30 15:25:10,879.Smoker_consumer.INFO  [x] Received 05/22/21 14:17:15,245.3
2023-09-30 15:25:10,879.Smoker_consumer.INFO  [x] Done.
2023-09-30 15:25:11,920.Smoker_consumer.INFO  [x] Received 05/22/21 14:17:35,No temperature
2023-09-30 15:25:11,920.Smoker_consumer.INFO  [x] Done.
2023-09-30 15:25:12,944.Smoker_consumer.INFO  [x] Received 05/22/21 14:17:40,No temperature
2023-09-30 15:25:12,944.Smoker_consumer.INFO  [x] Done.
2023-09-30 15:25:13,986.Smoker_consumer.INFO  [x] Received 05/22/21 14:17:45,No temperature
2023-09-30 15:25:13,986.Smoker_consumer.INFO  [x] Done.
2023-09-30 15:25:15,023.Smoker_consumer.INFO  [x] Received 05/22/21 14:18:10,246.1
2023-09-30 15:25:15,024.Smoker_consumer.INFO  [x] Done.
2023-09-30 15:25:16,051.Smoker_consumer.INFO  [x] Received 05/22/21 14:18:15,246.1
2023-09-30 15:25:16,051.Smoker_consumer.INFO  [x] Done.
2023-09-30 15:25:17,086.Smoker_consumer.INFO  [x] Received 05/22/21 14:18:35,No temperature
2023-09-30 15:25:17,086.Smoker_consumer.INFO  [x] Done.
2023-09-30 15:25:18,125.Smoker_consumer.INFO  [x] Received 05/22/21 14:18:40,No temperature
2023-09-30 15:25:18,125.Smoker_consumer.INFO  [x] Done.
2023-09-30 15:25:19,169.Smoker_consumer.INFO  [x] Received 05/22/21 14:18:45,No temperature
2023-09-30 15:25:19,169.Smoker_consumer.INFO  [x] Done.
2023-09-30 15:25:20,215.Smoker_consumer.INFO  [x] Received 05/22/21 14:19:10,247.7
2023-09-30 15:25:20,215.Smoker_consumer.INFO  [x] Done.
2023-09-30 15:25:21,256.Smoker_consumer.INFO  [x] Received 05/22/21 14:19:15,247.7
2023-09-30 15:25:21,257.Smoker_consumer.INFO  [x] Done.
2023-09-30 15:25:22,287.Smoker_consumer.INFO  [x] Received 05/22/21 14:19:35,No temperature
2023-09-30 15:25:22,288.Smoker_consumer.INFO  [x] Done.
2023-09-30 15:25:23,329.Smoker_consumer.INFO  [x] Received 05/22/21 14:19:40,No temperature
2023-09-30 15:25:23,329.Smoker_consumer.INFO  [x] Done.
2023-09-30 15:25:24,367.Smoker_consumer.INFO  [x] Received 05/22/21 14:19:45,No temperature
2023-09-30 15:25:24,368.Smoker_consumer.INFO  [x] Done.
2023-09-30 15:25:25,396.Smoker_consumer.INFO  [x] Received 05/22/21 14:20:10,248.1
2023-09-30 15:25:25,396.Smoker_consumer.INFO  [x] Done.
2023-09-30 15:25:26,425.Smoker_consumer.INFO  [x] Received 05/22/21 14:20:15,248.1
2023-09-30 15:25:26,425.Smoker_consumer.INFO  [x] Done.
2023-09-30 15:25:27,458.Smoker_consumer.INFO  [x] Received 05/22/21 14:20:35,No temperature
2023-09-30 15:25:27,458.Smoker_consumer.INFO  [x] Done.
2023-09-30 15:25:28,488.Smoker_consumer.INFO  [x] Received 05/22/21 14:20:40,No temperature
2023-09-30 15:25:28,488.Smoker_consumer.INFO  [x] Done.
2023-09-30 15:25:29,529.Smoker_consumer.INFO  [x] Received 05/22/21 14:20:45,No temperature
2023-09-30 15:25:29,529.Smoker_consumer.INFO  [x] Done.
2023-09-30 15:25:30,560.Smoker_consumer.INFO  [x] Received 05/22/21 14:21:10,248.8
2023-09-30 15:25:30,560.Smoker_consumer.INFO  [x] Done.
2023-09-30 15:25:31,600.Smoker_consumer.INFO  [x] Received 05/22/21 14:21:15,248.8
2023-09-30 15:25:31,600.Smoker_consumer.INFO  [x] Done.
2023-09-30 15:25:32,630.Smoker_consumer.INFO  [x] Received 05/22/21 14:21:35,No temperature
2023-09-30 15:25:32,630.Smoker_consumer.INFO  [x] Done.
2023-09-30 15:25:33,688.Smoker_consumer.INFO  [x] Received 05/22/21 14:21:40,No temperature
2023-09-30 15:25:33,688.Smoker_consumer.INFO  [x] Done.
2023-09-30 15:25:34,720.Smoker_consumer.INFO  [x] Received 05/22/21 14:21:45,No temperature
2023-09-30 15:25:34,721.Smoker_consumer.INFO  [x] Done.
2023-09-30 15:25:35,777.Smoker_consumer.INFO  [x] Received 05/22/21 14:22:10,249.4
2023-09-30 15:25:35,777.Smoker_consumer.INFO  [x] Done.
2023-09-30 15:25:36,821.Smoker_consumer.INFO  [x] Received 05/22/21 14:22:15,249.4
2023-09-30 15:25:36,821.Smoker_consumer.INFO  [x] Done.
2023-09-30 15:25:37,860.Smoker_consumer.INFO  [x] Received 05/22/21 14:22:35,No temperature
2023-09-30 15:25:37,860.Smoker_consumer.INFO  [x] Done.
2023-09-30 15:25:38,889.Smoker_consumer.INFO  [x] Received 05/22/21 14:22:40,No temperature
2023-09-30 15:25:38,889.Smoker_consumer.INFO  [x] Done.
2023-09-30 15:25:39,930.Smoker_consumer.INFO  [x] Received 05/22/21 14:22:45,No temperature
2023-09-30 15:25:39,930.Smoker_consumer.INFO  [x] Done.
2023-09-30 15:25:40,974.Smoker_consumer.INFO  [x] Received 05/22/21 14:23:10,249.8
2023-09-30 15:25:40,975.Smoker_consumer.INFO  [x] Done.
2023-09-30 15:25:42,004.Smoker_consumer.INFO  [x] Received 05/22/21 14:23:15,249.8
2023-09-30 15:25:42,004.Smoker_consumer.INFO  [x] Done.
2023-09-30 15:25:47,015.Smoker_consumer.INFO 
Closing connection. Goodbye.

