2023-09-23 00:24:38,242.v1_emitter_of_smoker_tasks copy.INFO ==================================================
2023-09-23 00:24:38,243.v1_emitter_of_smoker_tasks copy.INFO Today is 2023-09-23 at 12:24 AM
2023-09-23 00:24:38,243.v1_emitter_of_smoker_tasks copy.INFO Running on: nt Windows 10
2023-09-23 00:24:38,244.v1_emitter_of_smoker_tasks copy.INFO Python version:  3.9.12
2023-09-23 00:24:38,245.v1_emitter_of_smoker_tasks copy.INFO Python path: C:\Users\alhal\miniconda3
2023-09-23 00:24:38,245.v1_emitter_of_smoker_tasks copy.INFO Working dir: C:\Users\alhal\OneDrive\Documents\44-671\streaming-05-smart-smoker
2023-09-23 00:24:38,245.v1_emitter_of_smoker_tasks copy.INFO ==================================================
2023-09-23 00:24:38,263.v1_emitter_of_smoker_tasks copy.INFO  [x] Sent [05/22/21 12:20:15, 84.2]
2023-09-23 00:24:38,270.v1_emitter_of_smoker_tasks copy.INFO  [x] Sent [05/22/21 12:20:15, ]
2023-09-23 00:24:38,277.v1_emitter_of_smoker_tasks copy.INFO  [x] Sent [05/22/21 12:20:15, ]
2023-09-23 00:24:39,297.v1_emitter_of_smoker_tasks copy.INFO  [x] Sent [05/22/21 12:20:20, 84.2]
2023-09-23 00:24:39,306.v1_emitter_of_smoker_tasks copy.INFO  [x] Sent [05/22/21 12:20:20, ]
2023-09-23 00:24:39,312.v1_emitter_of_smoker_tasks copy.INFO  [x] Sent [05/22/21 12:20:20, ]
2023-09-23 00:24:40,337.v1_emitter_of_smoker_tasks copy.INFO  [x] Sent [05/22/21 12:21:10, 87.6]
2023-09-23 00:24:40,345.v1_emitter_of_smoker_tasks copy.INFO  [x] Sent [05/22/21 12:21:10, ]
2023-09-23 00:24:40,354.v1_emitter_of_smoker_tasks copy.INFO  [x] Sent [05/22/21 12:21:10, ]
2023-09-23 00:24:41,365.v1_emitter_of_smoker_tasks copy.INFO  [x] Sent [05/22/21 12:21:15, 87.6]
2023-09-23 00:24:41,372.v1_emitter_of_smoker_tasks copy.INFO  [x] Sent [05/22/21 12:21:15, ]
2023-09-23 00:24:41,382.v1_emitter_of_smoker_tasks copy.INFO  [x] Sent [05/22/21 12:21:15, ]
2023-09-23 00:24:42,409.v1_emitter_of_smoker_tasks copy.INFO  [x] Sent [05/22/21 12:22:10, 86.3]
2023-09-23 00:24:42,417.v1_emitter_of_smoker_tasks copy.INFO  [x] Sent [05/22/21 12:22:10, ]
2023-09-23 00:24:42,426.v1_emitter_of_smoker_tasks copy.INFO  [x] Sent [05/22/21 12:22:10, ]
2023-09-23 00:24:43,436.v1_emitter_of_smoker_tasks copy.INFO  [x] Sent [05/22/21 12:22:15, 86.3]
2023-09-23 00:24:43,443.v1_emitter_of_smoker_tasks copy.INFO  [x] Sent [05/22/21 12:22:15, ]
2023-09-23 00:24:43,451.v1_emitter_of_smoker_tasks copy.INFO  [x] Sent [05/22/21 12:22:15, ]
2023-09-23 00:24:44,468.v1_emitter_of_smoker_tasks copy.INFO  [x] Sent [05/22/21 12:23:10, 92.0]
2023-09-23 00:24:44,476.v1_emitter_of_smoker_tasks copy.INFO  [x] Sent [05/22/21 12:23:10, ]
2023-09-23 00:24:44,487.v1_emitter_of_smoker_tasks copy.INFO  [x] Sent [05/22/21 12:23:10, ]
2023-09-23 00:24:45,502.v1_emitter_of_smoker_tasks copy.INFO  [x] Sent [05/22/21 12:23:15, 92.0]
2023-09-23 00:24:45,509.v1_emitter_of_smoker_tasks copy.INFO  [x] Sent [05/22/21 12:23:15, ]
2023-09-23 00:24:45,516.v1_emitter_of_smoker_tasks copy.INFO  [x] Sent [05/22/21 12:23:15, ]
2023-09-23 00:24:46,527.v1_emitter_of_smoker_tasks copy.INFO  [x] Sent [05/22/21 12:24:10, 96.8]
2023-09-23 00:24:46,533.v1_emitter_of_smoker_tasks copy.INFO  [x] Sent [05/22/21 12:24:10, ]
2023-09-23 00:24:46,542.v1_emitter_of_smoker_tasks copy.INFO  [x] Sent [05/22/21 12:24:10, ]
2023-09-23 00:24:47,558.v1_emitter_of_smoker_tasks copy.INFO  [x] Sent [05/22/21 12:24:15, 96.8]
2023-09-23 00:24:47,566.v1_emitter_of_smoker_tasks copy.INFO  [x] Sent [05/22/21 12:24:15, ]
2023-09-23 00:24:47,572.v1_emitter_of_smoker_tasks copy.INFO  [x] Sent [05/22/21 12:24:15, ]
2023-09-23 00:24:48,586.v1_emitter_of_smoker_tasks copy.INFO  [x] Sent [05/22/21 12:25:05, 100.6]
2023-09-23 00:24:48,593.v1_emitter_of_smoker_tasks copy.INFO  [x] Sent [05/22/21 12:25:05, ]
2023-09-23 00:24:48,600.v1_emitter_of_smoker_tasks copy.INFO  [x] Sent [05/22/21 12:25:05, ]
2023-09-23 00:24:49,612.v1_emitter_of_smoker_tasks copy.INFO  [x] Sent [05/22/21 12:25:10, 100.9]
2023-09-23 00:24:49,620.v1_emitter_of_smoker_tasks copy.INFO  [x] Sent [05/22/21 12:25:10, ]
2023-09-23 00:24:49,630.v1_emitter_of_smoker_tasks copy.INFO  [x] Sent [05/22/21 12:25:10, ]
2023-09-23 00:24:50,649.v1_emitter_of_smoker_tasks copy.INFO  [x] Sent [05/22/21 12:25:15, 100.9]
2023-09-23 00:24:50,655.v1_emitter_of_smoker_tasks copy.INFO  [x] Sent [05/22/21 12:25:15, ]
2023-09-23 00:24:50,661.v1_emitter_of_smoker_tasks copy.INFO  [x] Sent [05/22/21 12:25:15, ]
2023-09-23 00:24:51,678.v1_emitter_of_smoker_tasks copy.INFO  [x] Sent [05/22/21 12:26:10, 104.8]
2023-09-23 00:24:51,686.v1_emitter_of_smoker_tasks copy.INFO  [x] Sent [05/22/21 12:26:10, ]
2023-09-23 00:24:51,695.v1_emitter_of_smoker_tasks copy.INFO  [x] Sent [05/22/21 12:26:10, ]
2023-09-23 00:24:52,704.v1_emitter_of_smoker_tasks copy.INFO  [x] Sent [05/22/21 12:26:15, 104.8]
2023-09-23 00:24:52,711.v1_emitter_of_smoker_tasks copy.INFO  [x] Sent [05/22/21 12:26:15, ]
2023-09-23 00:24:52,720.v1_emitter_of_smoker_tasks copy.INFO  [x] Sent [05/22/21 12:26:15, ]
2023-09-23 00:24:53,748.v1_emitter_of_smoker_tasks copy.INFO  [x] Sent [05/22/21 12:27:10, 108.2]
2023-09-23 00:24:53,754.v1_emitter_of_smoker_tasks copy.INFO  [x] Sent [05/22/21 12:27:10, ]
2023-09-23 00:24:53,762.v1_emitter_of_smoker_tasks copy.INFO  [x] Sent [05/22/21 12:27:10, ]
2023-09-23 00:24:54,781.v1_emitter_of_smoker_tasks copy.INFO  [x] Sent [05/22/21 12:27:15, 108.2]
2023-09-23 00:24:54,787.v1_emitter_of_smoker_tasks copy.INFO  [x] Sent [05/22/21 12:27:15, ]
2023-09-23 00:24:54,793.v1_emitter_of_smoker_tasks copy.INFO  [x] Sent [05/22/21 12:27:15, ]
2023-09-23 00:24:55,809.v1_emitter_of_smoker_tasks copy.INFO  [x] Sent [05/22/21 12:28:10, 111.4]
2023-09-23 00:24:55,816.v1_emitter_of_smoker_tasks copy.INFO  [x] Sent [05/22/21 12:28:10, ]
2023-09-23 00:24:55,822.v1_emitter_of_smoker_tasks copy.INFO  [x] Sent [05/22/21 12:28:10, ]
2023-09-23 00:24:56,837.v1_emitter_of_smoker_tasks copy.INFO  [x] Sent [05/22/21 12:28:15, 111.4]
2023-09-23 00:24:56,844.v1_emitter_of_smoker_tasks copy.INFO  [x] Sent [05/22/21 12:28:15, ]
2023-09-23 00:24:56,852.v1_emitter_of_smoker_tasks copy.INFO  [x] Sent [05/22/21 12:28:15, ]
2023-09-23 00:24:57,867.v1_emitter_of_smoker_tasks copy.INFO  [x] Sent [05/22/21 12:29:10, 114.2]
2023-09-23 00:24:57,874.v1_emitter_of_smoker_tasks copy.INFO  [x] Sent [05/22/21 12:29:10, ]
2023-09-23 00:24:57,882.v1_emitter_of_smoker_tasks copy.INFO  [x] Sent [05/22/21 12:29:10, ]
2023-09-23 00:24:58,895.v1_emitter_of_smoker_tasks copy.INFO  [x] Sent [05/22/21 12:29:15, 114.2]
2023-09-23 00:24:58,901.v1_emitter_of_smoker_tasks copy.INFO  [x] Sent [05/22/21 12:29:15, ]
2023-09-23 00:24:58,907.v1_emitter_of_smoker_tasks copy.INFO  [x] Sent [05/22/21 12:29:15, ]
2023-09-23 00:24:59,915.v1_emitter_of_smoker_tasks copy.INFO  [x] Sent [05/22/21 12:30:10, 116.9]
2023-09-23 00:24:59,925.v1_emitter_of_smoker_tasks copy.INFO  [x] Sent [05/22/21 12:30:10, ]
2023-09-23 00:24:59,932.v1_emitter_of_smoker_tasks copy.INFO  [x] Sent [05/22/21 12:30:10, ]
2023-09-23 00:25:00,951.v1_emitter_of_smoker_tasks copy.INFO  [x] Sent [05/22/21 12:30:15, 116.9]
2023-09-23 00:25:00,959.v1_emitter_of_smoker_tasks copy.INFO  [x] Sent [05/22/21 12:30:15, ]
2023-09-23 00:25:00,965.v1_emitter_of_smoker_tasks copy.INFO  [x] Sent [05/22/21 12:30:15, ]
2023-09-23 00:25:01,975.v1_emitter_of_smoker_tasks copy.INFO  [x] Sent [05/22/21 12:31:10, 119.4]
2023-09-23 00:25:01,981.v1_emitter_of_smoker_tasks copy.INFO  [x] Sent [05/22/21 12:31:10, ]
2023-09-23 00:25:01,989.v1_emitter_of_smoker_tasks copy.INFO  [x] Sent [05/22/21 12:31:10, ]
2023-09-23 00:25:03,009.v1_emitter_of_smoker_tasks copy.INFO  [x] Sent [05/22/21 12:31:15, 119.4]
2023-09-23 00:25:03,019.v1_emitter_of_smoker_tasks copy.INFO  [x] Sent [05/22/21 12:31:15, ]
2023-09-23 00:25:03,027.v1_emitter_of_smoker_tasks copy.INFO  [x] Sent [05/22/21 12:31:15, ]
2023-09-23 00:25:04,046.v1_emitter_of_smoker_tasks copy.INFO  [x] Sent [05/22/21 12:32:10, 120.1]
2023-09-23 00:25:04,077.v1_emitter_of_smoker_tasks copy.INFO  [x] Sent [05/22/21 12:32:10, ]
2023-09-23 00:25:04,084.v1_emitter_of_smoker_tasks copy.INFO  [x] Sent [05/22/21 12:32:10, ]
2023-09-23 00:25:05,094.v1_emitter_of_smoker_tasks copy.INFO  [x] Sent [05/22/21 12:32:15, 120.1]
2023-09-23 00:25:05,108.v1_emitter_of_smoker_tasks copy.INFO  [x] Sent [05/22/21 12:32:15, ]
2023-09-23 00:25:05,115.v1_emitter_of_smoker_tasks copy.INFO  [x] Sent [05/22/21 12:32:15, ]
2023-09-23 00:25:06,137.v1_emitter_of_smoker_tasks copy.INFO  [x] Sent [05/22/21 12:33:10, 106.2]
2023-09-23 00:25:06,146.v1_emitter_of_smoker_tasks copy.INFO  [x] Sent [05/22/21 12:33:10, ]
2023-09-23 00:25:06,154.v1_emitter_of_smoker_tasks copy.INFO  [x] Sent [05/22/21 12:33:10, ]
2023-09-23 00:25:07,165.v1_emitter_of_smoker_tasks copy.INFO  [x] Sent [05/22/21 12:33:15, 106.2]
2023-09-23 00:25:07,176.v1_emitter_of_smoker_tasks copy.INFO  [x] Sent [05/22/21 12:33:15, ]
2023-09-23 00:25:07,187.v1_emitter_of_smoker_tasks copy.INFO  [x] Sent [05/22/21 12:33:15, ]
2023-09-23 00:25:08,207.v1_emitter_of_smoker_tasks copy.INFO  [x] Sent [05/22/21 12:34:10, 103.5]
2023-09-23 00:25:08,217.v1_emitter_of_smoker_tasks copy.INFO  [x] Sent [05/22/21 12:34:10, ]
2023-09-23 00:25:08,225.v1_emitter_of_smoker_tasks copy.INFO  [x] Sent [05/22/21 12:34:10, ]
2023-09-23 00:25:09,251.v1_emitter_of_smoker_tasks copy.INFO  [x] Sent [05/22/21 12:34:15, 103.5]
2023-09-23 00:25:09,263.v1_emitter_of_smoker_tasks copy.INFO  [x] Sent [05/22/21 12:34:15, ]
2023-09-23 00:25:09,272.v1_emitter_of_smoker_tasks copy.INFO  [x] Sent [05/22/21 12:34:15, ]
2023-09-23 00:25:10,296.v1_emitter_of_smoker_tasks copy.INFO  [x] Sent [05/22/21 12:35:10, 105.3]
2023-09-23 00:25:10,309.v1_emitter_of_smoker_tasks copy.INFO  [x] Sent [05/22/21 12:35:10, ]
2023-09-23 00:25:10,318.v1_emitter_of_smoker_tasks copy.INFO  [x] Sent [05/22/21 12:35:10, ]
2023-09-23 00:25:11,334.v1_emitter_of_smoker_tasks copy.INFO  [x] Sent [05/22/21 12:35:15, 105.3]
2023-09-23 00:25:11,344.v1_emitter_of_smoker_tasks copy.INFO  [x] Sent [05/22/21 12:35:15, ]
2023-09-23 00:25:11,355.v1_emitter_of_smoker_tasks copy.INFO  [x] Sent [05/22/21 12:35:15, ]
2023-09-23 00:25:12,375.v1_emitter_of_smoker_tasks copy.INFO  [x] Sent [05/22/21 12:36:10, 106.9]
2023-09-23 00:25:12,388.v1_emitter_of_smoker_tasks copy.INFO  [x] Sent [05/22/21 12:36:10, ]
2023-09-23 00:25:12,396.v1_emitter_of_smoker_tasks copy.INFO  [x] Sent [05/22/21 12:36:10, ]
2023-09-23 00:25:13,410.v1_emitter_of_smoker_tasks copy.INFO  [x] Sent [05/22/21 12:36:15, 106.9]
2023-09-23 00:25:13,418.v1_emitter_of_smoker_tasks copy.INFO  [x] Sent [05/22/21 12:36:15, ]
2023-09-23 00:25:13,425.v1_emitter_of_smoker_tasks copy.INFO  [x] Sent [05/22/21 12:36:15, ]
2023-09-23 00:25:14,438.v1_emitter_of_smoker_tasks copy.INFO  [x] Sent [05/22/21 12:37:10, 111.9]
2023-09-23 00:25:14,449.v1_emitter_of_smoker_tasks copy.INFO  [x] Sent [05/22/21 12:37:10, ]
2023-09-23 00:25:14,457.v1_emitter_of_smoker_tasks copy.INFO  [x] Sent [05/22/21 12:37:10, ]
2023-09-23 00:25:15,472.v1_emitter_of_smoker_tasks copy.INFO  [x] Sent [05/22/21 12:37:15, 111.9]
2023-09-23 00:25:15,478.v1_emitter_of_smoker_tasks copy.INFO  [x] Sent [05/22/21 12:37:15, ]
2023-09-23 00:25:15,486.v1_emitter_of_smoker_tasks copy.INFO  [x] Sent [05/22/21 12:37:15, ]
2023-09-23 00:25:16,499.v1_emitter_of_smoker_tasks copy.INFO  [x] Sent [05/22/21 12:38:10, 114.2]
2023-09-23 00:25:16,505.v1_emitter_of_smoker_tasks copy.INFO  [x] Sent [05/22/21 12:38:10, ]
2023-09-23 00:25:16,513.v1_emitter_of_smoker_tasks copy.INFO  [x] Sent [05/22/21 12:38:10, ]
2023-09-23 00:25:17,524.v1_emitter_of_smoker_tasks copy.INFO  [x] Sent [05/22/21 12:38:15, 114.2]
2023-09-23 00:25:17,534.v1_emitter_of_smoker_tasks copy.INFO  [x] Sent [05/22/21 12:38:15, ]
2023-09-23 00:25:17,545.v1_emitter_of_smoker_tasks copy.INFO  [x] Sent [05/22/21 12:38:15, ]
2023-09-23 00:25:18,571.v1_emitter_of_smoker_tasks copy.INFO  [x] Sent [05/22/21 12:39:10, 115.5]
2023-09-23 00:25:18,583.v1_emitter_of_smoker_tasks copy.INFO  [x] Sent [05/22/21 12:39:10, ]
2023-09-23 00:25:18,590.v1_emitter_of_smoker_tasks copy.INFO  [x] Sent [05/22/21 12:39:10, ]
2023-09-23 00:25:19,614.v1_emitter_of_smoker_tasks copy.INFO  [x] Sent [05/22/21 12:39:15, 115.5]
2023-09-23 00:25:19,626.v1_emitter_of_smoker_tasks copy.INFO  [x] Sent [05/22/21 12:39:15, ]
2023-09-23 00:25:19,636.v1_emitter_of_smoker_tasks copy.INFO  [x] Sent [05/22/21 12:39:15, ]
2023-09-23 00:25:20,656.v1_emitter_of_smoker_tasks copy.INFO  [x] Sent [05/22/21 12:40:10, 112.6]
2023-09-23 00:25:20,666.v1_emitter_of_smoker_tasks copy.INFO  [x] Sent [05/22/21 12:40:10, ]
2023-09-23 00:25:20,678.v1_emitter_of_smoker_tasks copy.INFO  [x] Sent [05/22/21 12:40:10, ]
2023-09-23 00:25:21,701.v1_emitter_of_smoker_tasks copy.INFO  [x] Sent [05/22/21 12:40:15, 112.6]
2023-09-23 00:25:21,709.v1_emitter_of_smoker_tasks copy.INFO  [x] Sent [05/22/21 12:40:15, ]
2023-09-23 00:25:21,717.v1_emitter_of_smoker_tasks copy.INFO  [x] Sent [05/22/21 12:40:15, ]
2023-09-23 00:25:22,732.v1_emitter_of_smoker_tasks copy.INFO  [x] Sent [05/22/21 12:41:10, 118.8]
2023-09-23 00:25:22,742.v1_emitter_of_smoker_tasks copy.INFO  [x] Sent [05/22/21 12:41:10, ]
2023-09-23 00:25:22,748.v1_emitter_of_smoker_tasks copy.INFO  [x] Sent [05/22/21 12:41:10, ]
2023-09-23 00:25:23,774.v1_emitter_of_smoker_tasks copy.INFO  [x] Sent [05/22/21 12:41:15, 118.8]
2023-09-23 00:25:23,785.v1_emitter_of_smoker_tasks copy.INFO  [x] Sent [05/22/21 12:41:15, ]
2023-09-23 00:25:23,795.v1_emitter_of_smoker_tasks copy.INFO  [x] Sent [05/22/21 12:41:15, ]
2023-09-23 00:25:24,810.v1_emitter_of_smoker_tasks copy.INFO  [x] Sent [05/22/21 12:42:10, 113.2]
2023-09-23 00:25:24,822.v1_emitter_of_smoker_tasks copy.INFO  [x] Sent [05/22/21 12:42:10, ]
2023-09-23 00:25:24,832.v1_emitter_of_smoker_tasks copy.INFO  [x] Sent [05/22/21 12:42:10, ]
2023-09-23 00:25:25,850.v1_emitter_of_smoker_tasks copy.INFO  [x] Sent [05/22/21 12:42:15, 113.2]
2023-09-23 00:25:25,860.v1_emitter_of_smoker_tasks copy.INFO  [x] Sent [05/22/21 12:42:15, ]
2023-09-23 00:25:25,869.v1_emitter_of_smoker_tasks copy.INFO  [x] Sent [05/22/21 12:42:15, ]
2023-09-23 00:25:26,888.v1_emitter_of_smoker_tasks copy.INFO  [x] Sent [05/22/21 12:43:10, 126.7]
2023-09-23 00:25:26,902.v1_emitter_of_smoker_tasks copy.INFO  [x] Sent [05/22/21 12:43:10, ]
2023-09-23 00:25:26,914.v1_emitter_of_smoker_tasks copy.INFO  [x] Sent [05/22/21 12:43:10, ]
2023-09-23 00:25:27,925.v1_emitter_of_smoker_tasks copy.INFO  [x] Sent [05/22/21 12:43:15, 126.7]
2023-09-23 00:25:27,935.v1_emitter_of_smoker_tasks copy.INFO  [x] Sent [05/22/21 12:43:15, ]
2023-09-23 00:25:27,946.v1_emitter_of_smoker_tasks copy.INFO  [x] Sent [05/22/21 12:43:15, ]
2023-09-23 00:25:28,972.v1_emitter_of_smoker_tasks copy.INFO  [x] Sent [05/22/21 12:44:10, 130.0]
2023-09-23 00:25:28,981.v1_emitter_of_smoker_tasks copy.INFO  [x] Sent [05/22/21 12:44:10, ]
2023-09-23 00:25:28,991.v1_emitter_of_smoker_tasks copy.INFO  [x] Sent [05/22/21 12:44:10, ]
2023-09-23 00:25:30,016.v1_emitter_of_smoker_tasks copy.INFO  [x] Sent [05/22/21 12:44:15, 130.0]
2023-09-23 00:25:30,022.v1_emitter_of_smoker_tasks copy.INFO  [x] Sent [05/22/21 12:44:15, ]
2023-09-23 00:25:30,029.v1_emitter_of_smoker_tasks copy.INFO  [x] Sent [05/22/21 12:44:15, ]
2023-09-23 00:25:31,041.v1_emitter_of_smoker_tasks copy.INFO  [x] Sent [05/22/21 12:45:10, 130.0]
2023-09-23 00:25:31,049.v1_emitter_of_smoker_tasks copy.INFO  [x] Sent [05/22/21 12:45:10, ]
2023-09-23 00:25:31,081.v1_emitter_of_smoker_tasks copy.INFO  [x] Sent [05/22/21 12:45:10, ]
2023-09-23 00:25:32,093.v1_emitter_of_smoker_tasks copy.INFO  [x] Sent [05/22/21 12:45:15, 130.0]
2023-09-23 00:25:32,099.v1_emitter_of_smoker_tasks copy.INFO  [x] Sent [05/22/21 12:45:15, ]
2023-09-23 00:25:32,108.v1_emitter_of_smoker_tasks copy.INFO  [x] Sent [05/22/21 12:45:15, ]
2023-09-23 00:25:33,122.v1_emitter_of_smoker_tasks copy.INFO  [x] Sent [05/22/21 12:46:10, 137.3]
2023-09-23 00:25:33,128.v1_emitter_of_smoker_tasks copy.INFO  [x] Sent [05/22/21 12:46:10, ]
2023-09-23 00:25:33,135.v1_emitter_of_smoker_tasks copy.INFO  [x] Sent [05/22/21 12:46:10, ]
2023-09-23 00:25:34,147.v1_emitter_of_smoker_tasks copy.INFO  [x] Sent [05/22/21 12:46:15, 137.3]
2023-09-23 00:25:34,152.v1_emitter_of_smoker_tasks copy.INFO  [x] Sent [05/22/21 12:46:15, ]
2023-09-23 00:25:34,158.v1_emitter_of_smoker_tasks copy.INFO  [x] Sent [05/22/21 12:46:15, ]
2023-09-23 00:25:35,179.v1_emitter_of_smoker_tasks copy.INFO  [x] Sent [05/22/21 12:47:10, 139.5]
2023-09-23 00:25:35,185.v1_emitter_of_smoker_tasks copy.INFO  [x] Sent [05/22/21 12:47:10, ]
2023-09-23 00:25:35,193.v1_emitter_of_smoker_tasks copy.INFO  [x] Sent [05/22/21 12:47:10, ]
2023-09-23 00:25:36,202.v1_emitter_of_smoker_tasks copy.INFO  [x] Sent [05/22/21 12:47:15, 139.5]
2023-09-23 00:25:36,209.v1_emitter_of_smoker_tasks copy.INFO  [x] Sent [05/22/21 12:47:15, ]
2023-09-23 00:25:36,217.v1_emitter_of_smoker_tasks copy.INFO  [x] Sent [05/22/21 12:47:15, ]
2023-09-23 00:25:37,231.v1_emitter_of_smoker_tasks copy.INFO  [x] Sent [05/22/21 12:48:10, 141.8]
2023-09-23 00:25:37,238.v1_emitter_of_smoker_tasks copy.INFO  [x] Sent [05/22/21 12:48:10, ]
2023-09-23 00:25:37,248.v1_emitter_of_smoker_tasks copy.INFO  [x] Sent [05/22/21 12:48:10, ]
2023-09-23 00:25:38,269.v1_emitter_of_smoker_tasks copy.INFO  [x] Sent [05/22/21 12:48:15, 141.8]
2023-09-23 00:25:38,275.v1_emitter_of_smoker_tasks copy.INFO  [x] Sent [05/22/21 12:48:15, ]
2023-09-23 00:25:38,283.v1_emitter_of_smoker_tasks copy.INFO  [x] Sent [05/22/21 12:48:15, ]
2023-09-23 00:25:39,302.v1_emitter_of_smoker_tasks copy.INFO  [x] Sent [05/22/21 12:49:10, 143.6]
2023-09-23 00:25:39,313.v1_emitter_of_smoker_tasks copy.INFO  [x] Sent [05/22/21 12:49:10, ]
2023-09-23 00:25:39,319.v1_emitter_of_smoker_tasks copy.INFO  [x] Sent [05/22/21 12:49:10, ]
2023-09-23 00:25:40,330.v1_emitter_of_smoker_tasks copy.INFO  [x] Sent [05/22/21 12:49:15, 143.6]
2023-09-23 00:25:40,336.v1_emitter_of_smoker_tasks copy.INFO  [x] Sent [05/22/21 12:49:15, ]
2023-09-23 00:25:40,344.v1_emitter_of_smoker_tasks copy.INFO  [x] Sent [05/22/21 12:49:15, ]
2023-09-23 00:25:41,356.v1_emitter_of_smoker_tasks copy.INFO  [x] Sent [05/22/21 12:50:10, 145.0]
2023-09-23 00:25:41,363.v1_emitter_of_smoker_tasks copy.INFO  [x] Sent [05/22/21 12:50:10, ]
2023-09-23 00:25:41,371.v1_emitter_of_smoker_tasks copy.INFO  [x] Sent [05/22/21 12:50:10, ]
2023-09-23 00:25:42,392.v1_emitter_of_smoker_tasks copy.INFO  [x] Sent [05/22/21 12:50:15, 145.0]
2023-09-23 00:25:42,400.v1_emitter_of_smoker_tasks copy.INFO  [x] Sent [05/22/21 12:50:15, ]
2023-09-23 00:25:42,406.v1_emitter_of_smoker_tasks copy.INFO  [x] Sent [05/22/21 12:50:15, ]
2023-09-23 00:25:43,419.v1_emitter_of_smoker_tasks copy.INFO  [x] Sent [05/22/21 12:51:10, 146.2]
2023-09-23 00:25:43,425.v1_emitter_of_smoker_tasks copy.INFO  [x] Sent [05/22/21 12:51:10, ]
2023-09-23 00:25:43,430.v1_emitter_of_smoker_tasks copy.INFO  [x] Sent [05/22/21 12:51:10, ]
2023-09-23 00:25:44,439.v1_emitter_of_smoker_tasks copy.INFO  [x] Sent [05/22/21 12:51:15, 146.2]
2023-09-23 00:25:44,444.v1_emitter_of_smoker_tasks copy.INFO  [x] Sent [05/22/21 12:51:15, ]
2023-09-23 00:25:44,453.v1_emitter_of_smoker_tasks copy.INFO  [x] Sent [05/22/21 12:51:15, ]
2023-09-23 00:25:45,471.v1_emitter_of_smoker_tasks copy.INFO  [x] Sent [05/22/21 12:52:10, 147.5]
2023-09-23 00:25:45,479.v1_emitter_of_smoker_tasks copy.INFO  [x] Sent [05/22/21 12:52:10, ]
2023-09-23 00:25:45,488.v1_emitter_of_smoker_tasks copy.INFO  [x] Sent [05/22/21 12:52:10, ]
2023-09-23 00:25:46,497.v1_emitter_of_smoker_tasks copy.INFO  [x] Sent [05/22/21 12:52:15, 147.5]
2023-09-23 00:25:46,504.v1_emitter_of_smoker_tasks copy.INFO  [x] Sent [05/22/21 12:52:15, ]
2023-09-23 00:25:46,511.v1_emitter_of_smoker_tasks copy.INFO  [x] Sent [05/22/21 12:52:15, ]
2023-09-23 00:25:47,532.v1_emitter_of_smoker_tasks copy.INFO  [x] Sent [05/22/21 12:53:10, 148.7]
2023-09-23 00:25:47,540.v1_emitter_of_smoker_tasks copy.INFO  [x] Sent [05/22/21 12:53:10, ]
2023-09-23 00:25:47,548.v1_emitter_of_smoker_tasks copy.INFO  [x] Sent [05/22/21 12:53:10, ]
2023-09-23 00:25:48,563.v1_emitter_of_smoker_tasks copy.INFO  [x] Sent [05/22/21 12:53:15, 148.7]
2023-09-23 00:25:48,570.v1_emitter_of_smoker_tasks copy.INFO  [x] Sent [05/22/21 12:53:15, ]
2023-09-23 00:25:48,579.v1_emitter_of_smoker_tasks copy.INFO  [x] Sent [05/22/21 12:53:15, ]
2023-09-23 00:25:49,597.v1_emitter_of_smoker_tasks copy.INFO  [x] Sent [05/22/21 12:54:10, 149.9]
2023-09-23 00:25:49,602.v1_emitter_of_smoker_tasks copy.INFO  [x] Sent [05/22/21 12:54:10, ]
2023-09-23 00:25:49,608.v1_emitter_of_smoker_tasks copy.INFO  [x] Sent [05/22/21 12:54:10, ]
2023-09-23 00:25:50,620.v1_emitter_of_smoker_tasks copy.INFO  [x] Sent [05/22/21 12:54:15, 149.9]
2023-09-23 00:25:50,629.v1_emitter_of_smoker_tasks copy.INFO  [x] Sent [05/22/21 12:54:15, ]
2023-09-23 00:25:50,634.v1_emitter_of_smoker_tasks copy.INFO  [x] Sent [05/22/21 12:54:15, ]
2023-09-23 00:25:51,658.v1_emitter_of_smoker_tasks copy.INFO  [x] Sent [05/22/21 12:55:05, 151.1]
2023-09-23 00:25:51,666.v1_emitter_of_smoker_tasks copy.INFO  [x] Sent [05/22/21 12:55:05, ]
2023-09-23 00:25:51,673.v1_emitter_of_smoker_tasks copy.INFO  [x] Sent [05/22/21 12:55:05, ]
2023-09-23 00:25:52,689.v1_emitter_of_smoker_tasks copy.INFO  [x] Sent [05/22/21 12:55:10, 151.2]
2023-09-23 00:25:52,697.v1_emitter_of_smoker_tasks copy.INFO  [x] Sent [05/22/21 12:55:10, ]
2023-09-23 00:25:52,705.v1_emitter_of_smoker_tasks copy.INFO  [x] Sent [05/22/21 12:55:10, ]
2023-09-23 00:25:53,729.v1_emitter_of_smoker_tasks copy.INFO  [x] Sent [05/22/21 12:55:15, 151.2]
2023-09-23 00:25:53,735.v1_emitter_of_smoker_tasks copy.INFO  [x] Sent [05/22/21 12:55:15, ]
2023-09-23 00:25:53,743.v1_emitter_of_smoker_tasks copy.INFO  [x] Sent [05/22/21 12:55:15, ]
2023-09-23 00:25:54,756.v1_emitter_of_smoker_tasks copy.INFO  [x] Sent [05/22/21 12:56:10, 152.4]
2023-09-23 00:25:54,762.v1_emitter_of_smoker_tasks copy.INFO  [x] Sent [05/22/21 12:56:10, ]
2023-09-23 00:25:54,769.v1_emitter_of_smoker_tasks copy.INFO  [x] Sent [05/22/21 12:56:10, ]
2023-09-23 00:25:55,786.v1_emitter_of_smoker_tasks copy.INFO  [x] Sent [05/22/21 12:56:15, 152.4]
2023-09-23 00:25:55,800.v1_emitter_of_smoker_tasks copy.INFO  [x] Sent [05/22/21 12:56:15, ]
2023-09-23 00:25:55,807.v1_emitter_of_smoker_tasks copy.INFO  [x] Sent [05/22/21 12:56:15, ]
2023-09-23 00:25:56,837.v1_emitter_of_smoker_tasks copy.INFO  [x] Sent [05/22/21 12:57:10, 153.4]
2023-09-23 00:25:56,849.v1_emitter_of_smoker_tasks copy.INFO  [x] Sent [05/22/21 12:57:10, ]
2023-09-23 00:25:56,858.v1_emitter_of_smoker_tasks copy.INFO  [x] Sent [05/22/21 12:57:10, ]
2023-09-23 00:25:57,875.v1_emitter_of_smoker_tasks copy.INFO  [x] Sent [05/22/21 12:57:15, 153.4]
2023-09-23 00:25:57,883.v1_emitter_of_smoker_tasks copy.INFO  [x] Sent [05/22/21 12:57:15, ]
2023-09-23 00:25:57,890.v1_emitter_of_smoker_tasks copy.INFO  [x] Sent [05/22/21 12:57:15, ]
2023-09-23 00:25:58,914.v1_emitter_of_smoker_tasks copy.INFO  [x] Sent [05/22/21 12:58:10, 154.5]
2023-09-23 00:25:58,921.v1_emitter_of_smoker_tasks copy.INFO  [x] Sent [05/22/21 12:58:10, ]
2023-09-23 00:25:58,929.v1_emitter_of_smoker_tasks copy.INFO  [x] Sent [05/22/21 12:58:10, ]
2023-09-23 00:25:59,949.v1_emitter_of_smoker_tasks copy.INFO  [x] Sent [05/22/21 12:58:15, 154.5]
2023-09-23 00:25:59,960.v1_emitter_of_smoker_tasks copy.INFO  [x] Sent [05/22/21 12:58:15, ]
2023-09-23 00:25:59,969.v1_emitter_of_smoker_tasks copy.INFO  [x] Sent [05/22/21 12:58:15, ]
2023-09-23 00:26:00,985.v1_emitter_of_smoker_tasks copy.INFO  [x] Sent [05/22/21 12:59:10, 155.6]
2023-09-23 00:26:00,997.v1_emitter_of_smoker_tasks copy.INFO  [x] Sent [05/22/21 12:59:10, ]
2023-09-23 00:26:01,006.v1_emitter_of_smoker_tasks copy.INFO  [x] Sent [05/22/21 12:59:10, ]
2023-09-23 00:26:02,017.v1_emitter_of_smoker_tasks copy.INFO  [x] Sent [05/22/21 12:59:15, 155.6]
2023-09-23 00:26:02,023.v1_emitter_of_smoker_tasks copy.INFO  [x] Sent [05/22/21 12:59:15, ]
2023-09-23 00:26:02,031.v1_emitter_of_smoker_tasks copy.INFO  [x] Sent [05/22/21 12:59:15, ]
2023-09-23 00:26:03,046.v1_emitter_of_smoker_tasks copy.INFO  [x] Sent [05/22/21 13:00:10, 156.5]
2023-09-23 00:26:03,057.v1_emitter_of_smoker_tasks copy.INFO  [x] Sent [05/22/21 13:00:10, ]
2023-09-23 00:26:03,066.v1_emitter_of_smoker_tasks copy.INFO  [x] Sent [05/22/21 13:00:10, ]
2023-09-23 00:26:04,088.v1_emitter_of_smoker_tasks copy.INFO  [x] Sent [05/22/21 13:00:15, 156.5]
2023-09-23 00:26:04,098.v1_emitter_of_smoker_tasks copy.INFO  [x] Sent [05/22/21 13:00:15, ]
2023-09-23 00:26:04,106.v1_emitter_of_smoker_tasks copy.INFO  [x] Sent [05/22/21 13:00:15, ]
2023-09-23 00:26:05,120.v1_emitter_of_smoker_tasks copy.INFO  [x] Sent [05/22/21 13:01:10, 157.8]
2023-09-23 00:26:05,133.v1_emitter_of_smoker_tasks copy.INFO  [x] Sent [05/22/21 13:01:10, ]
2023-09-23 00:26:05,142.v1_emitter_of_smoker_tasks copy.INFO  [x] Sent [05/22/21 13:01:10, ]
2023-09-23 00:26:06,165.v1_emitter_of_smoker_tasks copy.INFO  [x] Sent [05/22/21 13:01:15, 157.8]
2023-09-23 00:26:06,172.v1_emitter_of_smoker_tasks copy.INFO  [x] Sent [05/22/21 13:01:15, ]
2023-09-23 00:26:06,180.v1_emitter_of_smoker_tasks copy.INFO  [x] Sent [05/22/21 13:01:15, ]
2023-09-23 00:26:07,198.v1_emitter_of_smoker_tasks copy.INFO  [x] Sent [05/22/21 13:02:10, 158.8]
2023-09-23 00:26:07,212.v1_emitter_of_smoker_tasks copy.INFO  [x] Sent [05/22/21 13:02:10, ]
2023-09-23 00:26:07,222.v1_emitter_of_smoker_tasks copy.INFO  [x] Sent [05/22/21 13:02:10, ]
2023-09-23 00:26:08,241.v1_emitter_of_smoker_tasks copy.INFO  [x] Sent [05/22/21 13:02:15, 158.8]
2023-09-23 00:26:08,247.v1_emitter_of_smoker_tasks copy.INFO  [x] Sent [05/22/21 13:02:15, ]
2023-09-23 00:26:08,255.v1_emitter_of_smoker_tasks copy.INFO  [x] Sent [05/22/21 13:02:15, ]
2023-09-23 00:26:09,267.v1_emitter_of_smoker_tasks copy.INFO  [x] Sent [05/22/21 13:03:10, 159.9]
2023-09-23 00:26:09,273.v1_emitter_of_smoker_tasks copy.INFO  [x] Sent [05/22/21 13:03:10, ]
2023-09-23 00:26:09,281.v1_emitter_of_smoker_tasks copy.INFO  [x] Sent [05/22/21 13:03:10, ]
2023-09-23 00:26:10,313.v1_emitter_of_smoker_tasks copy.INFO  [x] Sent [05/22/21 13:03:15, 159.9]
2023-09-23 00:26:10,320.v1_emitter_of_smoker_tasks copy.INFO  [x] Sent [05/22/21 13:03:15, ]
2023-09-23 00:26:10,327.v1_emitter_of_smoker_tasks copy.INFO  [x] Sent [05/22/21 13:03:15, ]
2023-09-23 00:26:11,339.v1_emitter_of_smoker_tasks copy.INFO  [x] Sent [05/22/21 13:04:10, 160.7]
2023-09-23 00:26:11,346.v1_emitter_of_smoker_tasks copy.INFO  [x] Sent [05/22/21 13:04:10, ]
2023-09-23 00:26:11,353.v1_emitter_of_smoker_tasks copy.INFO  [x] Sent [05/22/21 13:04:10, ]
2023-09-23 00:26:12,371.v1_emitter_of_smoker_tasks copy.INFO  [x] Sent [05/22/21 13:04:15, 160.7]
2023-09-23 00:26:12,378.v1_emitter_of_smoker_tasks copy.INFO  [x] Sent [05/22/21 13:04:15, ]
2023-09-23 00:26:12,386.v1_emitter_of_smoker_tasks copy.INFO  [x] Sent [05/22/21 13:04:15, ]
2023-09-23 00:26:13,399.v1_emitter_of_smoker_tasks copy.INFO  [x] Sent [05/22/21 13:05:10, 161.9]
2023-09-23 00:26:13,405.v1_emitter_of_smoker_tasks copy.INFO  [x] Sent [05/22/21 13:05:10, ]
2023-09-23 00:26:13,412.v1_emitter_of_smoker_tasks copy.INFO  [x] Sent [05/22/21 13:05:10, ]
2023-09-23 00:26:14,424.v1_emitter_of_smoker_tasks copy.INFO  [x] Sent [05/22/21 13:05:15, 161.9]
2023-09-23 00:26:14,430.v1_emitter_of_smoker_tasks copy.INFO  [x] Sent [05/22/21 13:05:15, ]
2023-09-23 00:26:14,437.v1_emitter_of_smoker_tasks copy.INFO  [x] Sent [05/22/21 13:05:15, ]
2023-09-23 00:26:15,453.v1_emitter_of_smoker_tasks copy.INFO  [x] Sent [05/22/21 13:06:10, 163.1]
2023-09-23 00:26:15,460.v1_emitter_of_smoker_tasks copy.INFO  [x] Sent [05/22/21 13:06:10, ]
2023-09-23 00:26:15,467.v1_emitter_of_smoker_tasks copy.INFO  [x] Sent [05/22/21 13:06:10, ]
2023-09-23 00:26:16,499.v1_emitter_of_smoker_tasks copy.INFO  [x] Sent [05/22/21 13:06:15, 163.1]
2023-09-23 00:26:16,507.v1_emitter_of_smoker_tasks copy.INFO  [x] Sent [05/22/21 13:06:15, ]
2023-09-23 00:26:16,514.v1_emitter_of_smoker_tasks copy.INFO  [x] Sent [05/22/21 13:06:15, ]
2023-09-23 00:26:17,528.v1_emitter_of_smoker_tasks copy.INFO  [x] Sent [05/22/21 13:07:10, 164.3]
2023-09-23 00:26:17,535.v1_emitter_of_smoker_tasks copy.INFO  [x] Sent [05/22/21 13:07:10, ]
2023-09-23 00:26:17,541.v1_emitter_of_smoker_tasks copy.INFO  [x] Sent [05/22/21 13:07:10, ]
2023-09-23 00:26:18,556.v1_emitter_of_smoker_tasks copy.INFO  [x] Sent [05/22/21 13:07:15, 164.3]
2023-09-23 00:26:18,563.v1_emitter_of_smoker_tasks copy.INFO  [x] Sent [05/22/21 13:07:15, ]
2023-09-23 00:26:18,568.v1_emitter_of_smoker_tasks copy.INFO  [x] Sent [05/22/21 13:07:15, ]
2023-09-23 00:26:19,587.v1_emitter_of_smoker_tasks copy.INFO  [x] Sent [05/22/21 13:08:10, 165.6]
2023-09-23 00:26:19,593.v1_emitter_of_smoker_tasks copy.INFO  [x] Sent [05/22/21 13:08:10, ]
2023-09-23 00:26:19,598.v1_emitter_of_smoker_tasks copy.INFO  [x] Sent [05/22/21 13:08:10, ]
2023-09-23 00:26:20,624.v1_emitter_of_smoker_tasks copy.INFO  [x] Sent [05/22/21 13:08:15, 165.6]
2023-09-23 00:26:20,636.v1_emitter_of_smoker_tasks copy.INFO  [x] Sent [05/22/21 13:08:15, ]
2023-09-23 00:26:20,641.v1_emitter_of_smoker_tasks copy.INFO  [x] Sent [05/22/21 13:08:15, ]
2023-09-23 00:26:21,666.v1_emitter_of_smoker_tasks copy.INFO  [x] Sent [05/22/21 13:09:10, 166.7]
2023-09-23 00:26:21,673.v1_emitter_of_smoker_tasks copy.INFO  [x] Sent [05/22/21 13:09:10, ]
2023-09-23 00:26:21,681.v1_emitter_of_smoker_tasks copy.INFO  [x] Sent [05/22/21 13:09:10, ]
2023-09-23 00:26:22,699.v1_emitter_of_smoker_tasks copy.INFO  [x] Sent [05/22/21 13:09:15, 166.7]
2023-09-23 00:26:22,706.v1_emitter_of_smoker_tasks copy.INFO  [x] Sent [05/22/21 13:09:15, ]
2023-09-23 00:26:22,712.v1_emitter_of_smoker_tasks copy.INFO  [x] Sent [05/22/21 13:09:15, ]
2023-09-23 00:26:23,728.v1_emitter_of_smoker_tasks copy.INFO  [x] Sent [05/22/21 13:10:10, 167.8]
2023-09-23 00:26:23,735.v1_emitter_of_smoker_tasks copy.INFO  [x] Sent [05/22/21 13:10:10, ]
2023-09-23 00:26:23,744.v1_emitter_of_smoker_tasks copy.INFO  [x] Sent [05/22/21 13:10:10, ]
2023-09-23 00:26:24,757.v1_emitter_of_smoker_tasks copy.INFO  [x] Sent [05/22/21 13:10:15, 167.8]
2023-09-23 00:26:24,763.v1_emitter_of_smoker_tasks copy.INFO  [x] Sent [05/22/21 13:10:15, ]
2023-09-23 00:26:24,771.v1_emitter_of_smoker_tasks copy.INFO  [x] Sent [05/22/21 13:10:15, ]
2023-09-23 00:26:25,788.v1_emitter_of_smoker_tasks copy.INFO  [x] Sent [05/22/21 13:11:10, 168.8]
2023-09-23 00:26:25,796.v1_emitter_of_smoker_tasks copy.INFO  [x] Sent [05/22/21 13:11:10, ]
2023-09-23 00:26:25,802.v1_emitter_of_smoker_tasks copy.INFO  [x] Sent [05/22/21 13:11:10, ]
2023-09-23 00:26:26,816.v1_emitter_of_smoker_tasks copy.INFO  [x] Sent [05/22/21 13:11:15, 168.8]
2023-09-23 00:26:26,828.v1_emitter_of_smoker_tasks copy.INFO  [x] Sent [05/22/21 13:11:15, ]
2023-09-23 00:26:26,835.v1_emitter_of_smoker_tasks copy.INFO  [x] Sent [05/22/21 13:11:15, ]
2023-09-23 00:26:27,850.v1_emitter_of_smoker_tasks copy.INFO  [x] Sent [05/22/21 13:12:10, 170.2]
2023-09-23 00:26:27,858.v1_emitter_of_smoker_tasks copy.INFO  [x] Sent [05/22/21 13:12:10, ]
2023-09-23 00:26:27,866.v1_emitter_of_smoker_tasks copy.INFO  [x] Sent [05/22/21 13:12:10, ]
2023-09-23 00:26:28,877.v1_emitter_of_smoker_tasks copy.INFO  [x] Sent [05/22/21 13:12:15, 170.2]
2023-09-23 00:26:28,883.v1_emitter_of_smoker_tasks copy.INFO  [x] Sent [05/22/21 13:12:15, ]
2023-09-23 00:26:28,889.v1_emitter_of_smoker_tasks copy.INFO  [x] Sent [05/22/21 13:12:15, ]
2023-09-23 00:26:29,906.v1_emitter_of_smoker_tasks copy.INFO  [x] Sent [05/22/21 13:13:10, 171.7]
2023-09-23 00:26:29,915.v1_emitter_of_smoker_tasks copy.INFO  [x] Sent [05/22/21 13:13:10, ]
2023-09-23 00:26:29,921.v1_emitter_of_smoker_tasks copy.INFO  [x] Sent [05/22/21 13:13:10, ]
2023-09-23 00:26:30,937.v1_emitter_of_smoker_tasks copy.INFO  [x] Sent [05/22/21 13:13:15, 171.7]
2023-09-23 00:26:30,944.v1_emitter_of_smoker_tasks copy.INFO  [x] Sent [05/22/21 13:13:15, ]
2023-09-23 00:26:30,951.v1_emitter_of_smoker_tasks copy.INFO  [x] Sent [05/22/21 13:13:15, ]
2023-09-23 00:26:31,978.v1_emitter_of_smoker_tasks copy.INFO  [x] Sent [05/22/21 13:14:10, 173.3]
2023-09-23 00:26:31,985.v1_emitter_of_smoker_tasks copy.INFO  [x] Sent [05/22/21 13:14:10, ]
2023-09-23 00:26:31,992.v1_emitter_of_smoker_tasks copy.INFO  [x] Sent [05/22/21 13:14:10, ]
2023-09-23 00:26:33,010.v1_emitter_of_smoker_tasks copy.INFO  [x] Sent [05/22/21 13:14:15, 173.3]
2023-09-23 00:26:33,017.v1_emitter_of_smoker_tasks copy.INFO  [x] Sent [05/22/21 13:14:15, ]
2023-09-23 00:26:33,025.v1_emitter_of_smoker_tasks copy.INFO  [x] Sent [05/22/21 13:14:15, ]
2023-09-23 00:26:34,038.v1_emitter_of_smoker_tasks copy.INFO  [x] Sent [05/22/21 13:15:10, 174.6]
2023-09-23 00:26:34,044.v1_emitter_of_smoker_tasks copy.INFO  [x] Sent [05/22/21 13:15:10, ]
2023-09-23 00:26:34,050.v1_emitter_of_smoker_tasks copy.INFO  [x] Sent [05/22/21 13:15:10, ]
2023-09-23 00:26:35,069.v1_emitter_of_smoker_tasks copy.INFO  [x] Sent [05/22/21 13:15:15, 174.6]
2023-09-23 00:26:35,075.v1_emitter_of_smoker_tasks copy.INFO  [x] Sent [05/22/21 13:15:15, ]
2023-09-23 00:26:35,081.v1_emitter_of_smoker_tasks copy.INFO  [x] Sent [05/22/21 13:15:15, ]
2023-09-23 00:26:36,100.v1_emitter_of_smoker_tasks copy.INFO  [x] Sent [05/22/21 13:16:10, 175.5]
2023-09-23 00:26:36,106.v1_emitter_of_smoker_tasks copy.INFO  [x] Sent [05/22/21 13:16:10, ]
2023-09-23 00:26:36,114.v1_emitter_of_smoker_tasks copy.INFO  [x] Sent [05/22/21 13:16:10, ]
2023-09-23 00:26:37,130.v1_emitter_of_smoker_tasks copy.INFO  [x] Sent [05/22/21 13:16:15, 175.5]
2023-09-23 00:26:37,137.v1_emitter_of_smoker_tasks copy.INFO  [x] Sent [05/22/21 13:16:15, ]
2023-09-23 00:26:37,145.v1_emitter_of_smoker_tasks copy.INFO  [x] Sent [05/22/21 13:16:15, ]
2023-09-23 00:26:38,163.v1_emitter_of_smoker_tasks copy.INFO  [x] Sent [05/22/21 13:17:10, 176.8]
2023-09-23 00:26:38,169.v1_emitter_of_smoker_tasks copy.INFO  [x] Sent [05/22/21 13:17:10, ]
2023-09-23 00:26:38,176.v1_emitter_of_smoker_tasks copy.INFO  [x] Sent [05/22/21 13:17:10, ]
2023-09-23 00:26:39,198.v1_emitter_of_smoker_tasks copy.INFO  [x] Sent [05/22/21 13:17:15, 176.8]
2023-09-23 00:26:39,204.v1_emitter_of_smoker_tasks copy.INFO  [x] Sent [05/22/21 13:17:15, ]
2023-09-23 00:26:39,210.v1_emitter_of_smoker_tasks copy.INFO  [x] Sent [05/22/21 13:17:15, ]
2023-09-23 00:26:40,230.v1_emitter_of_smoker_tasks copy.INFO  [x] Sent [05/22/21 13:18:10, 177.8]
2023-09-23 00:26:40,237.v1_emitter_of_smoker_tasks copy.INFO  [x] Sent [05/22/21 13:18:10, ]
2023-09-23 00:26:40,246.v1_emitter_of_smoker_tasks copy.INFO  [x] Sent [05/22/21 13:18:10, ]
2023-09-23 00:26:41,262.v1_emitter_of_smoker_tasks copy.INFO  [x] Sent [05/22/21 13:18:15, 177.8]
2023-09-23 00:26:41,269.v1_emitter_of_smoker_tasks copy.INFO  [x] Sent [05/22/21 13:18:15, ]
2023-09-23 00:26:41,277.v1_emitter_of_smoker_tasks copy.INFO  [x] Sent [05/22/21 13:18:15, ]
2023-09-23 00:26:42,292.v1_emitter_of_smoker_tasks copy.INFO  [x] Sent [05/22/21 13:19:10, 178.9]
2023-09-23 00:26:42,298.v1_emitter_of_smoker_tasks copy.INFO  [x] Sent [05/22/21 13:19:10, ]
2023-09-23 00:26:42,305.v1_emitter_of_smoker_tasks copy.INFO  [x] Sent [05/22/21 13:19:10, ]
2023-09-23 00:26:43,326.v1_emitter_of_smoker_tasks copy.INFO  [x] Sent [05/22/21 13:19:15, 178.9]
2023-09-23 00:26:43,333.v1_emitter_of_smoker_tasks copy.INFO  [x] Sent [05/22/21 13:19:15, ]
2023-09-23 00:26:43,341.v1_emitter_of_smoker_tasks copy.INFO  [x] Sent [05/22/21 13:19:15, ]
2023-09-23 00:26:44,354.v1_emitter_of_smoker_tasks copy.INFO  [x] Sent [05/22/21 13:20:10, 180.3]
2023-09-23 00:26:44,360.v1_emitter_of_smoker_tasks copy.INFO  [x] Sent [05/22/21 13:20:10, ]
2023-09-23 00:26:44,367.v1_emitter_of_smoker_tasks copy.INFO  [x] Sent [05/22/21 13:20:10, ]
2023-09-23 00:26:45,389.v1_emitter_of_smoker_tasks copy.INFO  [x] Sent [05/22/21 13:20:15, 180.3]
2023-09-23 00:26:45,395.v1_emitter_of_smoker_tasks copy.INFO  [x] Sent [05/22/21 13:20:15, ]
2023-09-23 00:26:45,403.v1_emitter_of_smoker_tasks copy.INFO  [x] Sent [05/22/21 13:20:15, ]
2023-09-23 00:26:46,419.v1_emitter_of_smoker_tasks copy.INFO  [x] Sent [05/22/21 13:21:10, 181.4]
2023-09-23 00:26:46,425.v1_emitter_of_smoker_tasks copy.INFO  [x] Sent [05/22/21 13:21:10, ]
2023-09-23 00:26:46,436.v1_emitter_of_smoker_tasks copy.INFO  [x] Sent [05/22/21 13:21:10, ]
2023-09-23 00:26:47,452.v1_emitter_of_smoker_tasks copy.INFO  [x] Sent [05/22/21 13:21:15, 181.4]
2023-09-23 00:26:47,458.v1_emitter_of_smoker_tasks copy.INFO  [x] Sent [05/22/21 13:21:15, ]
2023-09-23 00:26:47,467.v1_emitter_of_smoker_tasks copy.INFO  [x] Sent [05/22/21 13:21:15, ]
2023-09-23 00:26:48,481.v1_emitter_of_smoker_tasks copy.INFO  [x] Sent [05/22/21 13:22:10, 182.6]
2023-09-23 00:26:48,488.v1_emitter_of_smoker_tasks copy.INFO  [x] Sent [05/22/21 13:22:10, ]
2023-09-23 00:26:48,495.v1_emitter_of_smoker_tasks copy.INFO  [x] Sent [05/22/21 13:22:10, ]
2023-09-23 00:26:49,514.v1_emitter_of_smoker_tasks copy.INFO  [x] Sent [05/22/21 13:22:15, 182.6]
2023-09-23 00:26:49,520.v1_emitter_of_smoker_tasks copy.INFO  [x] Sent [05/22/21 13:22:15, ]
2023-09-23 00:26:49,528.v1_emitter_of_smoker_tasks copy.INFO  [x] Sent [05/22/21 13:22:15, ]
2023-09-23 00:26:50,537.v1_emitter_of_smoker_tasks copy.INFO  [x] Sent [05/22/21 13:23:10, 183.9]
2023-09-23 00:26:50,546.v1_emitter_of_smoker_tasks copy.INFO  [x] Sent [05/22/21 13:23:10, ]
2023-09-23 00:26:50,552.v1_emitter_of_smoker_tasks copy.INFO  [x] Sent [05/22/21 13:23:10, ]
2023-09-23 00:26:51,569.v1_emitter_of_smoker_tasks copy.INFO  [x] Sent [05/22/21 13:23:15, 183.9]
2023-09-23 00:26:51,577.v1_emitter_of_smoker_tasks copy.INFO  [x] Sent [05/22/21 13:23:15, ]
2023-09-23 00:26:51,584.v1_emitter_of_smoker_tasks copy.INFO  [x] Sent [05/22/21 13:23:15, ]
2023-09-23 00:26:52,616.v1_emitter_of_smoker_tasks copy.INFO  [x] Sent [05/22/21 13:24:10, 184.8]
2023-09-23 00:26:52,624.v1_emitter_of_smoker_tasks copy.INFO  [x] Sent [05/22/21 13:24:10, ]
2023-09-23 00:26:52,632.v1_emitter_of_smoker_tasks copy.INFO  [x] Sent [05/22/21 13:24:10, ]
2023-09-23 00:26:53,655.v1_emitter_of_smoker_tasks copy.INFO  [x] Sent [05/22/21 13:24:15, 184.8]
2023-09-23 00:26:53,661.v1_emitter_of_smoker_tasks copy.INFO  [x] Sent [05/22/21 13:24:15, ]
2023-09-23 00:26:53,670.v1_emitter_of_smoker_tasks copy.INFO  [x] Sent [05/22/21 13:24:15, ]
2023-09-23 00:26:54,688.v1_emitter_of_smoker_tasks copy.INFO  [x] Sent [05/22/21 13:25:10, 186.0]
2023-09-23 00:26:54,693.v1_emitter_of_smoker_tasks copy.INFO  [x] Sent [05/22/21 13:25:10, ]
2023-09-23 00:26:54,700.v1_emitter_of_smoker_tasks copy.INFO  [x] Sent [05/22/21 13:25:10, ]
2023-09-23 00:26:55,713.v1_emitter_of_smoker_tasks copy.INFO  [x] Sent [05/22/21 13:25:15, 186.0]
2023-09-23 00:26:55,718.v1_emitter_of_smoker_tasks copy.INFO  [x] Sent [05/22/21 13:25:15, ]
2023-09-23 00:26:55,724.v1_emitter_of_smoker_tasks copy.INFO  [x] Sent [05/22/21 13:25:15, ]
2023-09-23 00:26:56,737.v1_emitter_of_smoker_tasks copy.INFO  [x] Sent [05/22/21 13:26:10, 187.1]
2023-09-23 00:26:56,742.v1_emitter_of_smoker_tasks copy.INFO  [x] Sent [05/22/21 13:26:10, ]
2023-09-23 00:26:56,749.v1_emitter_of_smoker_tasks copy.INFO  [x] Sent [05/22/21 13:26:10, ]
2023-09-23 00:26:57,772.v1_emitter_of_smoker_tasks copy.INFO  [x] Sent [05/22/21 13:26:15, 187.1]
2023-09-23 00:26:57,778.v1_emitter_of_smoker_tasks copy.INFO  [x] Sent [05/22/21 13:26:15, ]
2023-09-23 00:26:57,783.v1_emitter_of_smoker_tasks copy.INFO  [x] Sent [05/22/21 13:26:15, ]
2023-09-23 00:26:58,822.v1_emitter_of_smoker_tasks copy.INFO  [x] Sent [05/22/21 13:27:10, 211.9]
2023-09-23 00:26:58,829.v1_emitter_of_smoker_tasks copy.INFO  [x] Sent [05/22/21 13:27:10, ]
2023-09-23 00:26:58,835.v1_emitter_of_smoker_tasks copy.INFO  [x] Sent [05/22/21 13:27:10, ]
2023-09-23 00:26:59,856.v1_emitter_of_smoker_tasks copy.INFO  [x] Sent [05/22/21 13:27:15, 211.9]
2023-09-23 00:26:59,864.v1_emitter_of_smoker_tasks copy.INFO  [x] Sent [05/22/21 13:27:15, ]
2023-09-23 00:26:59,871.v1_emitter_of_smoker_tasks copy.INFO  [x] Sent [05/22/21 13:27:15, ]
2023-09-23 00:27:00,883.v1_emitter_of_smoker_tasks copy.INFO  [x] Sent [05/22/21 13:28:10, 215.3]
2023-09-23 00:27:00,890.v1_emitter_of_smoker_tasks copy.INFO  [x] Sent [05/22/21 13:28:10, ]
2023-09-23 00:27:00,897.v1_emitter_of_smoker_tasks copy.INFO  [x] Sent [05/22/21 13:28:10, ]
2023-09-23 00:27:01,912.v1_emitter_of_smoker_tasks copy.INFO  [x] Sent [05/22/21 13:28:15, 215.3]
2023-09-23 00:27:01,918.v1_emitter_of_smoker_tasks copy.INFO  [x] Sent [05/22/21 13:28:15, ]
2023-09-23 00:27:01,926.v1_emitter_of_smoker_tasks copy.INFO  [x] Sent [05/22/21 13:28:15, ]
2023-09-23 00:27:02,942.v1_emitter_of_smoker_tasks copy.INFO  [x] Sent [05/22/21 13:29:10, 217.0]
2023-09-23 00:27:02,948.v1_emitter_of_smoker_tasks copy.INFO  [x] Sent [05/22/21 13:29:10, ]
2023-09-23 00:27:02,958.v1_emitter_of_smoker_tasks copy.INFO  [x] Sent [05/22/21 13:29:10, ]
2023-09-23 00:27:03,975.v1_emitter_of_smoker_tasks copy.INFO  [x] Sent [05/22/21 13:29:15, 217.0]
2023-09-23 00:27:03,982.v1_emitter_of_smoker_tasks copy.INFO  [x] Sent [05/22/21 13:29:15, ]
2023-09-23 00:27:03,990.v1_emitter_of_smoker_tasks copy.INFO  [x] Sent [05/22/21 13:29:15, ]
2023-09-23 00:27:05,006.v1_emitter_of_smoker_tasks copy.INFO  [x] Sent [05/22/21 13:30:10, 218.6]
2023-09-23 00:27:05,013.v1_emitter_of_smoker_tasks copy.INFO  [x] Sent [05/22/21 13:30:10, ]
2023-09-23 00:27:05,020.v1_emitter_of_smoker_tasks copy.INFO  [x] Sent [05/22/21 13:30:10, ]
2023-09-23 00:27:06,034.v1_emitter_of_smoker_tasks copy.INFO  [x] Sent [05/22/21 13:30:15, 218.6]
2023-09-23 00:27:06,041.v1_emitter_of_smoker_tasks copy.INFO  [x] Sent [05/22/21 13:30:15, ]
2023-09-23 00:27:06,049.v1_emitter_of_smoker_tasks copy.INFO  [x] Sent [05/22/21 13:30:15, ]
2023-09-23 00:27:07,063.v1_emitter_of_smoker_tasks copy.INFO  [x] Sent [05/22/21 13:31:10, 218.5]
2023-09-23 00:27:07,069.v1_emitter_of_smoker_tasks copy.INFO  [x] Sent [05/22/21 13:31:10, ]
2023-09-23 00:27:07,078.v1_emitter_of_smoker_tasks copy.INFO  [x] Sent [05/22/21 13:31:10, ]
2023-09-23 00:27:08,098.v1_emitter_of_smoker_tasks copy.INFO  [x] Sent [05/22/21 13:31:15, 218.5]
2023-09-23 00:27:08,105.v1_emitter_of_smoker_tasks copy.INFO  [x] Sent [05/22/21 13:31:15, ]
2023-09-23 00:27:08,112.v1_emitter_of_smoker_tasks copy.INFO  [x] Sent [05/22/21 13:31:15, ]
2023-09-23 00:27:09,123.v1_emitter_of_smoker_tasks copy.INFO  [x] Sent [05/22/21 13:32:10, 219.4]
2023-09-23 00:27:09,129.v1_emitter_of_smoker_tasks copy.INFO  [x] Sent [05/22/21 13:32:10, ]
2023-09-23 00:27:09,136.v1_emitter_of_smoker_tasks copy.INFO  [x] Sent [05/22/21 13:32:10, ]
2023-09-23 00:27:10,168.v1_emitter_of_smoker_tasks copy.INFO  [x] Sent [05/22/21 13:32:15, 219.4]
2023-09-23 00:27:10,176.v1_emitter_of_smoker_tasks copy.INFO  [x] Sent [05/22/21 13:32:15, ]
2023-09-23 00:27:10,185.v1_emitter_of_smoker_tasks copy.INFO  [x] Sent [05/22/21 13:32:15, ]
2023-09-23 00:27:11,202.v1_emitter_of_smoker_tasks copy.INFO  [x] Sent [05/22/21 13:33:10, 220.5]
2023-09-23 00:27:11,211.v1_emitter_of_smoker_tasks copy.INFO  [x] Sent [05/22/21 13:33:10, ]
2023-09-23 00:27:11,221.v1_emitter_of_smoker_tasks copy.INFO  [x] Sent [05/22/21 13:33:10, ]
2023-09-23 00:27:12,235.v1_emitter_of_smoker_tasks copy.INFO  [x] Sent [05/22/21 13:33:15, 220.5]
2023-09-23 00:27:12,242.v1_emitter_of_smoker_tasks copy.INFO  [x] Sent [05/22/21 13:33:15, ]
2023-09-23 00:27:12,249.v1_emitter_of_smoker_tasks copy.INFO  [x] Sent [05/22/21 13:33:15, ]
2023-09-23 00:27:13,270.v1_emitter_of_smoker_tasks copy.INFO  [x] Sent [05/22/21 13:34:10, 220.7]
2023-09-23 00:27:13,278.v1_emitter_of_smoker_tasks copy.INFO  [x] Sent [05/22/21 13:34:10, ]
2023-09-23 00:27:13,286.v1_emitter_of_smoker_tasks copy.INFO  [x] Sent [05/22/21 13:34:10, ]
2023-09-23 00:27:14,298.v1_emitter_of_smoker_tasks copy.INFO  [x] Sent [05/22/21 13:34:15, 220.7]
2023-09-23 00:27:14,306.v1_emitter_of_smoker_tasks copy.INFO  [x] Sent [05/22/21 13:34:15, ]
2023-09-23 00:27:14,316.v1_emitter_of_smoker_tasks copy.INFO  [x] Sent [05/22/21 13:34:15, ]
2023-09-23 00:27:15,327.v1_emitter_of_smoker_tasks copy.INFO  [x] Sent [05/22/21 13:35:10, 222.5]
2023-09-23 00:27:15,335.v1_emitter_of_smoker_tasks copy.INFO  [x] Sent [05/22/21 13:35:10, ]
2023-09-23 00:27:15,343.v1_emitter_of_smoker_tasks copy.INFO  [x] Sent [05/22/21 13:35:10, ]
2023-09-23 00:27:16,357.v1_emitter_of_smoker_tasks copy.INFO  [x] Sent [05/22/21 13:35:15, 222.5]
2023-09-23 00:27:16,363.v1_emitter_of_smoker_tasks copy.INFO  [x] Sent [05/22/21 13:35:15, ]
2023-09-23 00:27:16,371.v1_emitter_of_smoker_tasks copy.INFO  [x] Sent [05/22/21 13:35:15, ]
2023-09-23 00:27:17,387.v1_emitter_of_smoker_tasks copy.INFO  [x] Sent [05/22/21 13:36:10, 223.0]
2023-09-23 00:27:17,395.v1_emitter_of_smoker_tasks copy.INFO  [x] Sent [05/22/21 13:36:10, ]
2023-09-23 00:27:17,402.v1_emitter_of_smoker_tasks copy.INFO  [x] Sent [05/22/21 13:36:10, ]
2023-09-23 00:27:18,416.v1_emitter_of_smoker_tasks copy.INFO  [x] Sent [05/22/21 13:36:15, 223.0]
2023-09-23 00:27:18,421.v1_emitter_of_smoker_tasks copy.INFO  [x] Sent [05/22/21 13:36:15, ]
2023-09-23 00:27:18,429.v1_emitter_of_smoker_tasks copy.INFO  [x] Sent [05/22/21 13:36:15, ]
2023-09-23 00:27:19,446.v1_emitter_of_smoker_tasks copy.INFO  [x] Sent [05/22/21 13:37:10, 224.7]
2023-09-23 00:27:19,452.v1_emitter_of_smoker_tasks copy.INFO  [x] Sent [05/22/21 13:37:10, ]
2023-09-23 00:27:19,462.v1_emitter_of_smoker_tasks copy.INFO  [x] Sent [05/22/21 13:37:10, ]
2023-09-23 00:27:20,482.v1_emitter_of_smoker_tasks copy.INFO  [x] Sent [05/22/21 13:37:15, 224.7]
2023-09-23 00:27:20,489.v1_emitter_of_smoker_tasks copy.INFO  [x] Sent [05/22/21 13:37:15, ]
2023-09-23 00:27:20,496.v1_emitter_of_smoker_tasks copy.INFO  [x] Sent [05/22/21 13:37:15, ]
2023-09-23 00:27:21,511.v1_emitter_of_smoker_tasks copy.INFO  [x] Sent [05/22/21 13:38:10, 224.2]
2023-09-23 00:27:21,518.v1_emitter_of_smoker_tasks copy.INFO  [x] Sent [05/22/21 13:38:10, ]
2023-09-23 00:27:21,527.v1_emitter_of_smoker_tasks copy.INFO  [x] Sent [05/22/21 13:38:10, ]
2023-09-23 00:27:22,542.v1_emitter_of_smoker_tasks copy.INFO  [x] Sent [05/22/21 13:38:15, 224.2]
2023-09-23 00:27:22,548.v1_emitter_of_smoker_tasks copy.INFO  [x] Sent [05/22/21 13:38:15, ]
2023-09-23 00:27:22,554.v1_emitter_of_smoker_tasks copy.INFO  [x] Sent [05/22/21 13:38:15, ]
2023-09-23 00:27:23,573.v1_emitter_of_smoker_tasks copy.INFO  [x] Sent [05/22/21 13:39:10, 223.6]
2023-09-23 00:27:23,580.v1_emitter_of_smoker_tasks copy.INFO  [x] Sent [05/22/21 13:39:10, ]
2023-09-23 00:27:23,594.v1_emitter_of_smoker_tasks copy.INFO  [x] Sent [05/22/21 13:39:10, ]
2023-09-23 00:27:24,616.v1_emitter_of_smoker_tasks copy.INFO  [x] Sent [05/22/21 13:39:15, 223.6]
2023-09-23 00:27:24,623.v1_emitter_of_smoker_tasks copy.INFO  [x] Sent [05/22/21 13:39:15, ]
2023-09-23 00:27:24,630.v1_emitter_of_smoker_tasks copy.INFO  [x] Sent [05/22/21 13:39:15, ]
2023-09-23 00:27:25,649.v1_emitter_of_smoker_tasks copy.INFO  [x] Sent [05/22/21 13:40:10, 224.6]
2023-09-23 00:27:25,656.v1_emitter_of_smoker_tasks copy.INFO  [x] Sent [05/22/21 13:40:10, ]
2023-09-23 00:27:25,665.v1_emitter_of_smoker_tasks copy.INFO  [x] Sent [05/22/21 13:40:10, ]
2023-09-23 00:27:26,684.v1_emitter_of_smoker_tasks copy.INFO  [x] Sent [05/22/21 13:40:15, 224.6]
2023-09-23 00:27:26,693.v1_emitter_of_smoker_tasks copy.INFO  [x] Sent [05/22/21 13:40:15, ]
2023-09-23 00:27:26,700.v1_emitter_of_smoker_tasks copy.INFO  [x] Sent [05/22/21 13:40:15, ]
2023-09-23 00:27:27,713.v1_emitter_of_smoker_tasks copy.INFO  [x] Sent [05/22/21 13:41:10, 224.3]
2023-09-23 00:27:27,720.v1_emitter_of_smoker_tasks copy.INFO  [x] Sent [05/22/21 13:41:10, ]
2023-09-23 00:27:27,728.v1_emitter_of_smoker_tasks copy.INFO  [x] Sent [05/22/21 13:41:10, ]
2023-09-23 00:27:28,747.v1_emitter_of_smoker_tasks copy.INFO  [x] Sent [05/22/21 13:41:15, 224.3]
2023-09-23 00:27:28,754.v1_emitter_of_smoker_tasks copy.INFO  [x] Sent [05/22/21 13:41:15, ]
2023-09-23 00:27:28,761.v1_emitter_of_smoker_tasks copy.INFO  [x] Sent [05/22/21 13:41:15, ]
2023-09-23 00:27:29,782.v1_emitter_of_smoker_tasks copy.INFO  [x] Sent [05/22/21 13:42:10, 226.6]
2023-09-23 00:27:29,789.v1_emitter_of_smoker_tasks copy.INFO  [x] Sent [05/22/21 13:42:10, ]
2023-09-23 00:27:29,797.v1_emitter_of_smoker_tasks copy.INFO  [x] Sent [05/22/21 13:42:10, ]
2023-09-23 00:27:30,815.v1_emitter_of_smoker_tasks copy.INFO  [x] Sent [05/22/21 13:42:15, 226.6]
2023-09-23 00:27:30,822.v1_emitter_of_smoker_tasks copy.INFO  [x] Sent [05/22/21 13:42:15, ]
2023-09-23 00:27:30,829.v1_emitter_of_smoker_tasks copy.INFO  [x] Sent [05/22/21 13:42:15, ]
2023-09-23 00:27:31,867.v1_emitter_of_smoker_tasks copy.INFO  [x] Sent [05/22/21 13:43:10, 229.0]
2023-09-23 00:27:31,876.v1_emitter_of_smoker_tasks copy.INFO  [x] Sent [05/22/21 13:43:10, ]
2023-09-23 00:27:31,881.v1_emitter_of_smoker_tasks copy.INFO  [x] Sent [05/22/21 13:43:10, ]
2023-09-23 00:27:32,900.v1_emitter_of_smoker_tasks copy.INFO  [x] Sent [05/22/21 13:43:15, 229.0]
2023-09-23 00:27:32,905.v1_emitter_of_smoker_tasks copy.INFO  [x] Sent [05/22/21 13:43:15, ]
2023-09-23 00:27:32,914.v1_emitter_of_smoker_tasks copy.INFO  [x] Sent [05/22/21 13:43:15, ]
2023-09-23 00:27:33,930.v1_emitter_of_smoker_tasks copy.INFO  [x] Sent [05/22/21 13:44:10, 232.8]
2023-09-23 00:27:33,936.v1_emitter_of_smoker_tasks copy.INFO  [x] Sent [05/22/21 13:44:10, ]
2023-09-23 00:27:33,944.v1_emitter_of_smoker_tasks copy.INFO  [x] Sent [05/22/21 13:44:10, ]
2023-09-23 00:27:34,953.v1_emitter_of_smoker_tasks copy.INFO  [x] Sent [05/22/21 13:44:15, 232.8]
2023-09-23 00:27:34,960.v1_emitter_of_smoker_tasks copy.INFO  [x] Sent [05/22/21 13:44:15, ]
2023-09-23 00:27:34,967.v1_emitter_of_smoker_tasks copy.INFO  [x] Sent [05/22/21 13:44:15, ]
2023-09-23 00:27:35,984.v1_emitter_of_smoker_tasks copy.INFO  [x] Sent [05/22/21 13:45:10, 237.9]
2023-09-23 00:27:35,992.v1_emitter_of_smoker_tasks copy.INFO  [x] Sent [05/22/21 13:45:10, ]
2023-09-23 00:27:36,001.v1_emitter_of_smoker_tasks copy.INFO  [x] Sent [05/22/21 13:45:10, ]
2023-09-23 00:27:37,027.v1_emitter_of_smoker_tasks copy.INFO  [x] Sent [05/22/21 13:45:15, 237.9]
2023-09-23 00:27:37,035.v1_emitter_of_smoker_tasks copy.INFO  [x] Sent [05/22/21 13:45:15, ]
2023-09-23 00:27:37,041.v1_emitter_of_smoker_tasks copy.INFO  [x] Sent [05/22/21 13:45:15, ]
2023-09-23 00:27:38,056.v1_emitter_of_smoker_tasks copy.INFO  [x] Sent [05/22/21 13:46:10, 200.2]
2023-09-23 00:27:38,064.v1_emitter_of_smoker_tasks copy.INFO  [x] Sent [05/22/21 13:46:10, ]
2023-09-23 00:27:38,071.v1_emitter_of_smoker_tasks copy.INFO  [x] Sent [05/22/21 13:46:10, ]
2023-09-23 00:27:39,097.v1_emitter_of_smoker_tasks copy.INFO  [x] Sent [05/22/21 13:46:15, 200.2]
2023-09-23 00:27:39,105.v1_emitter_of_smoker_tasks copy.INFO  [x] Sent [05/22/21 13:46:15, ]
2023-09-23 00:27:39,110.v1_emitter_of_smoker_tasks copy.INFO  [x] Sent [05/22/21 13:46:15, ]
2023-09-23 00:27:40,127.v1_emitter_of_smoker_tasks copy.INFO  [x] Sent [05/22/21 13:46:35, ]
2023-09-23 00:27:40,133.v1_emitter_of_smoker_tasks copy.INFO  [x] Sent [05/22/21 13:46:35, 38.7]
2023-09-23 00:27:40,140.v1_emitter_of_smoker_tasks copy.INFO  [x] Sent [05/22/21 13:46:35, ]
2023-09-23 00:27:41,164.v1_emitter_of_smoker_tasks copy.INFO  [x] Sent [05/22/21 13:46:40, ]
2023-09-23 00:27:41,176.v1_emitter_of_smoker_tasks copy.INFO  [x] Sent [05/22/21 13:46:40, 38.7]
2023-09-23 00:27:41,184.v1_emitter_of_smoker_tasks copy.INFO  [x] Sent [05/22/21 13:46:40, 37.0]
2023-09-23 00:27:42,205.v1_emitter_of_smoker_tasks copy.INFO  [x] Sent [05/22/21 13:46:45, ]
2023-09-23 00:27:42,214.v1_emitter_of_smoker_tasks copy.INFO  [x] Sent [05/22/21 13:46:45, ]
2023-09-23 00:27:42,221.v1_emitter_of_smoker_tasks copy.INFO  [x] Sent [05/22/21 13:46:45, 37.0]
2023-09-23 00:27:43,235.v1_emitter_of_smoker_tasks copy.INFO  [x] Sent [05/22/21 13:47:10, 205.9]
2023-09-23 00:27:43,243.v1_emitter_of_smoker_tasks copy.INFO  [x] Sent [05/22/21 13:47:10, ]
2023-09-23 00:27:43,249.v1_emitter_of_smoker_tasks copy.INFO  [x] Sent [05/22/21 13:47:10, ]
2023-09-23 00:27:44,266.v1_emitter_of_smoker_tasks copy.INFO  [x] Sent [05/22/21 13:47:15, 205.9]
2023-09-23 00:27:44,273.v1_emitter_of_smoker_tasks copy.INFO  [x] Sent [05/22/21 13:47:15, ]
2023-09-23 00:27:44,281.v1_emitter_of_smoker_tasks copy.INFO  [x] Sent [05/22/21 13:47:15, ]
2023-09-23 00:27:45,298.v1_emitter_of_smoker_tasks copy.INFO  [x] Sent [05/22/21 13:47:35, ]
2023-09-23 00:27:45,306.v1_emitter_of_smoker_tasks copy.INFO  [x] Sent [05/22/21 13:47:35, 37.1]
2023-09-23 00:27:45,314.v1_emitter_of_smoker_tasks copy.INFO  [x] Sent [05/22/21 13:47:35, ]
2023-09-23 00:27:46,335.v1_emitter_of_smoker_tasks copy.INFO  [x] Sent [05/22/21 13:47:40, ]
2023-09-23 00:27:46,342.v1_emitter_of_smoker_tasks copy.INFO  [x] Sent [05/22/21 13:47:40, 37.1]
2023-09-23 00:27:46,350.v1_emitter_of_smoker_tasks copy.INFO  [x] Sent [05/22/21 13:47:40, 35.3]
2023-09-23 00:27:47,367.v1_emitter_of_smoker_tasks copy.INFO  [x] Sent [05/22/21 13:47:45, ]
2023-09-23 00:27:47,375.v1_emitter_of_smoker_tasks copy.INFO  [x] Sent [05/22/21 13:47:45, ]
2023-09-23 00:27:47,382.v1_emitter_of_smoker_tasks copy.INFO  [x] Sent [05/22/21 13:47:45, 35.3]
2023-09-23 00:27:48,396.v1_emitter_of_smoker_tasks copy.INFO  [x] Sent [05/22/21 13:48:10, 230.0]
2023-09-23 00:27:48,403.v1_emitter_of_smoker_tasks copy.INFO  [x] Sent [05/22/21 13:48:10, ]
2023-09-23 00:27:48,409.v1_emitter_of_smoker_tasks copy.INFO  [x] Sent [05/22/21 13:48:10, ]
2023-09-23 00:27:49,428.v1_emitter_of_smoker_tasks copy.INFO  [x] Sent [05/22/21 13:48:15, 230.0]
2023-09-23 00:27:49,435.v1_emitter_of_smoker_tasks copy.INFO  [x] Sent [05/22/21 13:48:15, ]
2023-09-23 00:27:49,443.v1_emitter_of_smoker_tasks copy.INFO  [x] Sent [05/22/21 13:48:15, ]
2023-09-23 00:27:50,457.v1_emitter_of_smoker_tasks copy.INFO  [x] Sent [05/22/21 13:48:35, ]
2023-09-23 00:27:50,464.v1_emitter_of_smoker_tasks copy.INFO  [x] Sent [05/22/21 13:48:35, 36.9]
2023-09-23 00:27:50,472.v1_emitter_of_smoker_tasks copy.INFO  [x] Sent [05/22/21 13:48:35, ]
2023-09-23 00:27:51,486.v1_emitter_of_smoker_tasks copy.INFO  [x] Sent [05/22/21 13:48:40, ]
2023-09-23 00:27:51,493.v1_emitter_of_smoker_tasks copy.INFO  [x] Sent [05/22/21 13:48:40, 36.9]
2023-09-23 00:27:51,501.v1_emitter_of_smoker_tasks copy.INFO  [x] Sent [05/22/21 13:48:40, 35.2]
2023-09-23 00:27:52,515.v1_emitter_of_smoker_tasks copy.INFO  [x] Sent [05/22/21 13:48:45, ]
2023-09-23 00:27:52,521.v1_emitter_of_smoker_tasks copy.INFO  [x] Sent [05/22/21 13:48:45, ]
2023-09-23 00:27:52,529.v1_emitter_of_smoker_tasks copy.INFO  [x] Sent [05/22/21 13:48:45, 35.2]
2023-09-23 00:27:53,546.v1_emitter_of_smoker_tasks copy.INFO  [x] Sent [05/22/21 13:49:10, 239.6]
2023-09-23 00:27:53,554.v1_emitter_of_smoker_tasks copy.INFO  [x] Sent [05/22/21 13:49:10, ]
2023-09-23 00:27:53,564.v1_emitter_of_smoker_tasks copy.INFO  [x] Sent [05/22/21 13:49:10, ]
2023-09-23 00:27:54,579.v1_emitter_of_smoker_tasks copy.INFO  [x] Sent [05/22/21 13:49:15, 239.6]
2023-09-23 00:27:54,585.v1_emitter_of_smoker_tasks copy.INFO  [x] Sent [05/22/21 13:49:15, ]
2023-09-23 00:27:54,592.v1_emitter_of_smoker_tasks copy.INFO  [x] Sent [05/22/21 13:49:15, ]
2023-09-23 00:27:55,610.v1_emitter_of_smoker_tasks copy.INFO  [x] Sent [05/22/21 13:49:35, ]
2023-09-23 00:27:55,616.v1_emitter_of_smoker_tasks copy.INFO  [x] Sent [05/22/21 13:49:35, 36.9]
2023-09-23 00:27:55,621.v1_emitter_of_smoker_tasks copy.INFO  [x] Sent [05/22/21 13:49:35, ]
2023-09-23 00:27:56,637.v1_emitter_of_smoker_tasks copy.INFO  [x] Sent [05/22/21 13:49:40, ]
2023-09-23 00:27:56,644.v1_emitter_of_smoker_tasks copy.INFO  [x] Sent [05/22/21 13:49:40, 36.9]
2023-09-23 00:27:56,651.v1_emitter_of_smoker_tasks copy.INFO  [x] Sent [05/22/21 13:49:40, 35.3]
2023-09-23 00:27:57,668.v1_emitter_of_smoker_tasks copy.INFO  [x] Sent [05/22/21 13:49:45, ]
2023-09-23 00:27:57,676.v1_emitter_of_smoker_tasks copy.INFO  [x] Sent [05/22/21 13:49:45, ]
2023-09-23 00:27:57,684.v1_emitter_of_smoker_tasks copy.INFO  [x] Sent [05/22/21 13:49:45, 35.3]
2023-09-23 00:27:58,700.v1_emitter_of_smoker_tasks copy.INFO  [x] Sent [05/22/21 13:50:10, 242.4]
2023-09-23 00:27:58,707.v1_emitter_of_smoker_tasks copy.INFO  [x] Sent [05/22/21 13:50:10, ]
2023-09-23 00:27:58,718.v1_emitter_of_smoker_tasks copy.INFO  [x] Sent [05/22/21 13:50:10, ]
2023-09-23 00:27:59,729.v1_emitter_of_smoker_tasks copy.INFO  [x] Sent [05/22/21 13:50:15, 242.4]
2023-09-23 00:27:59,736.v1_emitter_of_smoker_tasks copy.INFO  [x] Sent [05/22/21 13:50:15, ]
2023-09-23 00:27:59,744.v1_emitter_of_smoker_tasks copy.INFO  [x] Sent [05/22/21 13:50:15, ]
2023-09-23 00:28:00,762.v1_emitter_of_smoker_tasks copy.INFO  [x] Sent [05/22/21 13:50:35, ]
2023-09-23 00:28:00,768.v1_emitter_of_smoker_tasks copy.INFO  [x] Sent [05/22/21 13:50:35, 37.2]
2023-09-23 00:28:00,774.v1_emitter_of_smoker_tasks copy.INFO  [x] Sent [05/22/21 13:50:35, ]
2023-09-23 00:28:01,789.v1_emitter_of_smoker_tasks copy.INFO  [x] Sent [05/22/21 13:50:40, ]
2023-09-23 00:28:01,796.v1_emitter_of_smoker_tasks copy.INFO  [x] Sent [05/22/21 13:50:40, 37.2]
2023-09-23 00:28:01,805.v1_emitter_of_smoker_tasks copy.INFO  [x] Sent [05/22/21 13:50:40, 35.2]
2023-09-23 00:28:02,825.v1_emitter_of_smoker_tasks copy.INFO  [x] Sent [05/22/21 13:50:45, ]
2023-09-23 00:28:02,834.v1_emitter_of_smoker_tasks copy.INFO  [x] Sent [05/22/21 13:50:45, ]
2023-09-23 00:28:02,842.v1_emitter_of_smoker_tasks copy.INFO  [x] Sent [05/22/21 13:50:45, 35.2]
2023-09-23 00:28:03,858.v1_emitter_of_smoker_tasks copy.INFO  [x] Sent [05/22/21 13:51:10, 243.1]
2023-09-23 00:28:03,866.v1_emitter_of_smoker_tasks copy.INFO  [x] Sent [05/22/21 13:51:10, ]
2023-09-23 00:28:03,874.v1_emitter_of_smoker_tasks copy.INFO  [x] Sent [05/22/21 13:51:10, ]
2023-09-23 00:28:04,890.v1_emitter_of_smoker_tasks copy.INFO  [x] Sent [05/22/21 13:51:15, 243.1]
2023-09-23 00:28:04,898.v1_emitter_of_smoker_tasks copy.INFO  [x] Sent [05/22/21 13:51:15, ]
2023-09-23 00:28:04,905.v1_emitter_of_smoker_tasks copy.INFO  [x] Sent [05/22/21 13:51:15, ]
2023-09-23 00:28:05,918.v1_emitter_of_smoker_tasks copy.INFO  [x] Sent [05/22/21 13:51:35, ]
2023-09-23 00:28:05,925.v1_emitter_of_smoker_tasks copy.INFO  [x] Sent [05/22/21 13:51:35, 37.5]
2023-09-23 00:28:05,934.v1_emitter_of_smoker_tasks copy.INFO  [x] Sent [05/22/21 13:51:35, ]
2023-09-23 00:28:06,946.v1_emitter_of_smoker_tasks copy.INFO  [x] Sent [05/22/21 13:51:40, ]
2023-09-23 00:28:06,953.v1_emitter_of_smoker_tasks copy.INFO  [x] Sent [05/22/21 13:51:40, 37.5]
2023-09-23 00:28:06,960.v1_emitter_of_smoker_tasks copy.INFO  [x] Sent [05/22/21 13:51:40, 35.2]
2023-09-23 00:28:07,975.v1_emitter_of_smoker_tasks copy.INFO  [x] Sent [05/22/21 13:51:45, ]
2023-09-23 00:28:07,981.v1_emitter_of_smoker_tasks copy.INFO  [x] Sent [05/22/21 13:51:45, ]
2023-09-23 00:28:07,989.v1_emitter_of_smoker_tasks copy.INFO  [x] Sent [05/22/21 13:51:45, 35.2]
2023-09-23 00:28:09,017.v1_emitter_of_smoker_tasks copy.INFO  [x] Sent [05/22/21 13:52:10, 242.6]
2023-09-23 00:28:09,025.v1_emitter_of_smoker_tasks copy.INFO  [x] Sent [05/22/21 13:52:10, ]
2023-09-23 00:28:09,034.v1_emitter_of_smoker_tasks copy.INFO  [x] Sent [05/22/21 13:52:10, ]
2023-09-23 00:28:10,056.v1_emitter_of_smoker_tasks copy.INFO  [x] Sent [05/22/21 13:52:15, 242.6]
2023-09-23 00:28:10,062.v1_emitter_of_smoker_tasks copy.INFO  [x] Sent [05/22/21 13:52:15, ]
2023-09-23 00:28:10,071.v1_emitter_of_smoker_tasks copy.INFO  [x] Sent [05/22/21 13:52:15, ]
2023-09-23 00:28:11,095.v1_emitter_of_smoker_tasks copy.INFO  [x] Sent [05/22/21 13:52:35, ]
2023-09-23 00:28:11,101.v1_emitter_of_smoker_tasks copy.INFO  [x] Sent [05/22/21 13:52:35, 37.9]
2023-09-23 00:28:11,109.v1_emitter_of_smoker_tasks copy.INFO  [x] Sent [05/22/21 13:52:35, ]
2023-09-23 00:28:12,129.v1_emitter_of_smoker_tasks copy.INFO  [x] Sent [05/22/21 13:52:40, ]
2023-09-23 00:28:12,136.v1_emitter_of_smoker_tasks copy.INFO  [x] Sent [05/22/21 13:52:40, 37.9]
2023-09-23 00:28:12,145.v1_emitter_of_smoker_tasks copy.INFO  [x] Sent [05/22/21 13:52:40, 35.6]
2023-09-23 00:28:13,169.v1_emitter_of_smoker_tasks copy.INFO  [x] Sent [05/22/21 13:52:45, ]
2023-09-23 00:28:13,177.v1_emitter_of_smoker_tasks copy.INFO  [x] Sent [05/22/21 13:52:45, ]
2023-09-23 00:28:13,182.v1_emitter_of_smoker_tasks copy.INFO  [x] Sent [05/22/21 13:52:45, 35.6]
2023-09-23 00:28:14,198.v1_emitter_of_smoker_tasks copy.INFO  [x] Sent [05/22/21 13:53:10, 241.7]
2023-09-23 00:28:14,208.v1_emitter_of_smoker_tasks copy.INFO  [x] Sent [05/22/21 13:53:10, ]
2023-09-23 00:28:14,215.v1_emitter_of_smoker_tasks copy.INFO  [x] Sent [05/22/21 13:53:10, ]
2023-09-23 00:28:15,241.v1_emitter_of_smoker_tasks copy.INFO  [x] Sent [05/22/21 13:53:15, 241.7]
2023-09-23 00:28:15,249.v1_emitter_of_smoker_tasks copy.INFO  [x] Sent [05/22/21 13:53:15, ]
2023-09-23 00:28:15,254.v1_emitter_of_smoker_tasks copy.INFO  [x] Sent [05/22/21 13:53:15, ]
2023-09-23 00:28:16,267.v1_emitter_of_smoker_tasks copy.INFO  [x] Sent [05/22/21 13:53:35, ]
2023-09-23 00:28:16,273.v1_emitter_of_smoker_tasks copy.INFO  [x] Sent [05/22/21 13:53:35, 38.4]
2023-09-23 00:28:16,278.v1_emitter_of_smoker_tasks copy.INFO  [x] Sent [05/22/21 13:53:35, ]
2023-09-23 00:28:17,294.v1_emitter_of_smoker_tasks copy.INFO  [x] Sent [05/22/21 13:53:40, ]
2023-09-23 00:28:17,300.v1_emitter_of_smoker_tasks copy.INFO  [x] Sent [05/22/21 13:53:40, 38.4]
2023-09-23 00:28:17,308.v1_emitter_of_smoker_tasks copy.INFO  [x] Sent [05/22/21 13:53:40, 35.7]
2023-09-23 00:28:18,324.v1_emitter_of_smoker_tasks copy.INFO  [x] Sent [05/22/21 13:53:45, ]
2023-09-23 00:28:18,331.v1_emitter_of_smoker_tasks copy.INFO  [x] Sent [05/22/21 13:53:45, ]
2023-09-23 00:28:18,338.v1_emitter_of_smoker_tasks copy.INFO  [x] Sent [05/22/21 13:53:45, 35.7]
2023-09-23 00:28:19,364.v1_emitter_of_smoker_tasks copy.INFO  [x] Sent [05/22/21 13:54:10, 241.4]
2023-09-23 00:28:19,372.v1_emitter_of_smoker_tasks copy.INFO  [x] Sent [05/22/21 13:54:10, ]
2023-09-23 00:28:19,378.v1_emitter_of_smoker_tasks copy.INFO  [x] Sent [05/22/21 13:54:10, ]
2023-09-23 00:28:20,394.v1_emitter_of_smoker_tasks copy.INFO  [x] Sent [05/22/21 13:54:15, 241.4]
2023-09-23 00:28:20,401.v1_emitter_of_smoker_tasks copy.INFO  [x] Sent [05/22/21 13:54:15, ]
2023-09-23 00:28:20,410.v1_emitter_of_smoker_tasks copy.INFO  [x] Sent [05/22/21 13:54:15, ]
2023-09-23 00:28:21,422.v1_emitter_of_smoker_tasks copy.INFO  [x] Sent [05/22/21 13:54:35, ]
2023-09-23 00:28:21,429.v1_emitter_of_smoker_tasks copy.INFO  [x] Sent [05/22/21 13:54:35, 39.1]
2023-09-23 00:28:21,436.v1_emitter_of_smoker_tasks copy.INFO  [x] Sent [05/22/21 13:54:35, ]
2023-09-23 00:28:22,454.v1_emitter_of_smoker_tasks copy.INFO  [x] Sent [05/22/21 13:54:40, ]
2023-09-23 00:28:22,462.v1_emitter_of_smoker_tasks copy.INFO  [x] Sent [05/22/21 13:54:40, 39.1]
2023-09-23 00:28:22,469.v1_emitter_of_smoker_tasks copy.INFO  [x] Sent [05/22/21 13:54:40, 36.0]
2023-09-23 00:28:23,490.v1_emitter_of_smoker_tasks copy.INFO  [x] Sent [05/22/21 13:54:45, ]
2023-09-23 00:28:23,499.v1_emitter_of_smoker_tasks copy.INFO  [x] Sent [05/22/21 13:54:45, ]
2023-09-23 00:28:23,510.v1_emitter_of_smoker_tasks copy.INFO  [x] Sent [05/22/21 13:54:45, 36.0]
2023-09-23 00:28:24,535.v1_emitter_of_smoker_tasks copy.INFO  [x] Sent [05/22/21 13:55:10, 242.1]
2023-09-23 00:28:24,545.v1_emitter_of_smoker_tasks copy.INFO  [x] Sent [05/22/21 13:55:10, ]
2023-09-23 00:28:24,555.v1_emitter_of_smoker_tasks copy.INFO  [x] Sent [05/22/21 13:55:10, ]
2023-09-23 00:28:25,579.v1_emitter_of_smoker_tasks copy.INFO  [x] Sent [05/22/21 13:55:15, 242.1]
2023-09-23 00:28:25,594.v1_emitter_of_smoker_tasks copy.INFO  [x] Sent [05/22/21 13:55:15, ]
2023-09-23 00:28:25,602.v1_emitter_of_smoker_tasks copy.INFO  [x] Sent [05/22/21 13:55:15, ]
2023-09-23 00:28:26,623.v1_emitter_of_smoker_tasks copy.INFO  [x] Sent [05/22/21 13:55:35, ]
2023-09-23 00:28:26,630.v1_emitter_of_smoker_tasks copy.INFO  [x] Sent [05/22/21 13:55:35, 39.9]
2023-09-23 00:28:26,641.v1_emitter_of_smoker_tasks copy.INFO  [x] Sent [05/22/21 13:55:35, ]
2023-09-23 00:28:27,652.v1_emitter_of_smoker_tasks copy.INFO  [x] Sent [05/22/21 13:55:40, ]
2023-09-23 00:28:27,658.v1_emitter_of_smoker_tasks copy.INFO  [x] Sent [05/22/21 13:55:40, 39.9]
2023-09-23 00:28:27,667.v1_emitter_of_smoker_tasks copy.INFO  [x] Sent [05/22/21 13:55:40, 36.0]
2023-09-23 00:28:28,690.v1_emitter_of_smoker_tasks copy.INFO  [x] Sent [05/22/21 13:55:45, ]
2023-09-23 00:28:28,700.v1_emitter_of_smoker_tasks copy.INFO  [x] Sent [05/22/21 13:55:45, ]
2023-09-23 00:28:28,708.v1_emitter_of_smoker_tasks copy.INFO  [x] Sent [05/22/21 13:55:45, 36.0]
2023-09-23 00:28:29,735.v1_emitter_of_smoker_tasks copy.INFO  [x] Sent [05/22/21 13:56:10, 241.9]
2023-09-23 00:28:29,745.v1_emitter_of_smoker_tasks copy.INFO  [x] Sent [05/22/21 13:56:10, ]
2023-09-23 00:28:29,752.v1_emitter_of_smoker_tasks copy.INFO  [x] Sent [05/22/21 13:56:10, ]
2023-09-23 00:28:30,779.v1_emitter_of_smoker_tasks copy.INFO  [x] Sent [05/22/21 13:56:15, 241.9]
2023-09-23 00:28:30,791.v1_emitter_of_smoker_tasks copy.INFO  [x] Sent [05/22/21 13:56:15, ]
2023-09-23 00:28:30,803.v1_emitter_of_smoker_tasks copy.INFO  [x] Sent [05/22/21 13:56:15, ]
2023-09-23 00:28:31,819.v1_emitter_of_smoker_tasks copy.INFO  [x] Sent [05/22/21 13:56:35, ]
2023-09-23 00:28:31,831.v1_emitter_of_smoker_tasks copy.INFO  [x] Sent [05/22/21 13:56:35, 40.6]
2023-09-23 00:28:31,844.v1_emitter_of_smoker_tasks copy.INFO  [x] Sent [05/22/21 13:56:35, ]
2023-09-23 00:28:32,863.v1_emitter_of_smoker_tasks copy.INFO  [x] Sent [05/22/21 13:56:40, ]
2023-09-23 00:28:32,873.v1_emitter_of_smoker_tasks copy.INFO  [x] Sent [05/22/21 13:56:40, 40.6]
2023-09-23 00:28:32,907.v1_emitter_of_smoker_tasks copy.INFO  [x] Sent [05/22/21 13:56:40, 36.4]
2023-09-23 00:28:33,933.v1_emitter_of_smoker_tasks copy.INFO  [x] Sent [05/22/21 13:56:45, ]
2023-09-23 00:28:33,943.v1_emitter_of_smoker_tasks copy.INFO  [x] Sent [05/22/21 13:56:45, ]
2023-09-23 00:28:33,952.v1_emitter_of_smoker_tasks copy.INFO  [x] Sent [05/22/21 13:56:45, 36.4]
2023-09-23 00:28:34,976.v1_emitter_of_smoker_tasks copy.INFO  [x] Sent [05/22/21 13:57:10, 242.1]
2023-09-23 00:28:34,984.v1_emitter_of_smoker_tasks copy.INFO  [x] Sent [05/22/21 13:57:10, ]
2023-09-23 00:28:34,992.v1_emitter_of_smoker_tasks copy.INFO  [x] Sent [05/22/21 13:57:10, ]
2023-09-23 00:28:36,002.v1_emitter_of_smoker_tasks copy.INFO  [x] Sent [05/22/21 13:57:15, 242.1]
2023-09-23 00:28:36,009.v1_emitter_of_smoker_tasks copy.INFO  [x] Sent [05/22/21 13:57:15, ]
2023-09-23 00:28:36,018.v1_emitter_of_smoker_tasks copy.INFO  [x] Sent [05/22/21 13:57:15, ]
2023-09-23 00:28:37,042.v1_emitter_of_smoker_tasks copy.INFO  [x] Sent [05/22/21 13:57:35, ]
2023-09-23 00:28:37,048.v1_emitter_of_smoker_tasks copy.INFO  [x] Sent [05/22/21 13:57:35, 41.4]
2023-09-23 00:28:37,056.v1_emitter_of_smoker_tasks copy.INFO  [x] Sent [05/22/21 13:57:35, ]
2023-09-23 00:28:38,079.v1_emitter_of_smoker_tasks copy.INFO  [x] Sent [05/22/21 13:57:40, ]
2023-09-23 00:28:38,088.v1_emitter_of_smoker_tasks copy.INFO  [x] Sent [05/22/21 13:57:40, 41.4]
2023-09-23 00:28:38,095.v1_emitter_of_smoker_tasks copy.INFO  [x] Sent [05/22/21 13:57:40, 36.7]
2023-09-23 00:28:39,107.v1_emitter_of_smoker_tasks copy.INFO  [x] Sent [05/22/21 13:57:45, ]
2023-09-23 00:28:39,115.v1_emitter_of_smoker_tasks copy.INFO  [x] Sent [05/22/21 13:57:45, ]
2023-09-23 00:28:39,124.v1_emitter_of_smoker_tasks copy.INFO  [x] Sent [05/22/21 13:57:45, 36.7]
2023-09-23 00:28:40,135.v1_emitter_of_smoker_tasks copy.INFO  [x] Sent [05/22/21 13:58:10, 240.4]
2023-09-23 00:28:40,140.v1_emitter_of_smoker_tasks copy.INFO  [x] Sent [05/22/21 13:58:10, ]
2023-09-23 00:28:40,146.v1_emitter_of_smoker_tasks copy.INFO  [x] Sent [05/22/21 13:58:10, ]
2023-09-23 00:28:41,165.v1_emitter_of_smoker_tasks copy.INFO  [x] Sent [05/22/21 13:58:15, 240.4]
2023-09-23 00:28:41,171.v1_emitter_of_smoker_tasks copy.INFO  [x] Sent [05/22/21 13:58:15, ]
2023-09-23 00:28:41,179.v1_emitter_of_smoker_tasks copy.INFO  [x] Sent [05/22/21 13:58:15, ]
2023-09-23 00:28:42,193.v1_emitter_of_smoker_tasks copy.INFO  [x] Sent [05/22/21 13:58:35, ]
2023-09-23 00:28:42,199.v1_emitter_of_smoker_tasks copy.INFO  [x] Sent [05/22/21 13:58:35, 42.2]
2023-09-23 00:28:42,205.v1_emitter_of_smoker_tasks copy.INFO  [x] Sent [05/22/21 13:58:35, ]
2023-09-23 00:28:43,227.v1_emitter_of_smoker_tasks copy.INFO  [x] Sent [05/22/21 13:58:40, ]
2023-09-23 00:28:43,233.v1_emitter_of_smoker_tasks copy.INFO  [x] Sent [05/22/21 13:58:40, 42.2]
2023-09-23 00:28:43,239.v1_emitter_of_smoker_tasks copy.INFO  [x] Sent [05/22/21 13:58:40, 37.1]
2023-09-23 00:28:44,257.v1_emitter_of_smoker_tasks copy.INFO  [x] Sent [05/22/21 13:58:45, ]
2023-09-23 00:28:44,264.v1_emitter_of_smoker_tasks copy.INFO  [x] Sent [05/22/21 13:58:45, ]
2023-09-23 00:28:44,272.v1_emitter_of_smoker_tasks copy.INFO  [x] Sent [05/22/21 13:58:45, 37.1]
2023-09-23 00:28:45,285.v1_emitter_of_smoker_tasks copy.INFO  [x] Sent [05/22/21 13:59:10, 240.2]
2023-09-23 00:28:45,292.v1_emitter_of_smoker_tasks copy.INFO  [x] Sent [05/22/21 13:59:10, ]
2023-09-23 00:28:45,299.v1_emitter_of_smoker_tasks copy.INFO  [x] Sent [05/22/21 13:59:10, ]
2023-09-23 00:28:46,323.v1_emitter_of_smoker_tasks copy.INFO  [x] Sent [05/22/21 13:59:15, 240.2]
2023-09-23 00:28:46,331.v1_emitter_of_smoker_tasks copy.INFO  [x] Sent [05/22/21 13:59:15, ]
2023-09-23 00:28:46,338.v1_emitter_of_smoker_tasks copy.INFO  [x] Sent [05/22/21 13:59:15, ]
2023-09-23 00:28:47,350.v1_emitter_of_smoker_tasks copy.INFO  [x] Sent [05/22/21 13:59:35, ]
2023-09-23 00:28:47,357.v1_emitter_of_smoker_tasks copy.INFO  [x] Sent [05/22/21 13:59:35, 43.1]
2023-09-23 00:28:47,363.v1_emitter_of_smoker_tasks copy.INFO  [x] Sent [05/22/21 13:59:35, ]
2023-09-23 00:28:48,376.v1_emitter_of_smoker_tasks copy.INFO  [x] Sent [05/22/21 13:59:40, ]
2023-09-23 00:28:48,381.v1_emitter_of_smoker_tasks copy.INFO  [x] Sent [05/22/21 13:59:40, 43.1]
2023-09-23 00:28:48,388.v1_emitter_of_smoker_tasks copy.INFO  [x] Sent [05/22/21 13:59:40, 37.6]
2023-09-23 00:28:49,405.v1_emitter_of_smoker_tasks copy.INFO  [x] Sent [05/22/21 13:59:45, ]
2023-09-23 00:28:49,411.v1_emitter_of_smoker_tasks copy.INFO  [x] Sent [05/22/21 13:59:45, ]
2023-09-23 00:28:49,418.v1_emitter_of_smoker_tasks copy.INFO  [x] Sent [05/22/21 13:59:45, 37.6]
2023-09-23 00:28:50,433.v1_emitter_of_smoker_tasks copy.INFO  [x] Sent [05/22/21 14:00:10, 240.1]
2023-09-23 00:28:50,441.v1_emitter_of_smoker_tasks copy.INFO  [x] Sent [05/22/21 14:00:10, ]
2023-09-23 00:28:50,448.v1_emitter_of_smoker_tasks copy.INFO  [x] Sent [05/22/21 14:00:10, ]
