2023-09-23 00:35:11,464.v1_emitter_of_smoker_tasks_copy.INFO ==================================================
2023-09-23 00:35:11,464.v1_emitter_of_smoker_tasks_copy.INFO Today is 2023-09-23 at 12:35 AM
2023-09-23 00:35:11,464.v1_emitter_of_smoker_tasks_copy.INFO Running on: nt Windows 10
2023-09-23 00:35:11,466.v1_emitter_of_smoker_tasks_copy.INFO Python version:  3.9.12
2023-09-23 00:35:11,466.v1_emitter_of_smoker_tasks_copy.INFO Python path: C:\Users\alhal\miniconda3
2023-09-23 00:35:11,466.v1_emitter_of_smoker_tasks_copy.INFO Working dir: C:\Users\alhal\OneDrive\Documents\44-671\streaming-05-smart-smoker
2023-09-23 00:35:11,467.v1_emitter_of_smoker_tasks_copy.INFO ==================================================
2023-09-23 00:35:11,483.v1_emitter_of_smoker_tasks_copy.INFO  [x] Sent [05/22/21 12:20:15, 84.2]
2023-09-23 00:35:11,491.v1_emitter_of_smoker_tasks_copy.INFO  [x] Sent [05/22/21 12:20:15, ]
2023-09-23 00:35:11,500.v1_emitter_of_smoker_tasks_copy.INFO  [x] Sent [05/22/21 12:20:15, ]
2023-09-23 00:35:12,523.v1_emitter_of_smoker_tasks_copy.INFO  [x] Sent [05/22/21 12:20:20, 84.2]
2023-09-23 00:35:12,533.v1_emitter_of_smoker_tasks_copy.INFO  [x] Sent [05/22/21 12:20:20, ]
2023-09-23 00:35:12,540.v1_emitter_of_smoker_tasks_copy.INFO  [x] Sent [05/22/21 12:20:20, ]
2023-09-23 00:35:13,553.v1_emitter_of_smoker_tasks_copy.INFO  [x] Sent [05/22/21 12:21:10, 87.6]
2023-09-23 00:35:13,561.v1_emitter_of_smoker_tasks_copy.INFO  [x] Sent [05/22/21 12:21:10, ]
2023-09-23 00:35:13,568.v1_emitter_of_smoker_tasks_copy.INFO  [x] Sent [05/22/21 12:21:10, ]
2023-09-23 00:35:14,580.v1_emitter_of_smoker_tasks_copy.INFO  [x] Sent [05/22/21 12:21:15, 87.6]
2023-09-23 00:35:14,587.v1_emitter_of_smoker_tasks_copy.INFO  [x] Sent [05/22/21 12:21:15, ]
2023-09-23 00:35:14,592.v1_emitter_of_smoker_tasks_copy.INFO  [x] Sent [05/22/21 12:21:15, ]
2023-09-23 00:35:15,609.v1_emitter_of_smoker_tasks_copy.INFO  [x] Sent [05/22/21 12:22:10, 86.3]
2023-09-23 00:35:15,616.v1_emitter_of_smoker_tasks_copy.INFO  [x] Sent [05/22/21 12:22:10, ]
2023-09-23 00:35:15,621.v1_emitter_of_smoker_tasks_copy.INFO  [x] Sent [05/22/21 12:22:10, ]
2023-09-23 00:35:16,640.v1_emitter_of_smoker_tasks_copy.INFO  [x] Sent [05/22/21 12:22:15, 86.3]
2023-09-23 00:35:16,648.v1_emitter_of_smoker_tasks_copy.INFO  [x] Sent [05/22/21 12:22:15, ]
2023-09-23 00:35:16,654.v1_emitter_of_smoker_tasks_copy.INFO  [x] Sent [05/22/21 12:22:15, ]
2023-09-23 00:35:17,669.v1_emitter_of_smoker_tasks_copy.INFO  [x] Sent [05/22/21 12:23:10, 92.0]
2023-09-23 00:35:17,678.v1_emitter_of_smoker_tasks_copy.INFO  [x] Sent [05/22/21 12:23:10, ]
2023-09-23 00:35:17,683.v1_emitter_of_smoker_tasks_copy.INFO  [x] Sent [05/22/21 12:23:10, ]
2023-09-23 00:35:18,702.v1_emitter_of_smoker_tasks_copy.INFO  [x] Sent [05/22/21 12:23:15, 92.0]
2023-09-23 00:35:18,711.v1_emitter_of_smoker_tasks_copy.INFO  [x] Sent [05/22/21 12:23:15, ]
2023-09-23 00:35:18,717.v1_emitter_of_smoker_tasks_copy.INFO  [x] Sent [05/22/21 12:23:15, ]
2023-09-23 00:35:19,728.v1_emitter_of_smoker_tasks_copy.INFO  [x] Sent [05/22/21 12:24:10, 96.8]
2023-09-23 00:35:19,737.v1_emitter_of_smoker_tasks_copy.INFO  [x] Sent [05/22/21 12:24:10, ]
2023-09-23 00:35:19,743.v1_emitter_of_smoker_tasks_copy.INFO  [x] Sent [05/22/21 12:24:10, ]
2023-09-23 00:35:20,758.v1_emitter_of_smoker_tasks_copy.INFO  [x] Sent [05/22/21 12:24:15, 96.8]
2023-09-23 00:35:20,766.v1_emitter_of_smoker_tasks_copy.INFO  [x] Sent [05/22/21 12:24:15, ]
2023-09-23 00:35:20,772.v1_emitter_of_smoker_tasks_copy.INFO  [x] Sent [05/22/21 12:24:15, ]
2023-09-23 00:35:21,780.v1_emitter_of_smoker_tasks_copy.INFO  [x] Sent [05/22/21 12:25:05, 100.6]
2023-09-23 00:35:21,788.v1_emitter_of_smoker_tasks_copy.INFO  [x] Sent [05/22/21 12:25:05, ]
2023-09-23 00:35:21,795.v1_emitter_of_smoker_tasks_copy.INFO  [x] Sent [05/22/21 12:25:05, ]
2023-09-23 00:35:22,815.v1_emitter_of_smoker_tasks_copy.INFO  [x] Sent [05/22/21 12:25:10, 100.9]
2023-09-23 00:35:22,823.v1_emitter_of_smoker_tasks_copy.INFO  [x] Sent [05/22/21 12:25:10, ]
2023-09-23 00:35:22,828.v1_emitter_of_smoker_tasks_copy.INFO  [x] Sent [05/22/21 12:25:10, ]
2023-09-23 00:35:23,839.v1_emitter_of_smoker_tasks_copy.INFO  [x] Sent [05/22/21 12:25:15, 100.9]
2023-09-23 00:35:23,847.v1_emitter_of_smoker_tasks_copy.INFO  [x] Sent [05/22/21 12:25:15, ]
2023-09-23 00:35:23,852.v1_emitter_of_smoker_tasks_copy.INFO  [x] Sent [05/22/21 12:25:15, ]
2023-09-23 00:35:24,869.v1_emitter_of_smoker_tasks_copy.INFO  [x] Sent [05/22/21 12:26:10, 104.8]
2023-09-23 00:35:24,879.v1_emitter_of_smoker_tasks_copy.INFO  [x] Sent [05/22/21 12:26:10, ]
2023-09-23 00:35:24,884.v1_emitter_of_smoker_tasks_copy.INFO  [x] Sent [05/22/21 12:26:10, ]
2023-09-23 00:35:25,902.v1_emitter_of_smoker_tasks_copy.INFO  [x] Sent [05/22/21 12:26:15, 104.8]
2023-09-23 00:35:25,911.v1_emitter_of_smoker_tasks_copy.INFO  [x] Sent [05/22/21 12:26:15, ]
2023-09-23 00:35:25,916.v1_emitter_of_smoker_tasks_copy.INFO  [x] Sent [05/22/21 12:26:15, ]
2023-09-23 00:35:26,931.v1_emitter_of_smoker_tasks_copy.INFO  [x] Sent [05/22/21 12:27:10, 108.2]
2023-09-23 00:35:26,940.v1_emitter_of_smoker_tasks_copy.INFO  [x] Sent [05/22/21 12:27:10, ]
2023-09-23 00:35:26,945.v1_emitter_of_smoker_tasks_copy.INFO  [x] Sent [05/22/21 12:27:10, ]
2023-09-23 00:35:27,967.v1_emitter_of_smoker_tasks_copy.INFO  [x] Sent [05/22/21 12:27:15, 108.2]
2023-09-23 00:35:27,976.v1_emitter_of_smoker_tasks_copy.INFO  [x] Sent [05/22/21 12:27:15, ]
2023-09-23 00:35:27,981.v1_emitter_of_smoker_tasks_copy.INFO  [x] Sent [05/22/21 12:27:15, ]
2023-09-23 00:35:29,003.v1_emitter_of_smoker_tasks_copy.INFO  [x] Sent [05/22/21 12:28:10, 111.4]
2023-09-23 00:35:29,013.v1_emitter_of_smoker_tasks_copy.INFO  [x] Sent [05/22/21 12:28:10, ]
2023-09-23 00:35:29,020.v1_emitter_of_smoker_tasks_copy.INFO  [x] Sent [05/22/21 12:28:10, ]
2023-09-23 00:35:30,037.v1_emitter_of_smoker_tasks_copy.INFO  [x] Sent [05/22/21 12:28:15, 111.4]
2023-09-23 00:35:30,047.v1_emitter_of_smoker_tasks_copy.INFO  [x] Sent [05/22/21 12:28:15, ]
2023-09-23 00:35:30,053.v1_emitter_of_smoker_tasks_copy.INFO  [x] Sent [05/22/21 12:28:15, ]
2023-09-23 00:35:31,067.v1_emitter_of_smoker_tasks_copy.INFO  [x] Sent [05/22/21 12:29:10, 114.2]
2023-09-23 00:35:31,074.v1_emitter_of_smoker_tasks_copy.INFO  [x] Sent [05/22/21 12:29:10, ]
2023-09-23 00:35:31,080.v1_emitter_of_smoker_tasks_copy.INFO  [x] Sent [05/22/21 12:29:10, ]
2023-09-23 00:35:32,095.v1_emitter_of_smoker_tasks_copy.INFO  [x] Sent [05/22/21 12:29:15, 114.2]
2023-09-23 00:35:32,103.v1_emitter_of_smoker_tasks_copy.INFO  [x] Sent [05/22/21 12:29:15, ]
2023-09-23 00:35:32,108.v1_emitter_of_smoker_tasks_copy.INFO  [x] Sent [05/22/21 12:29:15, ]
2023-09-23 00:35:33,126.v1_emitter_of_smoker_tasks_copy.INFO  [x] Sent [05/22/21 12:30:10, 116.9]
2023-09-23 00:35:33,133.v1_emitter_of_smoker_tasks_copy.INFO  [x] Sent [05/22/21 12:30:10, ]
2023-09-23 00:35:33,139.v1_emitter_of_smoker_tasks_copy.INFO  [x] Sent [05/22/21 12:30:10, ]
