2023-09-29 23:40:36,652.v3_listening_worker.INFO ==================================================
2023-09-29 23:40:36,653.v3_listening_worker.INFO Today is 2023-09-29 at 11:40 PM
2023-09-29 23:40:36,653.v3_listening_worker.INFO Running on: nt Windows 10
2023-09-29 23:40:36,654.v3_listening_worker.INFO Python version:  3.9.12
2023-09-29 23:40:36,655.v3_listening_worker.INFO Python path: C:\Users\alhal\miniconda3
2023-09-29 23:40:36,658.v3_listening_worker.INFO Working dir: C:\Users\alhal\OneDrive\Documents\44-671\streaming-05-smart-smoker
2023-09-29 23:40:36,658.v3_listening_worker.INFO ==================================================
2023-09-29 23:40:36,686.v3_listening_worker.INFO  [*] Ready for work. To exit press CTRL+C
2023-09-29 23:40:37,568.v3_listening_worker.INFO  [x] Received 05/22/21 12:34:15,103.5
2023-09-29 23:40:37,568.v3_listening_worker.INFO  [x] Done.
2023-09-29 23:40:38,618.v3_listening_worker.INFO  [x] Received 05/22/21 12:35:10,105.3
2023-09-29 23:40:38,618.v3_listening_worker.INFO  [x] Done.
2023-09-29 23:40:39,668.v3_listening_worker.INFO  [x] Received 05/22/21 12:35:15,105.3
2023-09-29 23:40:39,668.v3_listening_worker.INFO  [x] Done.
2023-09-29 23:40:40,725.v3_listening_worker.INFO  [x] Received 05/22/21 12:36:10,106.9
2023-09-29 23:40:40,726.v3_listening_worker.INFO  [x] Done.
2023-09-29 23:40:41,809.v3_listening_worker.INFO  [x] Received 05/22/21 12:36:15,106.9
2023-09-29 23:40:41,809.v3_listening_worker.INFO  [x] Done.
2023-09-29 23:40:42,862.v3_listening_worker.INFO  [x] Received 05/22/21 12:37:10,111.9
2023-09-29 23:40:42,863.v3_listening_worker.INFO  [x] Done.
2023-09-29 23:40:43,939.v3_listening_worker.INFO  [x] Received 05/22/21 12:37:15,111.9
2023-09-29 23:40:43,940.v3_listening_worker.INFO  [x] Done.
2023-09-29 23:40:44,985.v3_listening_worker.INFO  [x] Received 05/22/21 12:38:10,114.2
2023-09-29 23:40:44,985.v3_listening_worker.INFO  [x] Done.
2023-09-29 23:40:46,049.v3_listening_worker.INFO  [x] Received 05/22/21 12:38:15,114.2
2023-09-29 23:40:46,050.v3_listening_worker.INFO  [x] Done.
2023-09-29 23:40:47,111.v3_listening_worker.INFO  [x] Received 05/22/21 12:39:10,115.5
2023-09-29 23:40:47,112.v3_listening_worker.INFO  [x] Done.
2023-09-29 23:40:48,167.v3_listening_worker.INFO  [x] Received 05/22/21 12:39:15,115.5
2023-09-29 23:40:48,168.v3_listening_worker.INFO  [x] Done.
2023-09-29 23:40:49,222.v3_listening_worker.INFO  [x] Received 05/22/21 12:40:10,112.6
2023-09-29 23:40:49,223.v3_listening_worker.INFO  [x] Done.
2023-09-29 23:40:50,281.v3_listening_worker.INFO  [x] Received 05/22/21 12:40:15,112.6
2023-09-29 23:40:50,281.v3_listening_worker.INFO  [x] Done.
2023-09-29 23:40:51,337.v3_listening_worker.INFO  [x] Received 05/22/21 12:41:10,118.8
2023-09-29 23:40:51,338.v3_listening_worker.INFO  [x] Done.
2023-09-29 23:40:52,396.v3_listening_worker.INFO  [x] Received 05/22/21 12:41:15,118.8
2023-09-29 23:40:52,396.v3_listening_worker.INFO  [x] Done.
2023-09-29 23:40:53,462.v3_listening_worker.INFO  [x] Received 05/22/21 12:42:10,113.2
2023-09-29 23:40:53,462.v3_listening_worker.INFO  [x] Done.
2023-09-29 23:40:54,528.v3_listening_worker.INFO  [x] Received 05/22/21 12:42:15,113.2
2023-09-29 23:40:54,528.v3_listening_worker.INFO  [x] Done.
2023-09-29 23:40:55,590.v3_listening_worker.INFO  [x] Received 05/22/21 12:43:10,126.7
2023-09-29 23:40:55,591.v3_listening_worker.INFO  [x] Done.
2023-09-29 23:40:56,650.v3_listening_worker.INFO  [x] Received 05/22/21 12:43:15,126.7
2023-09-29 23:40:56,650.v3_listening_worker.INFO  [x] Done.
2023-09-29 23:40:57,694.v3_listening_worker.INFO  [x] Received 05/22/21 12:44:10,130.0
2023-09-29 23:40:57,695.v3_listening_worker.INFO  [x] Done.
2023-09-29 23:40:58,749.v3_listening_worker.INFO  [x] Received 05/22/21 12:44:15,130.0
2023-09-29 23:40:58,749.v3_listening_worker.INFO  [x] Done.
2023-09-29 23:40:59,803.v3_listening_worker.INFO  [x] Received 05/22/21 12:45:10,130.0
2023-09-29 23:40:59,803.v3_listening_worker.INFO  [x] Done.
2023-09-29 23:41:00,867.v3_listening_worker.INFO  [x] Received 05/22/21 12:45:15,130.0
2023-09-29 23:41:00,867.v3_listening_worker.INFO  [x] Done.
2023-09-29 23:41:01,925.v3_listening_worker.INFO  [x] Received 05/22/21 12:46:10,137.3
2023-09-29 23:41:01,925.v3_listening_worker.INFO  [x] Done.
2023-09-29 23:41:03,008.v3_listening_worker.INFO  [x] Received 05/22/21 12:46:15,137.3
2023-09-29 23:41:03,008.v3_listening_worker.INFO  [x] Done.
2023-09-29 23:41:04,078.v3_listening_worker.INFO  [x] Received 05/22/21 12:47:10,139.5
2023-09-29 23:41:04,078.v3_listening_worker.INFO  [x] Done.
2023-09-29 23:41:05,145.v3_listening_worker.INFO  [x] Received 05/22/21 12:47:15,139.5
2023-09-29 23:41:05,145.v3_listening_worker.INFO  [x] Done.
2023-09-29 23:41:06,198.v3_listening_worker.INFO  [x] Received 05/22/21 12:48:10,141.8
2023-09-29 23:41:06,198.v3_listening_worker.INFO  [x] Done.
2023-09-29 23:41:07,254.v3_listening_worker.INFO  [x] Received 05/22/21 12:48:15,141.8
2023-09-29 23:41:07,255.v3_listening_worker.INFO  [x] Done.
2023-09-29 23:41:08,316.v3_listening_worker.INFO  [x] Received 05/22/21 12:49:10,143.6
2023-09-29 23:41:08,317.v3_listening_worker.INFO  [x] Done.
2023-09-29 23:41:09,400.v3_listening_worker.INFO  [x] Received 05/22/21 12:49:15,143.6
2023-09-29 23:41:09,401.v3_listening_worker.INFO  [x] Done.
2023-09-29 23:41:10,473.v3_listening_worker.INFO  [x] Received 05/22/21 12:50:10,145.0
2023-09-29 23:41:10,474.v3_listening_worker.INFO  [x] Done.
2023-09-29 23:41:11,541.v3_listening_worker.INFO  [x] Received 05/22/21 12:50:15,145.0
2023-09-29 23:41:11,541.v3_listening_worker.INFO  [x] Done.
2023-09-29 23:41:12,597.v3_listening_worker.INFO  [x] Received 05/22/21 12:51:10,146.2
2023-09-29 23:41:12,598.v3_listening_worker.INFO  [x] Done.
2023-09-29 23:41:13,652.v3_listening_worker.INFO  [x] Received 05/22/21 12:51:15,146.2
2023-09-29 23:41:13,652.v3_listening_worker.INFO  [x] Done.
2023-09-29 23:41:14,700.v3_listening_worker.INFO  [x] Received 05/22/21 12:52:10,147.5
2023-09-29 23:41:14,700.v3_listening_worker.INFO  [x] Done.
2023-09-29 23:41:15,747.v3_listening_worker.INFO  [x] Received 05/22/21 12:52:15,147.5
2023-09-29 23:41:15,747.v3_listening_worker.INFO  [x] Done.
2023-09-29 23:41:16,797.v3_listening_worker.INFO  [x] Received 05/22/21 12:53:10,148.7
2023-09-29 23:41:16,797.v3_listening_worker.INFO  [x] Done.
2023-09-29 23:41:17,893.v3_listening_worker.INFO  [x] Received 05/22/21 12:53:15,148.7
2023-09-29 23:41:17,894.v3_listening_worker.INFO  [x] Done.
2023-09-29 23:41:18,942.v3_listening_worker.INFO  [x] Received 05/22/21 12:54:10,149.9
2023-09-29 23:41:18,942.v3_listening_worker.INFO  [x] Done.
2023-09-29 23:41:19,997.v3_listening_worker.INFO  [x] Received 05/22/21 12:54:15,149.9
2023-09-29 23:41:19,998.v3_listening_worker.INFO  [x] Done.
2023-09-29 23:41:21,064.v3_listening_worker.INFO  [x] Received 05/22/21 12:55:05,151.1
2023-09-29 23:41:21,065.v3_listening_worker.INFO  [x] Done.
2023-09-29 23:41:22,118.v3_listening_worker.INFO  [x] Received 05/22/21 12:55:10,151.2
2023-09-29 23:41:22,118.v3_listening_worker.INFO  [x] Done.
2023-09-29 23:41:23,213.v3_listening_worker.INFO  [x] Received 05/22/21 12:55:15,151.2
2023-09-29 23:41:23,214.v3_listening_worker.INFO  [x] Done.
2023-09-29 23:41:24,262.v3_listening_worker.INFO  [x] Received 05/22/21 12:56:10,152.4
2023-09-29 23:41:24,262.v3_listening_worker.INFO  [x] Done.
2023-09-29 23:41:25,309.v3_listening_worker.INFO  [x] Received 05/22/21 12:56:15,152.4
2023-09-29 23:41:25,310.v3_listening_worker.INFO  [x] Done.
2023-09-29 23:41:26,354.v3_listening_worker.INFO  [x] Received 05/22/21 12:57:10,153.4
2023-09-29 23:41:26,355.v3_listening_worker.INFO  [x] Done.
2023-09-29 23:41:27,408.v3_listening_worker.INFO  [x] Received 05/22/21 12:57:15,153.4
2023-09-29 23:41:27,409.v3_listening_worker.INFO  [x] Done.
2023-09-29 23:41:28,491.v3_listening_worker.INFO  [x] Received 05/22/21 12:58:10,154.5
2023-09-29 23:41:28,492.v3_listening_worker.INFO  [x] Done.
2023-09-29 23:41:29,547.v3_listening_worker.INFO  [x] Received 05/22/21 12:58:15,154.5
2023-09-29 23:41:29,548.v3_listening_worker.INFO  [x] Done.
2023-09-29 23:41:30,640.v3_listening_worker.INFO  [x] Received 05/22/21 12:59:10,155.6
2023-09-29 23:41:30,640.v3_listening_worker.INFO  [x] Done.
2023-09-29 23:41:31,727.v3_listening_worker.INFO  [x] Received 05/22/21 12:59:15,155.6
2023-09-29 23:41:31,728.v3_listening_worker.INFO  [x] Done.
2023-09-29 23:41:32,794.v3_listening_worker.INFO  [x] Received 05/22/21 13:00:10,156.5
2023-09-29 23:41:32,795.v3_listening_worker.INFO  [x] Done.
2023-09-29 23:41:33,859.v3_listening_worker.INFO  [x] Received 05/22/21 13:00:15,156.5
2023-09-29 23:41:33,860.v3_listening_worker.INFO  [x] Done.
2023-09-29 23:41:34,924.v3_listening_worker.INFO  [x] Received 05/22/21 13:01:10,157.8
2023-09-29 23:41:34,924.v3_listening_worker.INFO  [x] Done.
2023-09-29 23:41:36,020.v3_listening_worker.INFO  [x] Received 05/22/21 13:01:15,157.8
2023-09-29 23:41:36,021.v3_listening_worker.INFO  [x] Done.
2023-09-29 23:41:37,094.v3_listening_worker.INFO  [x] Received 05/22/21 13:02:10,158.8
2023-09-29 23:41:37,095.v3_listening_worker.INFO  [x] Done.
2023-09-29 23:41:38,175.v3_listening_worker.INFO  [x] Received 05/22/21 13:02:15,158.8
2023-09-29 23:41:38,175.v3_listening_worker.INFO  [x] Done.
2023-09-29 23:41:39,233.v3_listening_worker.INFO  [x] Received 05/22/21 13:03:10,159.9
2023-09-29 23:41:39,234.v3_listening_worker.INFO  [x] Done.
2023-09-29 23:41:40,295.v3_listening_worker.INFO  [x] Received 05/22/21 13:03:15,159.9
2023-09-29 23:41:40,295.v3_listening_worker.INFO  [x] Done.
2023-09-29 23:41:41,342.v3_listening_worker.INFO  [x] Received 05/22/21 13:04:10,160.7
2023-09-29 23:41:41,342.v3_listening_worker.INFO  [x] Done.
2023-09-29 23:41:42,395.v3_listening_worker.INFO  [x] Received 05/22/21 13:04:15,160.7
2023-09-29 23:41:42,396.v3_listening_worker.INFO  [x] Done.
2023-09-29 23:41:43,487.v3_listening_worker.INFO  [x] Received 05/22/21 13:05:10,161.9
2023-09-29 23:41:43,488.v3_listening_worker.INFO  [x] Done.
2023-09-29 23:41:44,542.v3_listening_worker.INFO  [x] Received 05/22/21 13:05:15,161.9
2023-09-29 23:41:44,542.v3_listening_worker.INFO  [x] Done.
2023-09-29 23:41:45,622.v3_listening_worker.INFO  [x] Received 05/22/21 13:06:10,163.1
2023-09-29 23:41:45,623.v3_listening_worker.INFO  [x] Done.
2023-09-29 23:41:46,719.v3_listening_worker.INFO  [x] Received 05/22/21 13:06:15,163.1
2023-09-29 23:41:46,720.v3_listening_worker.INFO  [x] Done.
2023-09-29 23:41:47,805.v3_listening_worker.INFO  [x] Received 05/22/21 13:07:10,164.3
2023-09-29 23:41:47,805.v3_listening_worker.INFO  [x] Done.
2023-09-29 23:41:48,858.v3_listening_worker.INFO  [x] Received 05/22/21 13:07:15,164.3
2023-09-29 23:41:48,858.v3_listening_worker.INFO  [x] Done.
2023-09-29 23:41:49,928.v3_listening_worker.INFO  [x] Received 05/22/21 13:08:10,165.6
2023-09-29 23:41:49,928.v3_listening_worker.INFO  [x] Done.
2023-09-29 23:41:51,010.v3_listening_worker.INFO  [x] Received 05/22/21 13:08:15,165.6
2023-09-29 23:41:51,010.v3_listening_worker.INFO  [x] Done.
2023-09-29 23:41:52,065.v3_listening_worker.INFO  [x] Received 05/22/21 13:09:10,166.7
2023-09-29 23:41:52,065.v3_listening_worker.INFO  [x] Done.
2023-09-29 23:41:53,154.v3_listening_worker.INFO  [x] Received 05/22/21 13:09:15,166.7
2023-09-29 23:41:53,154.v3_listening_worker.INFO  [x] Done.
2023-09-29 23:41:54,240.v3_listening_worker.INFO  [x] Received 05/22/21 13:10:10,167.8
2023-09-29 23:41:54,240.v3_listening_worker.INFO  [x] Done.
2023-09-29 23:41:55,312.v3_listening_worker.INFO  [x] Received 05/22/21 13:10:15,167.8
2023-09-29 23:41:55,312.v3_listening_worker.INFO  [x] Done.
2023-09-29 23:41:56,358.v3_listening_worker.INFO  [x] Received 05/22/21 13:11:10,168.8
2023-09-29 23:41:56,358.v3_listening_worker.INFO  [x] Done.
2023-09-29 23:41:57,416.v3_listening_worker.INFO  [x] Received 05/22/21 13:11:15,168.8
2023-09-29 23:41:57,416.v3_listening_worker.INFO  [x] Done.
2023-09-29 23:41:58,511.v3_listening_worker.INFO  [x] Received 05/22/21 13:12:10,170.2
2023-09-29 23:41:58,512.v3_listening_worker.INFO  [x] Done.
2023-09-29 23:41:59,563.v3_listening_worker.INFO  [x] Received 05/22/21 13:12:15,170.2
2023-09-29 23:41:59,563.v3_listening_worker.INFO  [x] Done.
2023-09-29 23:42:00,629.v3_listening_worker.INFO  [x] Received 05/22/21 13:13:10,171.7
2023-09-29 23:42:00,629.v3_listening_worker.INFO  [x] Done.
2023-09-29 23:42:01,692.v3_listening_worker.INFO  [x] Received 05/22/21 13:13:15,171.7
2023-09-29 23:42:01,692.v3_listening_worker.INFO  [x] Done.
2023-09-29 23:42:02,765.v3_listening_worker.INFO  [x] Received 05/22/21 13:14:10,173.3
2023-09-29 23:42:02,766.v3_listening_worker.INFO  [x] Done.
2023-09-29 23:42:03,817.v3_listening_worker.INFO  [x] Received 05/22/21 13:14:15,173.3
2023-09-29 23:42:03,817.v3_listening_worker.INFO  [x] Done.
2023-09-29 23:42:04,855.v3_listening_worker.INFO  [x] Received 05/22/21 13:15:10,174.6
2023-09-29 23:42:04,855.v3_listening_worker.INFO  [x] Done.
2023-09-29 23:42:05,904.v3_listening_worker.INFO  [x] Received 05/22/21 13:15:15,174.6
2023-09-29 23:42:05,904.v3_listening_worker.INFO  [x] Done.
2023-09-29 23:42:06,958.v3_listening_worker.INFO  [x] Received 05/22/21 13:16:10,175.5
2023-09-29 23:42:06,959.v3_listening_worker.INFO  [x] Done.
2023-09-29 23:42:08,023.v3_listening_worker.INFO  [x] Received 05/22/21 13:16:15,175.5
2023-09-29 23:42:08,024.v3_listening_worker.INFO  [x] Done.
2023-09-29 23:42:09,090.v3_listening_worker.INFO  [x] Received 05/22/21 13:17:10,176.8
2023-09-29 23:42:09,091.v3_listening_worker.INFO  [x] Done.
2023-09-29 23:42:10,176.v3_listening_worker.INFO  [x] Received 05/22/21 13:17:15,176.8
2023-09-29 23:42:10,177.v3_listening_worker.INFO  [x] Done.
2023-09-29 23:42:11,251.v3_listening_worker.INFO  [x] Received 05/22/21 13:18:10,177.8
2023-09-29 23:42:11,252.v3_listening_worker.INFO  [x] Done.
2023-09-29 23:42:12,293.v3_listening_worker.INFO  [x] Received 05/22/21 13:18:15,177.8
2023-09-29 23:42:12,294.v3_listening_worker.INFO  [x] Done.
2023-09-29 23:42:13,330.v3_listening_worker.INFO  [x] Received 05/22/21 13:19:10,178.9
2023-09-29 23:42:13,330.v3_listening_worker.INFO  [x] Done.
2023-09-29 23:42:14,370.v3_listening_worker.INFO  [x] Received 05/22/21 13:19:15,178.9
2023-09-29 23:42:14,370.v3_listening_worker.INFO  [x] Done.
2023-09-29 23:42:15,407.v3_listening_worker.INFO  [x] Received 05/22/21 13:20:10,180.3
2023-09-29 23:42:15,407.v3_listening_worker.INFO  [x] Done.
2023-09-29 23:42:16,473.v3_listening_worker.INFO  [x] Received 05/22/21 13:20:15,180.3
2023-09-29 23:42:16,474.v3_listening_worker.INFO  [x] Done.
2023-09-29 23:42:17,528.v3_listening_worker.INFO  [x] Received 05/22/21 13:21:10,181.4
2023-09-29 23:42:17,529.v3_listening_worker.INFO  [x] Done.
2023-09-29 23:42:18,566.v3_listening_worker.INFO  [x] Received 05/22/21 13:21:15,181.4
2023-09-29 23:42:18,566.v3_listening_worker.INFO  [x] Done.
2023-09-29 23:42:19,626.v3_listening_worker.INFO  [x] Received 05/22/21 13:22:10,182.6
2023-09-29 23:42:19,626.v3_listening_worker.INFO  [x] Done.
2023-09-29 23:42:20,673.v3_listening_worker.INFO  [x] Received 05/22/21 13:22:15,182.6
2023-09-29 23:42:20,673.v3_listening_worker.INFO  [x] Done.
2023-09-29 23:42:21,735.v3_listening_worker.INFO  [x] Received 05/22/21 13:23:10,183.9
2023-09-29 23:42:21,735.v3_listening_worker.INFO  [x] Done.
2023-09-29 23:42:22,791.v3_listening_worker.INFO  [x] Received 05/22/21 13:23:15,183.9
2023-09-29 23:42:22,791.v3_listening_worker.INFO  [x] Done.
2023-09-29 23:42:23,846.v3_listening_worker.INFO  [x] Received 05/22/21 13:24:10,184.8
2023-09-29 23:42:23,846.v3_listening_worker.INFO  [x] Done.
2023-09-29 23:42:24,894.v3_listening_worker.INFO  [x] Received 05/22/21 13:24:15,184.8
2023-09-29 23:42:24,894.v3_listening_worker.INFO  [x] Done.
2023-09-29 23:42:25,947.v3_listening_worker.INFO  [x] Received 05/22/21 13:25:10,186.0
2023-09-29 23:42:25,947.v3_listening_worker.INFO  [x] Done.
2023-09-29 23:42:27,002.v3_listening_worker.INFO  [x] Received 05/22/21 13:25:15,186.0
2023-09-29 23:42:27,002.v3_listening_worker.INFO  [x] Done.
2023-09-29 23:42:28,056.v3_listening_worker.INFO  [x] Received 05/22/21 13:26:10,187.1
2023-09-29 23:42:28,056.v3_listening_worker.INFO  [x] Done.
2023-09-29 23:42:29,090.v3_listening_worker.INFO  [x] Received 05/22/21 13:26:15,187.1
2023-09-29 23:42:29,090.v3_listening_worker.INFO  [x] Done.
2023-09-29 23:42:30,148.v3_listening_worker.INFO  [x] Received 05/22/21 13:27:10,211.9
2023-09-29 23:42:30,148.v3_listening_worker.INFO  [x] Done.
2023-09-29 23:42:31,206.v3_listening_worker.INFO  [x] Received 05/22/21 13:27:15,211.9
2023-09-29 23:42:31,206.v3_listening_worker.INFO  [x] Done.
2023-09-29 23:42:32,267.v3_listening_worker.INFO  [x] Received 05/22/21 13:28:10,215.3
2023-09-29 23:42:32,267.v3_listening_worker.INFO  [x] Done.
2023-09-29 23:42:33,313.v3_listening_worker.INFO  [x] Received 05/22/21 13:28:15,215.3
2023-09-29 23:42:33,314.v3_listening_worker.INFO  [x] Done.
2023-09-29 23:42:34,381.v3_listening_worker.INFO  [x] Received 05/22/21 13:29:10,217.0
2023-09-29 23:42:34,382.v3_listening_worker.INFO  [x] Done.
2023-09-29 23:42:35,433.v3_listening_worker.INFO  [x] Received 05/22/21 13:29:15,217.0
2023-09-29 23:42:35,433.v3_listening_worker.INFO  [x] Done.
2023-09-29 23:42:36,502.v3_listening_worker.INFO  [x] Received 05/22/21 13:30:10,218.6
2023-09-29 23:42:36,502.v3_listening_worker.INFO  [x] Done.
2023-09-29 23:42:37,557.v3_listening_worker.INFO  [x] Received 05/22/21 13:30:15,218.6
2023-09-29 23:42:37,557.v3_listening_worker.INFO  [x] Done.
2023-09-29 23:42:38,624.v3_listening_worker.INFO  [x] Received 05/22/21 13:31:10,218.5
2023-09-29 23:42:38,624.v3_listening_worker.INFO  [x] Done.
2023-09-29 23:42:39,678.v3_listening_worker.INFO  [x] Received 05/22/21 13:31:15,218.5
2023-09-29 23:42:39,678.v3_listening_worker.INFO  [x] Done.
2023-09-29 23:42:40,726.v3_listening_worker.INFO  [x] Received 05/22/21 13:32:10,219.4
2023-09-29 23:42:40,727.v3_listening_worker.INFO  [x] Done.
2023-09-29 23:42:41,790.v3_listening_worker.INFO  [x] Received 05/22/21 13:32:15,219.4
2023-09-29 23:42:41,790.v3_listening_worker.INFO  [x] Done.
2023-09-29 23:42:42,872.v3_listening_worker.INFO  [x] Received 05/22/21 13:33:10,220.5
2023-09-29 23:42:42,873.v3_listening_worker.INFO  [x] Done.
2023-09-29 23:42:43,930.v3_listening_worker.INFO  [x] Received 05/22/21 13:33:15,220.5
2023-09-29 23:42:43,931.v3_listening_worker.INFO  [x] Done.
2023-09-29 23:42:44,973.v3_listening_worker.INFO  [x] Received 05/22/21 13:34:10,220.7
2023-09-29 23:42:44,973.v3_listening_worker.INFO  [x] Done.
2023-09-29 23:42:46,014.v3_listening_worker.INFO  [x] Received 05/22/21 13:34:15,220.7
2023-09-29 23:42:46,015.v3_listening_worker.INFO  [x] Done.
2023-09-29 23:42:47,063.v3_listening_worker.INFO  [x] Received 05/22/21 13:35:10,222.5
2023-09-29 23:42:47,063.v3_listening_worker.INFO  [x] Done.
2023-09-29 23:42:48,105.v3_listening_worker.INFO  [x] Received 05/22/21 13:35:15,222.5
2023-09-29 23:42:48,105.v3_listening_worker.INFO  [x] Done.
2023-09-29 23:42:49,163.v3_listening_worker.INFO  [x] Received 05/22/21 13:36:10,223.0
2023-09-29 23:42:49,163.v3_listening_worker.INFO  [x] Done.
2023-09-29 23:42:50,236.v3_listening_worker.INFO  [x] Received 05/22/21 13:36:15,223.0
2023-09-29 23:42:50,237.v3_listening_worker.INFO  [x] Done.
2023-09-29 23:42:51,292.v3_listening_worker.INFO  [x] Received 05/22/21 13:37:10,224.7
2023-09-29 23:42:51,292.v3_listening_worker.INFO  [x] Done.
2023-09-29 23:42:52,354.v3_listening_worker.INFO  [x] Received 05/22/21 13:37:15,224.7
2023-09-29 23:42:52,354.v3_listening_worker.INFO  [x] Done.
2023-09-29 23:42:53,417.v3_listening_worker.INFO  [x] Received 05/22/21 13:38:10,224.2
2023-09-29 23:42:53,418.v3_listening_worker.INFO  [x] Done.
2023-09-29 23:42:54,471.v3_listening_worker.INFO  [x] Received 05/22/21 13:38:15,224.2
2023-09-29 23:42:54,471.v3_listening_worker.INFO  [x] Done.
2023-09-29 23:42:55,531.v3_listening_worker.INFO  [x] Received 05/22/21 13:39:10,223.6
2023-09-29 23:42:55,531.v3_listening_worker.INFO  [x] Done.
2023-09-29 23:42:56,609.v3_listening_worker.INFO  [x] Received 05/22/21 13:39:15,223.6
2023-09-29 23:42:56,609.v3_listening_worker.INFO  [x] Done.
2023-09-29 23:42:57,648.v3_listening_worker.INFO  [x] Received 05/22/21 13:40:10,224.6
2023-09-29 23:42:57,649.v3_listening_worker.INFO  [x] Done.
2023-09-29 23:42:58,703.v3_listening_worker.INFO  [x] Received 05/22/21 13:40:15,224.6
2023-09-29 23:42:58,704.v3_listening_worker.INFO  [x] Done.
2023-09-29 23:42:59,757.v3_listening_worker.INFO  [x] Received 05/22/21 13:41:10,224.3
2023-09-29 23:42:59,757.v3_listening_worker.INFO  [x] Done.
2023-09-29 23:43:00,803.v3_listening_worker.INFO  [x] Received 05/22/21 13:41:15,224.3
2023-09-29 23:43:00,803.v3_listening_worker.INFO  [x] Done.
2023-09-29 23:43:01,866.v3_listening_worker.INFO  [x] Received 05/22/21 13:42:10,226.6
2023-09-29 23:43:01,866.v3_listening_worker.INFO  [x] Done.
2023-09-29 23:43:02,924.v3_listening_worker.INFO  [x] Received 05/22/21 13:42:15,226.6
2023-09-29 23:43:02,924.v3_listening_worker.INFO  [x] Done.
2023-09-29 23:43:03,988.v3_listening_worker.INFO  [x] Received 05/22/21 13:43:10,229.0
2023-09-29 23:43:03,989.v3_listening_worker.INFO  [x] Done.
2023-09-29 23:43:05,053.v3_listening_worker.INFO  [x] Received 05/22/21 13:43:15,229.0
2023-09-29 23:43:05,054.v3_listening_worker.INFO  [x] Done.
2023-09-29 23:43:06,121.v3_listening_worker.INFO  [x] Received 05/22/21 13:44:10,232.8
2023-09-29 23:43:06,122.v3_listening_worker.INFO  [x] Done.
2023-09-29 23:43:07,185.v3_listening_worker.INFO  [x] Received 05/22/21 13:44:15,232.8
2023-09-29 23:43:07,186.v3_listening_worker.INFO  [x] Done.
2023-09-29 23:43:08,282.v3_listening_worker.INFO  [x] Received 05/22/21 13:45:10,237.9
2023-09-29 23:43:08,282.v3_listening_worker.INFO  [x] Done.
2023-09-29 23:43:09,335.v3_listening_worker.INFO  [x] Received 05/22/21 13:45:15,237.9
2023-09-29 23:43:09,335.v3_listening_worker.INFO  [x] Done.
2023-09-29 23:43:10,391.v3_listening_worker.INFO  [x] Received 05/22/21 13:46:10,200.2
2023-09-29 23:43:10,391.v3_listening_worker.INFO  [x] Done.
2023-09-29 23:43:11,437.v3_listening_worker.INFO  [x] Received 05/22/21 13:46:15,200.2
2023-09-29 23:43:11,437.v3_listening_worker.INFO  [x] Done.
2023-09-29 23:43:12,481.v3_listening_worker.INFO  [x] Received 05/22/21 13:46:35,No temperature
2023-09-29 23:43:12,482.v3_listening_worker.INFO  [x] Done.
2023-09-29 23:43:13,538.v3_listening_worker.INFO  [x] Received 05/22/21 13:46:40,No temperature
2023-09-29 23:43:13,539.v3_listening_worker.INFO  [x] Done.
2023-09-29 23:43:14,581.v3_listening_worker.INFO  [x] Received 05/22/21 13:46:45,No temperature
2023-09-29 23:43:14,582.v3_listening_worker.INFO  [x] Done.
2023-09-29 23:43:15,630.v3_listening_worker.INFO  [x] Received 05/22/21 13:47:10,205.9
2023-09-29 23:43:15,631.v3_listening_worker.INFO  [x] Done.
2023-09-29 23:43:16,693.v3_listening_worker.INFO  [x] Received 05/22/21 13:47:15,205.9
2023-09-29 23:43:16,693.v3_listening_worker.INFO  [x] Done.
2023-09-29 23:43:17,747.v3_listening_worker.INFO  [x] Received 05/22/21 13:47:35,No temperature
2023-09-29 23:43:17,749.v3_listening_worker.INFO  [x] Done.
2023-09-29 23:43:18,812.v3_listening_worker.INFO  [x] Received 05/22/21 13:47:40,No temperature
2023-09-29 23:43:18,813.v3_listening_worker.INFO  [x] Done.
2023-09-29 23:43:19,866.v3_listening_worker.INFO  [x] Received 05/22/21 13:47:45,No temperature
2023-09-29 23:43:19,867.v3_listening_worker.INFO  [x] Done.
2023-09-29 23:43:20,929.v3_listening_worker.INFO  [x] Received 05/22/21 13:48:10,230.0
2023-09-29 23:43:20,929.v3_listening_worker.INFO  [x] Done.
2023-09-29 23:43:21,982.v3_listening_worker.INFO  [x] Received 05/22/21 13:48:15,230.0
2023-09-29 23:43:21,982.v3_listening_worker.INFO  [x] Done.
2023-09-29 23:43:23,054.v3_listening_worker.INFO  [x] Received 05/22/21 13:48:35,No temperature
2023-09-29 23:43:23,054.v3_listening_worker.INFO  [x] Done.
2023-09-29 23:43:24,142.v3_listening_worker.INFO  [x] Received 05/22/21 13:48:40,No temperature
2023-09-29 23:43:24,142.v3_listening_worker.INFO  [x] Done.
2023-09-29 23:43:25,193.v3_listening_worker.INFO 
Closing connection. Goodbye.

